TN:
SF:src/App.tsx
FN:22,App
FNF:1
FNH:0
FNDA:0,App
DA:1,0
DA:2,0
DA:3,0
DA:4,0
DA:6,0
DA:7,0
DA:8,0
DA:9,0
DA:10,0
DA:13,0
DA:23,0
DA:46,0
LF:12
LH:0
BRF:0
BRH:0
end_of_record
TN:
SF:src/main.tsx
FNF:0
FNH:0
DA:1,0
DA:2,0
DA:3,0
DA:4,0
DA:6,0
LF:5
LH:0
BRF:0
BRH:0
end_of_record
TN:
SF:src/api/auth.ts
FN:14,(anonymous_0)
FN:19,(anonymous_1)
FN:24,(anonymous_2)
FN:28,(anonymous_3)
FN:33,(anonymous_4)
FN:38,(anonymous_5)
FN:42,(anonymous_6)
FN:46,(anonymous_7)
FN:50,(anonymous_8)
FNF:9
FNH:0
FNDA:0,(anonymous_0)
FNDA:0,(anonymous_1)
FNDA:0,(anonymous_2)
FNDA:0,(anonymous_3)
FNDA:0,(anonymous_4)
FNDA:0,(anonymous_5)
FNDA:0,(anonymous_6)
FNDA:0,(anonymous_7)
FNDA:0,(anonymous_8)
DA:1,0
DA:3,0
DA:11,0
DA:13,0
DA:15,0
DA:16,0
DA:20,0
DA:21,0
DA:25,0
DA:29,0
DA:30,0
DA:34,0
DA:35,0
DA:39,0
DA:43,0
DA:47,0
DA:51,0
LF:17
LH:0
BRDA:13,0,0,0
BRDA:13,0,1,0
BRF:2
BRH:0
end_of_record
TN:
SF:src/api/client.ts
FN:16,(anonymous_1)
FN:29,(anonymous_2)
FN:41,(anonymous_3)
FN:42,(anonymous_4)
FN:54,(anonymous_5)
FN:55,(anonymous_6)
FN:62,(anonymous_7)
FN:64,(anonymous_8)
FNF:8
FNH:0
FNDA:0,(anonymous_1)
FNDA:0,(anonymous_2)
FNDA:0,(anonymous_3)
FNDA:0,(anonymous_4)
FNDA:0,(anonymous_5)
FNDA:0,(anonymous_6)
FNDA:0,(anonymous_7)
FNDA:0,(anonymous_8)
DA:1,0
DA:2,0
DA:3,0
DA:5,0
DA:7,0
DA:15,0
DA:17,0
DA:18,0
DA:19,0
DA:23,0
DA:24,0
DA:27,0
DA:30,0
DA:35,0
DA:39,0
DA:41,0
DA:42,0
DA:43,0
DA:44,0
DA:46,0
DA:50,0
DA:53,0
DA:54,0
DA:56,0
DA:60,0
DA:61,0
DA:62,0
DA:63,0
DA:65,0
DA:66,0
DA:68,0
DA:72,0
DA:73,0
DA:75,0
DA:76,0
DA:77,0
DA:78,0
DA:81,0
DA:82,0
DA:84,0
DA:85,0
DA:87,0
DA:88,0
DA:91,0
DA:93,0
DA:94,0
DA:95,0
DA:96,0
DA:98,0
DA:103,0
DA:104,0
DA:105,0
DA:108,0
LF:53
LH:0
BRDA:5,0,0,0
BRDA:5,0,1,0
BRDA:18,1,0,0
BRDA:18,2,0,0
BRDA:18,2,1,0
BRDA:23,3,0,0
BRDA:41,4,0,0
BRDA:43,5,0,0
BRDA:43,5,1,0
BRDA:60,6,0,0
BRDA:60,7,0,0
BRDA:60,7,1,0
BRDA:61,8,0,0
BRDA:65,9,0,0
BRDA:77,10,0,0
BRDA:87,11,0,0
BRDA:103,12,0,0
BRDA:103,13,0,0
BRDA:103,13,1,0
BRDA:104,14,0,0
BRDA:104,14,1,0
BRF:21
BRH:0
end_of_record
TN:
SF:src/api/invitations.ts
FN:14,(anonymous_0)
FN:20,(anonymous_1)
FN:26,(anonymous_2)
FN:32,(anonymous_3)
FN:38,(anonymous_4)
FN:44,(anonymous_5)
FN:49,(anonymous_6)
FN:54,(anonymous_7)
FN:60,(anonymous_8)
FN:65,(anonymous_9)
FNF:10
FNH:0
FNDA:0,(anonymous_0)
FNDA:0,(anonymous_1)
FNDA:0,(anonymous_2)
FNDA:0,(anonymous_3)
FNDA:0,(anonymous_4)
FNDA:0,(anonymous_5)
FNDA:0,(anonymous_6)
FNDA:0,(anonymous_7)
FNDA:0,(anonymous_8)
FNDA:0,(anonymous_9)
DA:1,0
DA:12,0
DA:15,0
DA:16,0
DA:21,0
DA:22,0
DA:27,0
DA:28,0
DA:33,0
DA:34,0
DA:39,0
DA:40,0
DA:45,0
DA:50,0
DA:55,0
DA:56,0
DA:61,0
DA:66,0
DA:67,0
LF:19
LH:0
BRF:0
BRH:0
end_of_record
TN:
SF:src/api/mockAuth.ts
FN:26,(anonymous_0)
FN:26,(anonymous_1)
FN:29,(anonymous_2)
FN:44,(anonymous_3)
FN:61,(anonymous_4)
FN:66,(anonymous_5)
FN:76,(anonymous_6)
FN:81,(anonymous_7)
FN:86,(anonymous_8)
FN:91,(anonymous_9)
FN:96,(anonymous_10)
FNF:11
FNH:0
FNDA:0,(anonymous_0)
FNDA:0,(anonymous_1)
FNDA:0,(anonymous_2)
FNDA:0,(anonymous_3)
FNDA:0,(anonymous_4)
FNDA:0,(anonymous_5)
FNDA:0,(anonymous_6)
FNDA:0,(anonymous_7)
FNDA:0,(anonymous_8)
FNDA:0,(anonymous_9)
FNDA:0,(anonymous_10)
DA:9,0
DA:20,0
DA:26,0
DA:28,0
DA:30,0
DA:33,0
DA:38,0
DA:45,0
DA:47,0
DA:55,0
DA:62,0
DA:67,0
DA:68,0
DA:77,0
DA:78,0
DA:82,0
DA:83,0
DA:87,0
DA:88,0
DA:92,0
DA:93,0
DA:97,0
DA:98,0
LF:23
LH:0
BRDA:50,0,0,0
BRDA:50,0,1,0
BRDA:51,1,0,0
BRDA:51,1,1,0
BRF:4
BRH:0
end_of_record
TN:
SF:src/api/validation.ts
FN:37,(anonymous_0)
FN:39,(anonymous_1)
FN:45,checkEmailAvailability
FN:59,checkUsernameAvailability
FN:73,checkRecipeNameUniqueness
FN:86,checkTripNameUniqueness
FN:99,validateCustomRule
FN:144,batchValidate
FN:177,(anonymous_8)
FN:185,(anonymous_9)
FN:200,(anonymous_10)
FN:216,(anonymous_11)
FN:220,(anonymous_12)
FN:224,(anonymous_13)
FN:231,(anonymous_14)
FN:241,(anonymous_15)
FNF:16
FNH:0
FNDA:0,(anonymous_0)
FNDA:0,(anonymous_1)
FNDA:0,checkEmailAvailability
FNDA:0,checkUsernameAvailability
FNDA:0,checkRecipeNameUniqueness
FNDA:0,checkTripNameUniqueness
FNDA:0,validateCustomRule
FNDA:0,batchValidate
FNDA:0,(anonymous_8)
FNDA:0,(anonymous_9)
FNDA:0,(anonymous_10)
FNDA:0,(anonymous_11)
FNDA:0,(anonymous_12)
FNDA:0,(anonymous_13)
FNDA:0,(anonymous_14)
FNDA:0,(anonymous_15)
DA:9,0
DA:37,0
DA:38,0
DA:39,0
DA:45,0
DA:46,0
DA:49,0
DA:50,0
DA:53,0
DA:59,0
DA:60,0
DA:63,0
DA:64,0
DA:67,0
DA:73,0
DA:77,0
DA:79,0
DA:80,0
DA:86,0
DA:90,0
DA:92,0
DA:93,0
DA:99,0
DA:106,0
DA:108,0
DA:110,0
DA:116,0
DA:122,0
DA:123,0
DA:130,0
DA:131,0
DA:137,0
DA:144,0
DA:151,0
DA:153,0
DA:155,0
DA:156,0
DA:157,0
DA:158,0
DA:160,0
DA:167,0
DA:173,0
DA:174,0
DA:175,0
DA:178,0
DA:179,0
DA:186,0
DA:187,0
DA:190,0
DA:191,0
DA:194,0
DA:204,0
DA:206,0
DA:207,0
DA:210,0
DA:217,0
DA:221,0
DA:225,0
DA:226,0
DA:228,0
DA:232,0
DA:233,0
DA:235,0
DA:242,0
DA:243,0
DA:244,0
DA:245,0
DA:250,0
LF:68
LH:0
BRDA:37,0,0,0
BRDA:37,1,0,0
BRDA:49,2,0,0
BRDA:63,3,0,0
BRDA:79,4,0,0
BRDA:79,4,1,0
BRDA:92,5,0,0
BRDA:92,5,1,0
BRDA:108,6,0,0
BRDA:108,6,1,0
BRDA:108,6,2,0
BRDA:108,6,3,0
BRDA:108,6,4,0
BRDA:125,7,0,0
BRDA:125,7,1,0
BRDA:133,8,0,0
BRDA:133,8,1,0
BRDA:133,9,0,0
BRDA:133,9,1,0
BRDA:162,10,0,0
BRDA:162,10,1,0
BRDA:178,11,0,0
BRDA:178,11,1,0
BRDA:179,12,0,0
BRDA:179,12,1,0
BRDA:186,13,0,0
BRDA:190,14,0,0
BRDA:206,15,0,0
BRDA:206,16,0,0
BRDA:206,16,1,0
BRDA:225,17,0,0
BRDA:232,18,0,0
BRF:32
BRH:0
end_of_record
TN:
SF:src/components/auth/PermissionGate.tsx
FN:15,(anonymous_1)
FN:63,(anonymous_2)
FN:71,(anonymous_3)
FN:79,(anonymous_4)
FNF:4
FNH:0
FNDA:0,(anonymous_1)
FNDA:0,(anonymous_2)
FNDA:0,(anonymous_3)
FNDA:0,(anonymous_4)
DA:1,0
DA:2,0
DA:3,0
DA:15,0
DA:23,0
DA:26,0
DA:27,0
DA:31,0
DA:32,0
DA:38,0
DA:39,0
DA:43,0
DA:44,0
DA:47,0
DA:48,0
DA:59,0
DA:63,0
DA:67,0
DA:68,0
DA:71,0
DA:75,0
DA:76,0
DA:79,0
DA:83,0
DA:84,0
LF:25
LH:0
BRDA:18,0,0,0
BRDA:21,1,0,0
BRDA:26,2,0,0
BRDA:31,3,0,0
BRDA:31,3,1,0
BRDA:32,4,0,0
BRDA:32,4,1,0
BRDA:34,5,0,0
BRDA:34,5,1,0
BRDA:38,6,0,0
BRDA:43,7,0,0
BRDA:47,8,0,0
BRDA:68,9,0,0
BRDA:68,9,1,0
BRDA:76,10,0,0
BRDA:76,10,1,0
BRDA:84,11,0,0
BRDA:84,11,1,0
BRF:18
BRH:0
end_of_record
TN:
SF:src/components/auth/ProtectedRoute.tsx
FN:12,(anonymous_9)
FN:20,(anonymous_10)
FNF:2
FNH:0
FNDA:0,(anonymous_9)
FNDA:0,(anonymous_10)
DA:1,0
DA:2,0
DA:3,0
DA:4,0
DA:12,0
DA:17,0
DA:18,0
DA:20,0
DA:22,0
DA:23,0
DA:27,0
DA:28,0
DA:31,0
DA:32,0
DA:35,0
DA:36,0
DA:39,0
DA:40,0
DA:43,0
LF:19
LH:0
BRDA:14,0,0,0
BRDA:22,1,0,0
BRDA:22,2,0,0
BRDA:22,2,1,0
BRDA:27,3,0,0
BRDA:31,4,0,0
BRDA:35,5,0,0
BRDA:35,6,0,0
BRDA:35,6,1,0
BRDA:35,6,2,0
BRDA:39,7,0,0
BRDA:39,8,0,0
BRDA:39,8,1,0
BRDA:39,8,2,0
BRF:14
BRH:0
end_of_record
TN:
SF:src/components/auth/PublicRoute.tsx
FN:11,(anonymous_1)
FNF:1
FNH:0
FNDA:0,(anonymous_1)
DA:1,0
DA:2,0
DA:3,0
DA:4,0
DA:11,0
DA:15,0
DA:17,0
DA:18,0
DA:21,0
DA:23,0
DA:24,0
DA:25,0
DA:26,0
DA:28,0
DA:31,0
LF:15
LH:0
BRDA:13,0,0,0
BRDA:17,1,0,0
BRDA:21,2,0,0
BRDA:24,3,0,0
BRF:4
BRH:0
end_of_record
TN:
SF:src/components/common/ErrorBoundary.tsx
FN:13,(anonymous_0)
FN:19,(anonymous_1)
FN:23,(anonymous_2)
FN:27,(anonymous_3)
FN:55,(anonymous_4)
FNF:5
FNH:0
FNDA:0,(anonymous_0)
FNDA:0,(anonymous_1)
FNDA:0,(anonymous_2)
FNDA:0,(anonymous_3)
FNDA:0,(anonymous_4)
DA:1,0
DA:2,0
DA:13,0
DA:14,0
DA:20,0
DA:24,0
DA:28,0
DA:29,0
DA:55,0
DA:83,0
LF:10
LH:0
BRDA:28,0,0,0
BRDA:67,1,0,0
BRDA:67,1,1,0
BRDA:67,1,2,0
BRF:4
BRH:0
end_of_record
TN:
SF:src/components/common/LanguageSelector.tsx
FN:8,LanguageSelector
FN:12,(anonymous_2)
FN:40,(anonymous_3)
FN:42,(anonymous_4)
FN:44,(anonymous_5)
FNF:5
FNH:0
FNDA:0,LanguageSelector
FNDA:0,(anonymous_2)
FNDA:0,(anonymous_3)
FNDA:0,(anonymous_4)
FNDA:0,(anonymous_5)
DA:1,0
DA:2,0
DA:3,0
DA:4,0
DA:5,0
DA:6,0
DA:8,0
DA:9,0
DA:10,0
DA:12,0
DA:13,0
DA:16,0
DA:41,0
DA:43,0
DA:44,0
LF:15
LH:0
BRDA:46,0,0,0
BRDA:46,0,1,0
BRDA:47,1,0,0
BRDA:47,1,1,0
BRDA:58,2,0,0
BRDA:58,2,1,0
BRF:6
BRH:0
end_of_record
TN:
SF:src/components/common/LoadingScreen.tsx
FN:3,(anonymous_1)
FNF:1
FNH:0
FNDA:0,(anonymous_1)
DA:1,0
DA:3,0
DA:4,0
LF:3
LH:0
BRF:0
BRH:0
end_of_record
TN:
SF:src/components/common/index.ts
FNF:0
FNH:0
DA:1,0
DA:2,0
DA:3,0
LF:3
LH:0
BRF:0
BRH:0
end_of_record
TN:
SF:src/components/examples/ResponsiveDemo.tsx
FN:14,(anonymous_1)
FN:28,(anonymous_2)
FN:29,(anonymous_3)
FN:30,(anonymous_4)
FN:71,(anonymous_5)
FN:192,(anonymous_6)
FNF:6
FNH:0
FNDA:0,(anonymous_1)
FNDA:0,(anonymous_2)
FNDA:0,(anonymous_3)
FNDA:0,(anonymous_4)
FNDA:0,(anonymous_5)
FNDA:0,(anonymous_6)
DA:1,0
DA:2,0
DA:3,0
DA:4,0
DA:5,0
DA:6,0
DA:7,0
DA:8,0
DA:9,0
DA:14,0
DA:15,0
DA:16,0
DA:17,0
DA:18,0
DA:21,0
DA:27,0
DA:28,0
DA:29,0
DA:30,0
DA:33,0
DA:72,0
DA:192,0
LF:22
LH:0
BRDA:223,0,0,0
BRDA:223,0,1,0
BRDA:224,1,0,0
BRDA:224,1,1,0
BRDA:225,2,0,0
BRDA:225,2,1,0
BRF:6
BRH:0
end_of_record
TN:
SF:src/components/examples/ResponsiveListDemo.tsx
FN:23,(anonymous_9)
FN:25,(anonymous_10)
FN:35,ResponsiveListDemo
FN:36,(anonymous_12)
FN:46,(anonymous_13)
FN:72,(anonymous_14)
FN:78,(anonymous_15)
FN:89,(anonymous_16)
FN:95,(anonymous_17)
FN:97,(anonymous_18)
FN:119,(anonymous_19)
FN:128,(anonymous_20)
FN:135,(anonymous_21)
FN:154,(anonymous_22)
FN:157,(anonymous_23)
FN:177,(anonymous_24)
FN:192,(anonymous_25)
FN:193,(anonymous_26)
FN:197,(anonymous_27)
FN:198,(anonymous_28)
FN:208,(anonymous_29)
FN:233,(anonymous_30)
FN:245,(anonymous_31)
FN:263,(anonymous_32)
FN:286,(anonymous_33)
FN:319,(anonymous_34)
FN:337,(anonymous_35)
FNF:27
FNH:0
FNDA:0,(anonymous_9)
FNDA:0,(anonymous_10)
FNDA:0,ResponsiveListDemo
FNDA:0,(anonymous_12)
FNDA:0,(anonymous_13)
FNDA:0,(anonymous_14)
FNDA:0,(anonymous_15)
FNDA:0,(anonymous_16)
FNDA:0,(anonymous_17)
FNDA:0,(anonymous_18)
FNDA:0,(anonymous_19)
FNDA:0,(anonymous_20)
FNDA:0,(anonymous_21)
FNDA:0,(anonymous_22)
FNDA:0,(anonymous_23)
FNDA:0,(anonymous_24)
FNDA:0,(anonymous_25)
FNDA:0,(anonymous_26)
FNDA:0,(anonymous_27)
FNDA:0,(anonymous_28)
FNDA:0,(anonymous_29)
FNDA:0,(anonymous_30)
FNDA:0,(anonymous_31)
FNDA:0,(anonymous_32)
FNDA:0,(anonymous_33)
FNDA:0,(anonymous_34)
FNDA:0,(anonymous_35)
DA:1,0
DA:2,0
DA:3,0
DA:11,0
DA:12,0
DA:23,0
DA:24,0
DA:25,0
DA:35,0
DA:36,0
DA:37,0
DA:38,0
DA:39,0
DA:40,0
DA:42,0
DA:43,0
DA:46,0
DA:47,0
DA:48,0
DA:50,0
DA:51,0
DA:52,0
DA:56,0
DA:61,0
DA:68,0
DA:72,0
DA:79,0
DA:89,0
DA:96,0
DA:98,0
DA:112,0
DA:119,0
DA:128,0
DA:135,0
DA:140,0
DA:155,0
DA:157,0
DA:178,0
DA:179,0
DA:180,0
DA:192,0
DA:194,0
DA:195,0
DA:197,0
DA:199,0
DA:209,0
DA:234,0
DA:246,0
DA:264,0
DA:287,0
DA:320,0
DA:338,0
LF:52
LH:0
BRDA:50,0,0,0
BRDA:50,1,0,0
BRDA:50,1,1,0
BRDA:51,2,0,0
BRDA:51,3,0,0
BRDA:51,3,1,0
BRDA:100,4,0,0
BRDA:100,4,1,0
BRDA:160,5,0,0
BRDA:160,5,1,0
BRDA:187,6,0,0
BRDA:187,6,1,0
BRDA:229,7,0,0
BRDA:229,7,1,0
BRDA:248,8,0,0
BRDA:248,8,1,0
BRDA:261,9,0,0
BRDA:261,9,1,0
BRDA:289,10,0,0
BRDA:289,10,1,0
BRDA:317,11,0,0
BRDA:317,11,1,0
BRDA:340,12,0,0
BRDA:340,12,1,0
BRF:24
BRH:0
end_of_record
TN:
SF:src/components/examples/StoreExample.tsx
FN:8,(anonymous_9)
FN:19,(anonymous_10)
FN:25,(anonymous_11)
FN:38,(anonymous_12)
FN:85,(anonymous_13)
FN:105,(anonymous_14)
FNF:6
FNH:0
FNDA:0,(anonymous_9)
FNDA:0,(anonymous_10)
FNDA:0,(anonymous_11)
FNDA:0,(anonymous_12)
FNDA:0,(anonymous_13)
FNDA:0,(anonymous_14)
DA:1,0
DA:2,0
DA:3,0
DA:8,0
DA:10,0
DA:11,0
DA:12,0
DA:15,0
DA:16,0
DA:19,0
DA:20,0
DA:21,0
DA:25,0
DA:26,0
DA:27,0
DA:34,0
DA:38,0
DA:39,0
DA:40,0
DA:41,0
DA:48,0
DA:85,0
DA:105,0
LF:23
LH:0
BRDA:20,0,0,0
BRDA:39,1,0,0
BRDA:39,1,1,0
BRDA:55,2,0,0
BRDA:55,2,1,0
BRDA:71,3,0,0
BRDA:71,3,1,0
BRDA:79,4,0,0
BRDA:79,4,1,0
BRF:9
BRH:0
end_of_record
TN:
SF:src/components/forms/CheckboxField.tsx
FN:160,(anonymous_10)
FN:191,(anonymous_11)
FN:261,(anonymous_12)
FN:317,(anonymous_13)
FN:334,(anonymous_14)
FN:336,(anonymous_15)
FN:363,(anonymous_16)
FN:370,(anonymous_17)
FN:392,(anonymous_18)
FN:400,(anonymous_19)
FN:416,(anonymous_20)
FN:424,(anonymous_21)
FNF:12
FNH:0
FNDA:0,(anonymous_10)
FNDA:0,(anonymous_11)
FNDA:0,(anonymous_12)
FNDA:0,(anonymous_13)
FNDA:0,(anonymous_14)
FNDA:0,(anonymous_15)
FNDA:0,(anonymous_16)
FNDA:0,(anonymous_17)
FNDA:0,(anonymous_18)
FNDA:0,(anonymous_19)
FNDA:0,(anonymous_20)
FNDA:0,(anonymous_21)
DA:1,0
DA:2,0
DA:3,0
DA:4,0
DA:5,0
DA:133,0
DA:151,0
DA:159,0
DA:179,0
DA:180,0
DA:181,0
DA:183,0
DA:184,0
DA:191,0
DA:253,0
DA:261,0
DA:314,0
DA:316,0
DA:332,0
DA:334,0
DA:335,0
DA:336,0
DA:338,0
DA:341,0
DA:364,0
DA:370,0
DA:387,0
DA:392,0
DA:393,0
DA:395,0
DA:401,0
DA:416,0
DA:417,0
DA:419,0
DA:425,0
DA:438,0
DA:443,0
LF:37
LH:0
BRDA:165,0,0,0
BRDA:166,1,0,0
BRDA:167,2,0,0
BRDA:174,3,0,0
BRDA:181,4,0,0
BRDA:181,4,1,0
BRDA:183,5,0,0
BRDA:191,6,0,0
BRDA:191,6,1,0
BRDA:198,7,0,0
BRDA:198,7,1,0
BRDA:199,8,0,0
BRDA:199,8,1,0
BRDA:203,9,0,0
BRDA:203,9,1,0
BRDA:210,10,0,0
BRDA:210,10,1,0
BRDA:211,11,0,0
BRDA:211,11,1,0
BRDA:212,12,0,0
BRDA:212,12,1,0
BRDA:213,13,0,0
BRDA:213,13,1,0
BRDA:214,14,0,0
BRDA:214,14,1,0
BRDA:216,15,0,0
BRDA:216,15,1,0
BRDA:224,16,0,0
BRDA:224,16,1,0
BRDA:229,17,0,0
BRDA:229,17,1,0
BRDA:232,18,0,0
BRDA:232,18,1,0
BRDA:237,19,0,0
BRDA:237,19,1,0
BRDA:240,20,0,0
BRDA:240,20,1,0
BRDA:245,21,0,0
BRDA:245,21,1,0
BRDA:245,21,2,0
BRDA:268,22,0,0
BRDA:268,22,1,0
BRDA:269,23,0,0
BRDA:269,23,1,0
BRDA:273,24,0,0
BRDA:273,24,1,0
BRDA:284,25,0,0
BRDA:284,25,1,0
BRDA:289,26,0,0
BRDA:289,26,1,0
BRDA:292,27,0,0
BRDA:292,27,1,0
BRDA:297,28,0,0
BRDA:297,28,1,0
BRDA:300,29,0,0
BRDA:300,29,1,0
BRDA:305,30,0,0
BRDA:305,30,1,0
BRDA:305,30,2,0
BRDA:321,31,0,0
BRDA:323,32,0,0
BRDA:327,33,0,0
BRDA:335,34,0,0
BRDA:335,34,1,0
BRDA:343,35,0,0
BRDA:343,35,1,0
BRDA:347,36,0,0
BRDA:347,36,1,0
BRDA:353,37,0,0
BRDA:353,37,1,0
BRDA:360,38,0,0
BRDA:360,38,1,0
BRDA:377,39,0,0
BRDA:377,39,1,0
BRDA:377,39,2,0
BRDA:404,40,0,0
BRDA:404,40,1,0
BRF:77
BRH:0
end_of_record
TN:
SF:src/components/forms/DateField.tsx
FN:102,(anonymous_10)
FN:136,(anonymous_11)
FN:151,(anonymous_12)
FN:177,(anonymous_13)
FN:203,(anonymous_14)
FN:209,(anonymous_15)
FN:218,(anonymous_16)
FN:228,(anonymous_17)
FN:229,(anonymous_18)
FN:237,(anonymous_19)
FN:295,(anonymous_20)
FN:334,(anonymous_21)
FN:342,(anonymous_22)
FNF:13
FNH:0
FNDA:0,(anonymous_10)
FNDA:0,(anonymous_11)
FNDA:0,(anonymous_12)
FNDA:0,(anonymous_13)
FNDA:0,(anonymous_14)
FNDA:0,(anonymous_15)
FNDA:0,(anonymous_16)
FNDA:0,(anonymous_17)
FNDA:0,(anonymous_18)
FNDA:0,(anonymous_19)
FNDA:0,(anonymous_20)
FNDA:0,(anonymous_21)
FNDA:0,(anonymous_22)
DA:1,0
DA:2,0
DA:3,0
DA:4,0
DA:5,0
DA:6,0
DA:7,0
DA:8,0
DA:101,0
DA:127,0
DA:128,0
DA:129,0
DA:130,0
DA:132,0
DA:133,0
DA:136,0
DA:137,0
DA:138,0
DA:140,0
DA:142,0
DA:144,0
DA:148,0
DA:151,0
DA:152,0
DA:153,0
DA:154,0
DA:157,0
DA:158,0
DA:159,0
DA:160,0
DA:161,0
DA:162,0
DA:163,0
DA:164,0
DA:165,0
DA:166,0
DA:167,0
DA:168,0
DA:172,0
DA:177,0
DA:178,0
DA:179,0
DA:182,0
DA:183,0
DA:184,0
DA:185,0
DA:186,0
DA:187,0
DA:188,0
DA:189,0
DA:193,0
DA:194,0
DA:195,0
DA:203,0
DA:204,0
DA:205,0
DA:209,0
DA:211,0
DA:218,0
DA:228,0
DA:229,0
DA:230,0
DA:231,0
DA:235,0
DA:236,0
DA:237,0
DA:241,0
DA:243,0
DA:295,0
DA:329,0
DA:334,0
DA:335,0
DA:337,0
DA:343,0
DA:356,0
LF:75
LH:0
BRDA:107,0,0,0
BRDA:111,1,0,0
BRDA:113,2,0,0
BRDA:115,3,0,0
BRDA:123,4,0,0
BRDA:133,5,0,0
BRDA:133,5,1,0
BRDA:137,6,0,0
BRDA:138,7,0,0
BRDA:138,7,1,0
BRDA:138,7,2,0
BRDA:152,8,0,0
BRDA:158,9,0,0
BRDA:158,9,1,0
BRDA:158,10,0,0
BRDA:158,10,1,0
BRDA:163,11,0,0
BRDA:163,11,1,0
BRDA:165,12,0,0
BRDA:167,13,0,0
BRDA:183,14,0,0
BRDA:183,14,1,0
BRDA:185,15,0,0
BRDA:185,16,0,0
BRDA:185,16,1,0
BRDA:188,17,0,0
BRDA:188,18,0,0
BRDA:188,18,1,0
BRDA:194,19,0,0
BRDA:230,20,0,0
BRDA:230,21,0,0
BRDA:230,21,1,0
BRDA:235,22,0,0
BRDA:241,23,0,0
BRDA:241,23,1,0
BRDA:241,23,2,0
BRDA:245,24,0,0
BRDA:245,24,1,0
BRDA:249,25,0,0
BRDA:249,25,1,0
BRDA:256,26,0,0
BRDA:256,26,1,0
BRDA:266,27,0,0
BRDA:266,27,1,0
BRDA:271,28,0,0
BRDA:271,28,1,0
BRDA:274,29,0,0
BRDA:274,29,1,0
BRDA:283,30,0,0
BRDA:283,30,1,0
BRDA:295,31,0,0
BRDA:295,31,1,0
BRDA:303,32,0,0
BRDA:303,32,1,0
BRDA:310,33,0,0
BRDA:310,33,1,0
BRDA:313,34,0,0
BRDA:313,34,1,0
BRDA:313,34,2,0
BRDA:315,35,0,0
BRDA:315,35,1,0
BRDA:319,36,0,0
BRDA:319,36,1,0
BRDA:319,36,2,0
BRF:64
BRH:0
end_of_record
TN:
SF:src/components/forms/ErrorBoundaryForm.tsx
FN:55,(anonymous_10)
FN:101,(anonymous_11)
FN:64,(anonymous_12)
FN:72,(anonymous_13)
FN:117,(anonymous_14)
FN:168,(anonymous_15)
FN:217,(anonymous_16)
FN:264,(anonymous_17)
FN:287,useFormErrorBoundary
FN:291,(anonymous_19)
FN:295,(anonymous_20)
FN:305,(anonymous_21)
FN:323,withFormErrorBoundary
FN:327,(anonymous_23)
FNF:14
FNH:0
FNDA:0,(anonymous_10)
FNDA:0,(anonymous_11)
FNDA:0,(anonymous_12)
FNDA:0,(anonymous_13)
FNDA:0,(anonymous_14)
FNDA:0,(anonymous_15)
FNDA:0,(anonymous_16)
FNDA:0,(anonymous_17)
FNDA:0,useFormErrorBoundary
FNDA:0,(anonymous_19)
FNDA:0,(anonymous_20)
FNDA:0,(anonymous_21)
FNDA:0,withFormErrorBoundary
FNDA:0,(anonymous_23)
DA:1,0
DA:2,0
DA:3,0
DA:4,0
DA:54,0
DA:56,0
DA:57,0
DA:65,0
DA:73,0
DA:76,0
DA:79,0
DA:84,0
DA:85,0
DA:89,0
DA:90,0
DA:101,0
DA:102,0
DA:105,0
DA:112,0
DA:113,0
DA:126,0
DA:127,0
DA:129,0
DA:131,0
DA:132,0
DA:136,0
DA:150,0
DA:168,0
DA:178,0
DA:180,0
DA:217,0
DA:264,0
DA:287,0
DA:288,0
DA:289,0
DA:291,0
DA:292,0
DA:295,0
DA:296,0
DA:297,0
DA:300,0
DA:306,0
DA:323,0
DA:327,0
DA:328,0
DA:335,0
DA:337,0
LF:47
LH:0
BRDA:112,0,0,0
BRDA:76,1,0,0
BRDA:76,1,1,0
BRDA:84,2,0,0
BRDA:89,3,0,0
BRDA:89,4,0,0
BRDA:89,4,1,0
BRDA:121,5,0,0
BRDA:123,6,0,0
BRDA:129,7,0,0
BRDA:131,8,0,0
BRDA:197,9,0,0
BRDA:197,9,1,0
BRDA:200,10,0,0
BRDA:200,10,1,0
BRDA:201,11,0,0
BRDA:201,11,1,0
BRDA:205,12,0,0
BRDA:205,12,1,0
BRDA:205,12,2,0
BRDA:213,13,0,0
BRDA:213,13,1,0
BRDA:226,14,0,0
BRDA:226,14,1,0
BRDA:229,15,0,0
BRDA:229,15,1,0
BRDA:244,16,0,0
BRDA:244,16,1,0
BRDA:335,17,0,0
BRDA:335,17,1,0
BRF:30
BRH:0
end_of_record
TN:
SF:src/components/forms/FileField.tsx
FN:96,(anonymous_10)
FN:105,(anonymous_11)
FN:134,(anonymous_12)
FN:137,(anonymous_13)
FN:143,(anonymous_14)
FN:144,(anonymous_15)
FN:145,(anonymous_16)
FN:163,(anonymous_17)
FN:169,(anonymous_18)
FN:173,(anonymous_19)
FN:191,(anonymous_20)
FN:231,(anonymous_21)
FN:240,(anonymous_22)
FN:247,(anonymous_23)
FN:252,(anonymous_24)
FN:258,(anonymous_25)
FN:260,(anonymous_26)
FN:264,(anonymous_27)
FN:348,(anonymous_28)
FN:398,(anonymous_29)
FN:426,(anonymous_30)
FN:434,(anonymous_31)
FNF:22
FNH:5
FNDA:77,(anonymous_10)
FNDA:77,(anonymous_11)
FNDA:29,(anonymous_12)
FNDA:0,(anonymous_13)
FNDA:0,(anonymous_14)
FNDA:0,(anonymous_15)
FNDA:0,(anonymous_16)
FNDA:0,(anonymous_17)
FNDA:0,(anonymous_18)
FNDA:0,(anonymous_19)
FNDA:0,(anonymous_20)
FNDA:0,(anonymous_21)
FNDA:0,(anonymous_22)
FNDA:0,(anonymous_23)
FNDA:0,(anonymous_24)
FNDA:0,(anonymous_25)
FNDA:0,(anonymous_26)
FNDA:0,(anonymous_27)
FNDA:0,(anonymous_28)
FNDA:0,(anonymous_29)
FNDA:53,(anonymous_30)
FNDA:54,(anonymous_31)
DA:1,1
DA:2,1
DA:3,1
DA:10,1
DA:11,1
DA:12,1
DA:96,1
DA:97,77
DA:98,77
DA:99,77
DA:100,77
DA:101,77
DA:104,1
DA:126,77
DA:127,77
DA:128,77
DA:129,77
DA:131,77
DA:134,77
DA:135,29
DA:136,29
DA:137,29
DA:138,0
DA:141,0
DA:142,0
DA:143,0
DA:144,0
DA:145,0
DA:146,0
DA:152,0
DA:155,0
DA:157,29
DA:159,0
DA:163,77
DA:164,0
DA:165,0
DA:168,0
DA:169,0
DA:170,0
DA:171,0
DA:173,0
DA:174,0
DA:175,0
DA:177,0
DA:178,0
DA:180,0
DA:183,0
DA:184,0
DA:188,0
DA:191,77
DA:192,0
DA:195,0
DA:196,0
DA:200,0
DA:201,0
DA:203,0
DA:204,0
DA:205,0
DA:206,0
DA:207,0
DA:209,0
DA:214,0
DA:215,0
DA:216,0
DA:218,0
DA:222,0
DA:223,0
DA:224,0
DA:226,0
DA:231,77
DA:232,0
DA:233,0
DA:235,0
DA:236,0
DA:240,77
DA:241,0
DA:242,0
DA:243,0
DA:247,77
DA:248,0
DA:249,0
DA:252,77
DA:253,0
DA:254,0
DA:258,77
DA:259,0
DA:260,0
DA:261,0
DA:264,77
DA:265,0
DA:268,77
DA:349,0
DA:398,0
DA:421,1
DA:426,1
DA:427,53
DA:429,53
DA:435,54
DA:450,1
LF:99
LH:38
BRDA:97,0,0,0
BRDA:110,1,0,0
BRDA:112,2,0,0
BRDA:113,3,0,0
BRDA:114,4,0,0
BRDA:135,5,0,29
BRDA:135,5,1,0
BRDA:136,6,0,29
BRDA:136,6,1,0
BRDA:141,7,0,0
BRDA:141,8,0,0
BRDA:141,8,1,0
BRDA:146,9,0,0
BRDA:146,9,1,0
BRDA:164,10,0,0
BRDA:164,11,0,0
BRDA:164,11,1,0
BRDA:168,12,0,0
BRDA:174,13,0,0
BRDA:177,14,0,0
BRDA:183,15,0,0
BRDA:195,16,0,0
BRDA:195,17,0,0
BRDA:195,17,1,0
BRDA:205,18,0,0
BRDA:205,18,1,0
BRDA:214,19,0,0
BRDA:214,19,1,0
BRDA:215,20,0,0
BRDA:215,20,1,0
BRDA:218,21,0,0
BRDA:218,21,1,0
BRDA:222,22,0,0
BRDA:222,23,0,0
BRDA:222,23,1,0
BRDA:235,24,0,0
BRDA:235,25,0,0
BRDA:235,25,1,0
BRDA:242,26,0,0
BRDA:253,27,0,0
BRDA:253,28,0,0
BRDA:253,28,1,0
BRDA:259,29,0,0
BRDA:259,29,1,0
BRDA:261,30,0,0
BRDA:261,30,1,0
BRDA:270,31,0,77
BRDA:270,31,1,77
BRDA:274,32,0,0
BRDA:274,32,1,77
BRDA:281,33,0,77
BRDA:281,33,1,0
BRDA:295,34,0,77
BRDA:295,34,1,0
BRDA:303,35,0,0
BRDA:303,35,1,77
BRDA:305,36,0,0
BRDA:305,36,1,77
BRDA:308,37,0,77
BRDA:308,37,1,0
BRDA:313,38,0,0
BRDA:313,38,1,77
BRDA:322,39,0,77
BRDA:322,39,1,0
BRDA:323,40,0,77
BRDA:323,40,1,77
BRDA:334,41,0,0
BRDA:334,41,1,0
BRDA:337,42,0,0
BRDA:337,42,1,0
BRDA:341,43,0,0
BRDA:341,43,1,0
BRDA:345,44,0,77
BRDA:345,44,1,0
BRDA:356,45,0,0
BRDA:356,45,1,0
BRDA:361,46,0,0
BRDA:361,46,1,0
BRDA:361,47,0,0
BRDA:361,47,1,0
BRDA:367,48,0,0
BRDA:367,48,1,0
BRDA:379,49,0,0
BRDA:379,49,1,0
BRDA:385,50,0,0
BRDA:385,50,1,0
BRDA:395,51,0,0
BRDA:395,51,1,0
BRDA:411,52,0,77
BRDA:411,52,1,77
BRDA:411,52,2,77
BRF:91
BRH:18
end_of_record
TN:
SF:src/components/forms/FileFieldWithProgress.tsx
FN:12,(anonymous_9)
FN:20,(anonymous_10)
FN:22,(anonymous_11)
FN:27,(anonymous_12)
FN:32,(anonymous_13)
FN:36,(anonymous_14)
FNF:6
FNH:0
FNDA:0,(anonymous_9)
FNDA:0,(anonymous_10)
FNDA:0,(anonymous_11)
FNDA:0,(anonymous_12)
FNDA:0,(anonymous_13)
FNDA:0,(anonymous_14)
DA:1,0
DA:2,0
DA:3,0
DA:4,0
DA:12,0
DA:18,0
DA:19,0
DA:22,0
DA:28,0
DA:32,0
DA:33,0
DA:35,0
DA:36,0
DA:37,0
DA:40,0
DA:41,0
DA:42,0
DA:44,0
DA:48,0
LF:19
LH:0
BRDA:15,0,0,0
BRDA:33,1,0,0
BRDA:33,2,0,0
BRDA:33,2,1,0
BRDA:52,3,0,0
BRDA:52,3,1,0
BRDA:57,4,0,0
BRDA:57,4,1,0
BRDA:72,5,0,0
BRDA:72,5,1,0
BRDA:77,6,0,0
BRDA:77,6,1,0
BRF:12
BRH:0
end_of_record
TN:
SF:src/components/forms/FormButton.tsx
FN:11,(anonymous_1)
FNF:1
FNH:0
FNDA:0,(anonymous_1)
DA:1,1
DA:2,1
DA:11,1
DA:21,0
DA:23,0
DA:29,0
DA:35,0
LF:7
LH:3
BRDA:13,0,0,0
BRDA:14,1,0,0
BRDA:15,2,0,0
BRDA:16,3,0,0
BRDA:41,4,0,0
BRDA:41,4,1,0
BRDA:42,5,0,0
BRDA:42,5,1,0
BRDA:42,5,2,0
BRDA:45,6,0,0
BRDA:45,6,1,0
BRDA:48,7,0,0
BRDA:48,7,1,0
BRF:13
BRH:0
end_of_record
TN:
SF:src/components/forms/FormError.tsx
FN:58,(anonymous_1)
FN:88,(anonymous_2)
FN:126,(anonymous_3)
FNF:3
FNH:1
FNDA:77,(anonymous_1)
FNDA:0,(anonymous_2)
FNDA:0,(anonymous_3)
DA:1,1
DA:2,1
DA:3,1
DA:4,1
DA:37,1
DA:58,1
DA:67,77
DA:68,77
DA:69,77
DA:71,77
DA:89,0
DA:126,1
DA:132,0
DA:134,0
LF:14
LH:11
BRDA:62,0,0,77
BRDA:63,1,0,77
BRDA:64,2,0,77
BRDA:65,3,0,77
BRDA:67,4,0,0
BRDA:67,4,1,77
BRDA:67,5,0,0
BRDA:67,5,1,77
BRDA:73,6,0,77
BRDA:73,6,1,0
BRDA:85,7,0,0
BRDA:85,7,1,0
BRDA:91,8,0,0
BRDA:91,8,1,0
BRDA:91,9,0,0
BRDA:91,9,1,0
BRDA:97,10,0,0
BRDA:97,10,1,0
BRDA:132,11,0,0
BRDA:132,11,1,0
BRDA:132,12,0,0
BRDA:132,12,1,0
BRDA:139,13,0,0
BRDA:139,13,1,0
BRF:24
BRH:7
end_of_record
TN:
SF:src/components/forms/FormErrorExamples.tsx
FN:26,(anonymous_9)
FN:36,(anonymous_10)
FN:57,(anonymous_11)
FN:61,(anonymous_12)
FN:126,(anonymous_13)
FN:201,(anonymous_14)
FN:232,(anonymous_15)
FN:277,(anonymous_16)
FN:282,(anonymous_17)
FN:282,(anonymous_18)
FNF:10
FNH:0
FNDA:0,(anonymous_9)
FNDA:0,(anonymous_10)
FNDA:0,(anonymous_11)
FNDA:0,(anonymous_12)
FNDA:0,(anonymous_13)
FNDA:0,(anonymous_14)
FNDA:0,(anonymous_15)
FNDA:0,(anonymous_16)
FNDA:0,(anonymous_17)
FNDA:0,(anonymous_18)
DA:1,0
DA:2,0
DA:3,0
DA:4,0
DA:5,0
DA:6,0
DA:22,0
DA:26,0
DA:36,0
DA:37,0
DA:38,0
DA:46,0
DA:51,0
DA:57,0
DA:58,0
DA:61,0
DA:62,0
DA:65,0
DA:126,0
DA:201,0
DA:233,0
DA:278,0
DA:282,0
LF:23
LH:0
BRDA:72,0,0,0
BRDA:72,0,1,0
BRDA:110,1,0,0
BRDA:110,1,1,0
BRDA:132,2,0,0
BRDA:132,2,1,0
BRDA:168,3,0,0
BRDA:168,3,1,0
BRDA:224,4,0,0
BRDA:224,4,1,0
BRF:10
BRH:0
end_of_record
TN:
SF:src/components/forms/FormErrorSummary.tsx
FN:56,(anonymous_10)
FN:75,(anonymous_11)
FN:80,(anonymous_12)
FN:89,(anonymous_13)
FN:105,(anonymous_14)
FN:106,(anonymous_15)
FN:202,(anonymous_16)
FN:210,(anonymous_17)
FN:218,(anonymous_18)
FN:255,useFormErrorSummary
FN:258,(anonymous_20)
FN:262,(anonymous_21)
FN:267,(anonymous_22)
FNF:13
FNH:0
FNDA:0,(anonymous_10)
FNDA:0,(anonymous_11)
FNDA:0,(anonymous_12)
FNDA:0,(anonymous_13)
FNDA:0,(anonymous_14)
FNDA:0,(anonymous_15)
FNDA:0,(anonymous_16)
FNDA:0,(anonymous_17)
FNDA:0,(anonymous_18)
FNDA:0,useFormErrorSummary
FNDA:0,(anonymous_20)
FNDA:0,(anonymous_21)
FNDA:0,(anonymous_22)
DA:1,0
DA:2,0
DA:3,0
DA:9,0
DA:10,0
DA:56,0
DA:68,0
DA:69,0
DA:70,0
DA:72,0
DA:75,0
DA:76,0
DA:78,0
DA:80,0
DA:81,0
DA:82,0
DA:83,0
DA:86,0
DA:89,0
DA:90,0
DA:91,0
DA:94,0
DA:98,0
DA:99,0
DA:100,0
DA:105,0
DA:106,0
DA:109,0
DA:111,0
DA:115,0
DA:203,0
DA:211,0
DA:218,0
DA:255,0
DA:256,0
DA:258,0
DA:259,0
DA:262,0
DA:263,0
DA:267,0
DA:268,0
DA:269,0
DA:273,0
LF:43
LH:0
BRDA:59,0,0,0
BRDA:61,1,0,0
BRDA:62,2,0,0
BRDA:63,3,0,0
BRDA:66,4,0,0
BRDA:76,5,0,0
BRDA:81,6,0,0
BRDA:81,6,1,0
BRDA:82,7,0,0
BRDA:90,8,0,0
BRDA:90,9,0,0
BRDA:90,9,1,0
BRDA:98,10,0,0
BRDA:109,11,0,0
BRDA:111,12,0,0
BRDA:111,12,1,0
BRDA:141,13,0,0
BRDA:141,13,1,0
BRDA:142,14,0,0
BRDA:142,14,1,0
BRDA:150,15,0,0
BRDA:150,15,1,0
BRDA:159,16,0,0
BRDA:159,16,1,0
BRDA:161,17,0,0
BRDA:161,17,1,0
BRDA:168,18,0,0
BRDA:168,18,1,0
BRDA:168,18,2,0
BRDA:187,19,0,0
BRDA:187,19,1,0
BRDA:198,20,0,0
BRDA:198,20,1,0
BRDA:200,21,0,0
BRDA:200,21,1,0
BRDA:204,22,0,0
BRDA:204,22,1,0
BRDA:204,22,2,0
BRDA:215,23,0,0
BRDA:215,23,1,0
BRDA:215,24,0,0
BRDA:215,24,1,0
BRDA:242,25,0,0
BRDA:242,25,1,0
BRDA:268,26,0,0
BRDA:277,27,0,0
BRDA:277,27,1,0
BRF:47
BRH:0
end_of_record
TN:
SF:src/components/forms/FormField.tsx
FN:13,(anonymous_1)
FNF:1
FNH:0
FNDA:0,(anonymous_1)
DA:1,0
DA:2,0
DA:3,0
DA:4,0
DA:13,0
DA:23,0
DA:25,0
DA:27,0
LF:8
LH:0
BRF:0
BRH:0
end_of_record
TN:
SF:src/components/forms/FormFieldExamples.tsx
FN:45,(anonymous_1)
FN:122,(anonymous_2)
FN:136,(anonymous_3)
FN:211,(anonymous_4)
FNF:4
FNH:0
FNDA:0,(anonymous_1)
FNDA:0,(anonymous_2)
FNDA:0,(anonymous_3)
FNDA:0,(anonymous_4)
DA:1,0
DA:2,0
DA:3,0
DA:4,0
DA:5,0
DA:20,0
DA:30,0
DA:45,0
DA:71,0
DA:84,0
DA:95,0
DA:101,0
DA:122,0
DA:123,0
DA:136,0
DA:137,0
DA:140,0
DA:211,0
LF:18
LH:0
BRF:0
BRH:0
end_of_record
TN:
SF:src/components/forms/FormGroup.tsx
FN:82,(anonymous_10)
FN:124,(anonymous_11)
FN:145,(anonymous_12)
FN:176,(anonymous_13)
FN:235,(anonymous_14)
FN:239,(anonymous_15)
FN:257,(anonymous_16)
FN:262,(anonymous_17)
FNF:8
FNH:0
FNDA:0,(anonymous_10)
FNDA:0,(anonymous_11)
FNDA:0,(anonymous_12)
FNDA:0,(anonymous_13)
FNDA:0,(anonymous_14)
FNDA:0,(anonymous_15)
FNDA:0,(anonymous_16)
FNDA:0,(anonymous_17)
DA:1,0
DA:2,0
DA:3,0
DA:4,0
DA:5,0
DA:70,0
DA:76,0
DA:82,0
DA:99,0
DA:100,0
DA:103,0
DA:104,0
DA:105,0
DA:106,0
DA:111,0
DA:114,0
DA:125,0
DA:138,0
DA:145,0
DA:176,0
DA:203,0
DA:235,0
DA:236,0
DA:239,0
DA:240,0
DA:257,0
DA:262,0
DA:263,0
DA:264,0
DA:265,0
DA:267,0
DA:270,0
LF:32
LH:0
BRDA:86,0,0,0
BRDA:87,1,0,0
BRDA:88,2,0,0
BRDA:89,3,0,0
BRDA:90,4,0,0
BRDA:92,5,0,0
BRDA:95,6,0,0
BRDA:96,7,0,0
BRDA:103,8,0,0
BRDA:103,9,0,0
BRDA:103,9,1,0
BRDA:105,10,0,0
BRDA:111,11,0,0
BRDA:111,11,1,0
BRDA:111,11,2,0
BRDA:116,12,0,0
BRDA:116,12,1,0
BRDA:117,13,0,0
BRDA:117,13,1,0
BRDA:118,14,0,0
BRDA:118,14,1,0
BRDA:119,15,0,0
BRDA:119,15,1,0
BRDA:120,16,0,0
BRDA:120,16,1,0
BRDA:123,17,0,0
BRDA:123,17,1,0
BRDA:127,18,0,0
BRDA:127,18,1,0
BRDA:138,19,0,0
BRDA:138,19,1,0
BRDA:138,19,2,0
BRDA:138,19,3,0
BRDA:138,19,4,0
BRDA:142,20,0,0
BRDA:142,20,1,0
BRDA:148,21,0,0
BRDA:148,21,1,0
BRDA:150,22,0,0
BRDA:150,22,1,0
BRDA:158,23,0,0
BRDA:158,23,1,0
BRDA:162,24,0,0
BRDA:162,24,1,0
BRDA:167,25,0,0
BRDA:167,25,1,0
BRDA:171,26,0,0
BRDA:171,26,1,0
BRDA:174,27,0,0
BRDA:174,27,1,0
BRDA:176,28,0,0
BRDA:176,28,1,0
BRDA:179,29,0,0
BRDA:179,29,1,0
BRDA:179,29,2,0
BRDA:188,30,0,0
BRDA:188,30,1,0
BRDA:195,31,0,0
BRDA:195,31,1,0
BRDA:195,31,2,0
BRDA:207,32,0,0
BRDA:207,32,1,0
BRDA:209,33,0,0
BRDA:209,33,1,0
BRDA:209,33,2,0
BRDA:216,34,0,0
BRDA:216,34,1,0
BRDA:216,34,2,0
BRDA:218,35,0,0
BRDA:218,35,1,0
BRDA:264,36,0,0
BRF:71
BRH:0
end_of_record
TN:
SF:src/components/forms/FormInput.tsx
FN:15,(anonymous_10)
FNF:1
FNH:0
FNDA:0,(anonymous_10)
DA:1,1
DA:2,1
DA:3,1
DA:4,1
DA:14,1
DA:16,0
DA:18,0
DA:63,1
LF:8
LH:6
BRDA:16,0,0,0
BRDA:16,0,1,0
BRDA:20,1,0,0
BRDA:20,1,1,0
BRDA:34,2,0,0
BRDA:34,2,1,0
BRDA:35,3,0,0
BRDA:35,3,1,0
BRDA:35,3,2,0
BRDA:36,4,0,0
BRDA:36,4,1,0
BRDA:36,4,2,0
BRDA:41,5,0,0
BRDA:41,5,1,0
BRDA:46,6,0,0
BRDA:46,6,1,0
BRDA:46,6,2,0
BRDA:46,6,3,0
BRDA:52,7,0,0
BRDA:52,7,1,0
BRDA:55,8,0,0
BRDA:55,8,1,0
BRDA:55,8,2,0
BRF:23
BRH:0
end_of_record
TN:
SF:src/components/forms/FormProgress.tsx
FN:57,(anonymous_1)
FN:195,(anonymous_2)
FN:312,(anonymous_3)
FN:346,(anonymous_4)
FN:395,(anonymous_5)
FN:428,(anonymous_6)
FN:459,(anonymous_7)
FN:469,(anonymous_8)
FN:470,(anonymous_9)
FN:474,(anonymous_10)
FN:483,(anonymous_11)
FNF:11
FNH:0
FNDA:0,(anonymous_1)
FNDA:0,(anonymous_2)
FNDA:0,(anonymous_3)
FNDA:0,(anonymous_4)
FNDA:0,(anonymous_5)
FNDA:0,(anonymous_6)
FNDA:0,(anonymous_7)
FNDA:0,(anonymous_8)
FNDA:0,(anonymous_9)
FNDA:0,(anonymous_10)
FNDA:0,(anonymous_11)
DA:6,0
DA:7,0
DA:8,0
DA:9,0
DA:57,0
DA:69,0
DA:70,0
DA:71,0
DA:73,0
DA:79,0
DA:86,0
DA:90,0
DA:92,0
DA:195,0
DA:205,0
DA:207,0
DA:214,0
DA:215,0
DA:216,0
DA:217,0
DA:219,0
DA:226,0
DA:312,0
DA:323,0
DA:325,0
DA:331,0
DA:333,0
DA:334,0
DA:346,0
DA:347,0
DA:348,0
DA:349,0
DA:350,0
DA:353,0
DA:391,0
DA:392,0
DA:395,0
DA:410,0
DA:422,0
DA:428,0
DA:459,0
DA:466,0
DA:467,0
DA:469,0
DA:470,0
DA:471,0
DA:474,0
DA:477,0
DA:478,0
DA:479,0
DA:480,0
DA:481,0
DA:483,0
DA:484,0
DA:485,0
DA:486,0
DA:487,0
DA:490,0
LF:58
LH:0
BRDA:59,0,0,0
BRDA:60,1,0,0
BRDA:61,2,0,0
BRDA:62,3,0,0
BRDA:63,4,0,0
BRDA:64,5,0,0
BRDA:71,6,0,0
BRDA:71,6,1,0
BRDA:86,7,0,0
BRDA:86,7,1,0
BRDA:90,8,0,0
BRDA:90,8,1,0
BRDA:94,9,0,0
BRDA:94,9,1,0
BRDA:94,9,2,0
BRDA:108,10,0,0
BRDA:108,10,1,0
BRDA:112,11,0,0
BRDA:112,11,1,0
BRDA:123,12,0,0
BRDA:123,12,1,0
BRDA:133,13,0,0
BRDA:133,13,1,0
BRDA:133,13,2,0
BRDA:133,13,3,0
BRDA:141,14,0,0
BRDA:141,14,1,0
BRDA:141,14,2,0
BRDA:141,14,3,0
BRDA:148,15,0,0
BRDA:148,15,1,0
BRDA:148,15,2,0
BRDA:197,16,0,0
BRDA:199,17,0,0
BRDA:200,18,0,0
BRDA:201,19,0,0
BRDA:208,20,0,0
BRDA:208,20,1,0
BRDA:209,21,0,0
BRDA:209,21,1,0
BRDA:210,22,0,0
BRDA:210,22,1,0
BRDA:211,23,0,0
BRDA:211,23,1,0
BRDA:255,24,0,0
BRDA:255,24,1,0
BRDA:263,25,0,0
BRDA:263,25,1,0
BRDA:316,26,0,0
BRDA:317,27,0,0
BRDA:318,28,0,0
BRDA:319,29,0,0
BRDA:333,30,0,0
BRDA:350,31,0,0
BRDA:350,31,1,0
BRDA:354,32,0,0
BRDA:354,32,1,0
BRDA:359,33,0,0
BRDA:359,33,1,0
BRDA:360,34,0,0
BRDA:360,34,1,0
BRDA:361,35,0,0
BRDA:361,35,1,0
BRDA:361,35,2,0
BRDA:369,36,0,0
BRDA:369,36,1,0
BRDA:370,37,0,0
BRDA:370,37,1,0
BRDA:371,38,0,0
BRDA:371,38,1,0
BRDA:371,38,2,0
BRDA:374,39,0,0
BRDA:374,39,1,0
BRDA:377,40,0,0
BRDA:377,40,1,0
BRDA:377,40,2,0
BRDA:381,41,0,0
BRDA:381,41,1,0
BRDA:382,42,0,0
BRDA:382,42,1,0
BRDA:391,43,0,0
BRDA:391,44,0,0
BRDA:391,44,1,0
BRDA:399,45,0,0
BRDA:399,45,1,0
BRDA:403,46,0,0
BRDA:403,46,1,0
BRDA:415,47,0,0
BRDA:415,47,1,0
BRDA:462,48,0,0
BRDA:463,49,0,0
BRDA:464,50,0,0
BRDA:480,51,0,0
BRDA:480,51,1,0
BRDA:484,52,0,0
BRDA:494,53,0,0
BRDA:494,53,1,0
BRDA:497,54,0,0
BRDA:497,54,1,0
BRDA:497,54,2,0
BRDA:497,54,3,0
BRF:101
BRH:0
end_of_record
TN:
SF:src/components/forms/FormSkeleton.tsx
FN:71,(anonymous_1)
FN:83,(anonymous_2)
FN:97,(anonymous_3)
FN:158,(anonymous_4)
FN:205,(anonymous_5)
FN:276,(anonymous_6)
FN:331,(anonymous_7)
FN:353,(anonymous_8)
FN:394,(anonymous_9)
FNF:9
FNH:0
FNDA:0,(anonymous_1)
FNDA:0,(anonymous_2)
FNDA:0,(anonymous_3)
FNDA:0,(anonymous_4)
FNDA:0,(anonymous_5)
FNDA:0,(anonymous_6)
FNDA:0,(anonymous_7)
FNDA:0,(anonymous_8)
FNDA:0,(anonymous_9)
DA:6,0
DA:7,0
DA:71,0
DA:83,0
DA:85,0
DA:90,0
DA:97,0
DA:98,0
DA:100,0
DA:138,0
DA:158,0
DA:205,0
DA:214,0
DA:219,0
DA:276,0
DA:282,0
DA:287,0
DA:293,0
DA:331,0
DA:338,0
DA:343,0
DA:354,0
DA:394,0
DA:401,0
DA:403,0
LF:25
LH:0
BRDA:72,0,0,0
BRDA:74,1,0,0
BRDA:75,2,0,0
BRDA:76,3,0,0
BRDA:77,4,0,0
BRDA:78,5,0,0
BRDA:80,6,0,0
BRDA:81,7,0,0
BRDA:83,8,0,0
BRDA:83,8,1,0
BRDA:87,9,0,0
BRDA:87,9,1,0
BRDA:98,10,0,0
BRDA:98,10,1,0
BRDA:101,11,0,0
BRDA:101,11,1,0
BRDA:103,12,0,0
BRDA:103,12,1,0
BRDA:104,13,0,0
BRDA:104,13,1,0
BRDA:110,14,0,0
BRDA:110,14,1,0
BRDA:111,15,0,0
BRDA:111,15,1,0
BRDA:113,16,0,0
BRDA:113,16,1,0
BRDA:115,17,0,0
BRDA:115,17,1,0
BRDA:115,18,0,0
BRDA:115,18,1,0
BRDA:120,19,0,0
BRDA:120,19,1,0
BRDA:130,20,0,0
BRDA:130,20,1,0
BRDA:141,21,0,0
BRDA:141,21,1,0
BRDA:144,22,0,0
BRDA:144,22,1,0
BRDA:153,23,0,0
BRDA:153,23,1,0
BRDA:162,24,0,0
BRDA:162,24,1,0
BRDA:206,25,0,0
BRDA:207,26,0,0
BRDA:208,27,0,0
BRDA:209,28,0,0
BRDA:210,29,0,0
BRDA:211,30,0,0
BRDA:216,31,0,0
BRDA:216,31,1,0
BRDA:221,32,0,0
BRDA:221,32,1,0
BRDA:225,33,0,0
BRDA:225,33,1,0
BRDA:227,34,0,0
BRDA:227,34,1,0
BRDA:229,35,0,0
BRDA:229,35,1,0
BRDA:229,36,0,0
BRDA:229,36,1,0
BRDA:234,37,0,0
BRDA:234,37,1,0
BRDA:243,38,0,0
BRDA:243,38,1,0
BRDA:247,39,0,0
BRDA:247,39,1,0
BRDA:277,40,0,0
BRDA:278,41,0,0
BRDA:279,42,0,0
BRDA:284,43,0,0
BRDA:284,43,1,0
BRDA:297,44,0,0
BRDA:297,44,1,0
BRDA:298,45,0,0
BRDA:298,45,1,0
BRDA:332,46,0,0
BRDA:333,47,0,0
BRDA:334,48,0,0
BRDA:335,49,0,0
BRDA:340,50,0,0
BRDA:340,50,1,0
BRDA:345,51,0,0
BRDA:345,51,1,0
BRDA:354,52,0,0
BRDA:354,52,1,0
BRDA:358,53,0,0
BRDA:358,53,1,0
BRDA:397,54,0,0
BRDA:398,55,0,0
BRDA:401,56,0,0
BRDA:407,57,0,0
BRDA:407,57,1,0
BRDA:413,58,0,0
BRDA:413,58,1,0
BRDA:416,59,0,0
BRDA:416,59,1,0
BRF:96
BRH:0
end_of_record
TN:
SF:src/components/forms/FormSubmissionExamples.tsx
FN:48,BasicSubmitExample
FN:52,(anonymous_10)
FN:54,(anonymous_11)
FN:62,(anonymous_12)
FN:83,MultiStepFormExample
FN:96,(anonymous_14)
FN:98,(anonymous_15)
FN:101,(anonymous_16)
FN:108,(anonymous_17)
FN:134,(anonymous_18)
FN:134,(anonymous_19)
FN:157,SubmissionFeedbackExample
FN:166,(anonymous_21)
FN:167,(anonymous_22)
FN:173,(anonymous_23)
FN:191,(anonymous_24)
FN:192,(anonymous_25)
FN:203,(anonymous_26)
FN:209,(anonymous_27)
FN:227,(anonymous_28)
FN:235,(anonymous_29)
FN:253,(anonymous_30)
FN:258,(anonymous_31)
FN:271,ProgressTrackingExample
FN:285,(anonymous_33)
FN:299,(anonymous_34)
FN:337,(anonymous_35)
FN:364,OptimisticUpdateExample
FN:368,(anonymous_37)
FN:370,(anonymous_38)
FN:386,(anonymous_39)
FN:396,(anonymous_40)
FN:426,FormSkeletonExample
FN:435,(anonymous_42)
FN:512,FormSubmissionExamples
FNF:35
FNH:0
FNDA:0,BasicSubmitExample
FNDA:0,(anonymous_10)
FNDA:0,(anonymous_11)
FNDA:0,(anonymous_12)
FNDA:0,MultiStepFormExample
FNDA:0,(anonymous_14)
FNDA:0,(anonymous_15)
FNDA:0,(anonymous_16)
FNDA:0,(anonymous_17)
FNDA:0,(anonymous_18)
FNDA:0,(anonymous_19)
FNDA:0,SubmissionFeedbackExample
FNDA:0,(anonymous_21)
FNDA:0,(anonymous_22)
FNDA:0,(anonymous_23)
FNDA:0,(anonymous_24)
FNDA:0,(anonymous_25)
FNDA:0,(anonymous_26)
FNDA:0,(anonymous_27)
FNDA:0,(anonymous_28)
FNDA:0,(anonymous_29)
FNDA:0,(anonymous_30)
FNDA:0,(anonymous_31)
FNDA:0,ProgressTrackingExample
FNDA:0,(anonymous_33)
FNDA:0,(anonymous_34)
FNDA:0,(anonymous_35)
FNDA:0,OptimisticUpdateExample
FNDA:0,(anonymous_37)
FNDA:0,(anonymous_38)
FNDA:0,(anonymous_39)
FNDA:0,(anonymous_40)
FNDA:0,FormSkeletonExample
FNDA:0,(anonymous_42)
FNDA:0,FormSubmissionExamples
DA:5,0
DA:9,0
DA:10,0
DA:14,0
DA:20,0
DA:25,0
DA:30,0
DA:36,0
DA:42,0
DA:43,0
DA:48,0
DA:49,0
DA:50,0
DA:52,0
DA:54,0
DA:55,0
DA:58,0
DA:62,0
DA:83,0
DA:84,0
DA:85,0
DA:86,0
DA:87,0
DA:89,0
DA:96,0
DA:97,0
DA:98,0
DA:100,0
DA:101,0
DA:102,0
DA:104,0
DA:108,0
DA:109,0
DA:110,0
DA:114,0
DA:134,0
DA:157,0
DA:158,0
DA:159,0
DA:164,0
DA:166,0
DA:167,0
DA:168,0
DA:169,0
DA:173,0
DA:174,0
DA:175,0
DA:176,0
DA:181,0
DA:183,0
DA:191,0
DA:192,0
DA:193,0
DA:194,0
DA:197,0
DA:203,0
DA:209,0
DA:227,0
DA:235,0
DA:253,0
DA:258,0
DA:271,0
DA:272,0
DA:273,0
DA:274,0
DA:275,0
DA:283,0
DA:285,0
DA:286,0
DA:287,0
DA:288,0
DA:289,0
DA:292,0
DA:293,0
DA:294,0
DA:295,0
DA:298,0
DA:299,0
DA:300,0
DA:303,0
DA:304,0
DA:305,0
DA:306,0
DA:309,0
DA:312,0
DA:338,0
DA:364,0
DA:365,0
DA:366,0
DA:368,0
DA:370,0
DA:371,0
DA:372,0
DA:374,0
DA:377,0
DA:387,0
DA:396,0
DA:426,0
DA:427,0
DA:428,0
DA:430,0
DA:435,0
DA:512,0
DA:513,0
DA:515,0
LF:105
LH:0
BRDA:73,0,0,0
BRDA:73,0,1,0
BRDA:100,1,0,0
BRDA:100,1,1,0
BRDA:109,2,0,0
BRDA:147,3,0,0
BRDA:147,3,1,0
BRDA:168,4,0,0
BRDA:173,5,0,0
BRDA:216,6,0,0
BRDA:216,6,1,0
BRDA:218,7,0,0
BRDA:218,7,1,0
BRDA:241,8,0,0
BRDA:241,8,1,0
BRDA:303,9,0,0
BRDA:304,10,0,0
BRDA:305,11,0,0
BRDA:306,12,0,0
BRDA:321,13,0,0
BRDA:321,13,1,0
BRDA:324,14,0,0
BRDA:324,14,1,0
BRDA:340,15,0,0
BRDA:340,15,1,0
BRDA:346,16,0,0
BRDA:346,16,1,0
BRDA:371,17,0,0
BRDA:401,18,0,0
BRDA:401,18,1,0
BRDA:442,19,0,0
BRDA:442,19,1,0
BRF:32
BRH:0
end_of_record
TN:
SF:src/components/forms/FormTransition.tsx
FN:9,(anonymous_1)
FNF:1
FNH:0
FNDA:0,(anonymous_1)
DA:1,0
DA:2,0
DA:9,0
DA:10,0
LF:4
LH:0
BRF:0
BRH:0
end_of_record
TN:
SF:src/components/forms/InlineError.tsx
FN:100,(anonymous_1)
FN:174,(anonymous_2)
FN:259,(anonymous_3)
FN:272,(anonymous_4)
FN:294,(anonymous_5)
FNF:5
FNH:0
FNDA:0,(anonymous_1)
FNDA:0,(anonymous_2)
FNDA:0,(anonymous_3)
FNDA:0,(anonymous_4)
FNDA:0,(anonymous_5)
DA:1,0
DA:2,0
DA:3,0
DA:4,0
DA:51,0
DA:82,0
DA:100,0
DA:110,0
DA:111,0
DA:112,0
DA:114,0
DA:174,0
DA:183,0
DA:185,0
DA:187,0
DA:189,0
DA:191,0
DA:259,0
DA:267,0
DA:269,0
DA:270,0
DA:273,0
DA:287,0
DA:288,0
DA:290,0
DA:295,0
LF:26
LH:0
BRDA:102,0,0,0
BRDA:103,1,0,0
BRDA:107,2,0,0
BRDA:108,3,0,0
BRDA:111,4,0,0
BRDA:111,4,1,0
BRDA:112,5,0,0
BRDA:112,5,1,0
BRDA:116,6,0,0
BRDA:116,6,1,0
BRDA:122,7,0,0
BRDA:122,7,1,0
BRDA:123,8,0,0
BRDA:123,8,1,0
BRDA:131,9,0,0
BRDA:131,9,1,0
BRDA:134,10,0,0
BRDA:134,10,1,0
BRDA:138,11,0,0
BRDA:138,11,1,0
BRDA:138,11,2,0
BRDA:142,12,0,0
BRDA:142,12,1,0
BRDA:176,13,0,0
BRDA:177,14,0,0
BRDA:178,15,0,0
BRDA:185,16,0,0
BRDA:189,17,0,0
BRDA:207,18,0,0
BRDA:207,18,1,0
BRDA:207,18,2,0
BRDA:260,19,0,0
BRDA:261,20,0,0
BRDA:262,21,0,0
BRDA:265,22,0,0
BRDA:267,23,0,0
BRDA:267,24,0,0
BRDA:267,24,1,0
BRDA:269,25,0,0
BRF:39
BRH:0
end_of_record
TN:
SF:src/components/forms/OptimisticUpdate.tsx
FN:90,OptimisticUpdate
FN:93,(anonymous_11)
FN:116,(anonymous_12)
FN:117,(anonymous_13)
FN:123,(anonymous_14)
FN:134,(anonymous_15)
FN:161,(anonymous_16)
FN:162,(anonymous_17)
FN:167,(anonymous_18)
FN:180,(anonymous_19)
FN:191,(anonymous_20)
FN:229,SyncIndicator
FN:288,useOptimisticUpdate
FN:301,(anonymous_23)
FN:302,(anonymous_24)
FN:306,(anonymous_25)
FN:310,(anonymous_26)
FN:314,(anonymous_27)
FN:379,OptimisticList
FN:395,(anonymous_29)
FN:400,(anonymous_30)
FN:406,(anonymous_31)
FN:411,(anonymous_32)
FN:411,(anonymous_33)
FN:413,(anonymous_34)
FN:413,(anonymous_35)
FN:414,(anonymous_36)
FN:416,(anonymous_37)
FN:427,(anonymous_38)
FN:430,(anonymous_39)
FN:431,(anonymous_40)
FN:431,(anonymous_41)
FN:437,(anonymous_42)
FN:437,(anonymous_43)
FN:443,(anonymous_44)
FN:445,(anonymous_45)
FN:456,(anonymous_46)
FN:459,(anonymous_47)
FN:462,(anonymous_48)
FN:463,(anonymous_49)
FN:463,(anonymous_50)
FN:469,(anonymous_51)
FN:470,(anonymous_52)
FN:472,(anonymous_53)
FN:483,(anonymous_54)
FN:498,(anonymous_55)
FNF:46
FNH:0
FNDA:0,OptimisticUpdate
FNDA:0,(anonymous_11)
FNDA:0,(anonymous_12)
FNDA:0,(anonymous_13)
FNDA:0,(anonymous_14)
FNDA:0,(anonymous_15)
FNDA:0,(anonymous_16)
FNDA:0,(anonymous_17)
FNDA:0,(anonymous_18)
FNDA:0,(anonymous_19)
FNDA:0,(anonymous_20)
FNDA:0,SyncIndicator
FNDA:0,useOptimisticUpdate
FNDA:0,(anonymous_23)
FNDA:0,(anonymous_24)
FNDA:0,(anonymous_25)
FNDA:0,(anonymous_26)
FNDA:0,(anonymous_27)
FNDA:0,OptimisticList
FNDA:0,(anonymous_29)
FNDA:0,(anonymous_30)
FNDA:0,(anonymous_31)
FNDA:0,(anonymous_32)
FNDA:0,(anonymous_33)
FNDA:0,(anonymous_34)
FNDA:0,(anonymous_35)
FNDA:0,(anonymous_36)
FNDA:0,(anonymous_37)
FNDA:0,(anonymous_38)
FNDA:0,(anonymous_39)
FNDA:0,(anonymous_40)
FNDA:0,(anonymous_41)
FNDA:0,(anonymous_42)
FNDA:0,(anonymous_43)
FNDA:0,(anonymous_44)
FNDA:0,(anonymous_45)
FNDA:0,(anonymous_46)
FNDA:0,(anonymous_47)
FNDA:0,(anonymous_48)
FNDA:0,(anonymous_49)
FNDA:0,(anonymous_50)
FNDA:0,(anonymous_51)
FNDA:0,(anonymous_52)
FNDA:0,(anonymous_53)
FNDA:0,(anonymous_54)
FNDA:0,(anonymous_55)
DA:6,0
DA:7,0
DA:8,0
DA:9,0
DA:10,0
DA:90,0
DA:93,0
DA:103,0
DA:104,0
DA:105,0
DA:106,0
DA:107,0
DA:108,0
DA:109,0
DA:110,0
DA:111,0
DA:113,0
DA:116,0
DA:117,0
DA:118,0
DA:119,0
DA:123,0
DA:124,0
DA:125,0
DA:126,0
DA:127,0
DA:128,0
DA:129,0
DA:130,0
DA:133,0
DA:135,0
DA:136,0
DA:137,0
DA:138,0
DA:140,0
DA:143,0
DA:144,0
DA:145,0
DA:147,0
DA:148,0
DA:151,0
DA:152,0
DA:153,0
DA:155,0
DA:156,0
DA:160,0
DA:161,0
DA:162,0
DA:163,0
DA:167,0
DA:168,0
DA:169,0
DA:173,0
DA:179,0
DA:182,0
DA:183,0
DA:186,0
DA:191,0
DA:192,0
DA:193,0
DA:194,0
DA:198,0
DA:207,0
DA:213,0
DA:230,0
DA:231,0
DA:233,0
DA:235,0
DA:288,0
DA:292,0
DA:301,0
DA:302,0
DA:305,0
DA:307,0
DA:311,0
DA:312,0
DA:315,0
DA:316,0
DA:325,0
DA:379,0
DA:388,0
DA:389,0
DA:390,0
DA:391,0
DA:392,0
DA:395,0
DA:396,0
DA:399,0
DA:401,0
DA:403,0
DA:404,0
DA:406,0
DA:407,0
DA:409,0
DA:410,0
DA:411,0
DA:413,0
DA:414,0
DA:416,0
DA:417,0
DA:418,0
DA:419,0
DA:426,0
DA:428,0
DA:430,0
DA:431,0
DA:432,0
DA:435,0
DA:436,0
DA:437,0
DA:438,0
DA:442,0
DA:443,0
DA:445,0
DA:446,0
DA:447,0
DA:448,0
DA:455,0
DA:457,0
DA:459,0
DA:460,0
DA:462,0
DA:463,0
DA:465,0
DA:466,0
DA:469,0
DA:470,0
DA:472,0
DA:473,0
DA:474,0
DA:475,0
DA:482,0
DA:484,0
DA:486,0
DA:487,0
DA:488,0
DA:490,0
DA:492,0
DA:493,0
DA:494,0
DA:497,0
DA:498,0
DA:504,0
DA:505,0
DA:507,0
LF:145
LH:0
BRDA:93,0,0,0
BRDA:94,1,0,0
BRDA:95,2,0,0
BRDA:96,3,0,0
BRDA:97,4,0,0
BRDA:98,5,0,0
BRDA:118,6,0,0
BRDA:119,7,0,0
BRDA:129,8,0,0
BRDA:130,9,0,0
BRDA:134,10,0,0
BRDA:147,11,0,0
BRDA:151,12,0,0
BRDA:151,12,1,0
BRDA:155,13,0,0
BRDA:160,14,0,0
BRDA:160,14,1,0
BRDA:160,15,0,0
BRDA:160,15,1,0
BRDA:182,16,0,0
BRDA:182,16,1,0
BRDA:192,17,0,0
BRDA:199,18,0,0
BRDA:199,18,1,0
BRDA:216,19,0,0
BRDA:216,19,1,0
BRDA:233,20,0,0
BRDA:233,21,0,0
BRDA:233,21,1,0
BRDA:233,21,2,0
BRDA:247,22,0,0
BRDA:247,22,1,0
BRDA:249,23,0,0
BRDA:249,23,1,0
BRDA:254,24,0,0
BRDA:254,24,1,0
BRDA:258,25,0,0
BRDA:258,25,1,0
BRDA:268,26,0,0
BRDA:268,26,1,0
BRDA:401,27,0,0
BRDA:411,28,0,0
BRDA:411,28,1,0
BRDA:428,29,0,0
BRDA:432,30,0,0
BRDA:432,30,1,0
BRDA:438,31,0,0
BRDA:438,31,1,0
BRDA:457,32,0,0
BRDA:460,33,0,0
BRDA:484,34,0,0
BRF:51
BRH:0
end_of_record
TN:
SF:src/components/forms/PasswordStrengthIndicator.tsx
FN:8,(anonymous_10)
FN:9,(anonymous_11)
FN:30,(anonymous_12)
FN:48,(anonymous_13)
FN:80,(anonymous_14)
FNF:5
FNH:0
FNDA:0,(anonymous_10)
FNDA:0,(anonymous_11)
FNDA:0,(anonymous_12)
FNDA:0,(anonymous_13)
FNDA:0,(anonymous_14)
DA:1,0
DA:2,0
DA:8,0
DA:9,0
DA:10,0
DA:12,0
DA:15,0
DA:16,0
DA:19,0
DA:20,0
DA:21,0
DA:22,0
DA:25,0
DA:27,0
DA:30,0
DA:31,0
DA:33,0
DA:36,0
DA:38,0
DA:40,0
DA:42,0
DA:44,0
DA:48,0
DA:49,0
DA:52,0
DA:54,0
DA:56,0
DA:58,0
DA:60,0
DA:64,0
DA:66,0
DA:81,0
LF:32
LH:0
BRDA:10,0,0,0
BRDA:15,1,0,0
BRDA:16,2,0,0
BRDA:19,3,0,0
BRDA:20,4,0,0
BRDA:21,5,0,0
BRDA:22,6,0,0
BRDA:25,7,0,0
BRDA:31,8,0,0
BRDA:31,8,1,0
BRDA:31,8,2,0
BRDA:31,8,3,0
BRDA:31,8,4,0
BRDA:31,8,5,0
BRDA:31,8,6,0
BRDA:49,9,0,0
BRDA:49,9,1,0
BRDA:49,9,2,0
BRDA:49,9,3,0
BRDA:49,9,4,0
BRDA:49,9,5,0
BRDA:64,10,0,0
BRDA:72,11,0,0
BRDA:72,11,1,0
BRDA:73,12,0,0
BRDA:73,12,1,0
BRDA:74,13,0,0
BRDA:74,13,1,0
BRDA:85,14,0,0
BRDA:85,14,1,0
BRF:30
BRH:0
end_of_record
TN:
SF:src/components/forms/RadioField.tsx
FN:93,(anonymous_10)
FN:113,(anonymous_11)
FN:127,(anonymous_12)
FN:159,(anonymous_13)
FN:163,(anonymous_14)
FN:281,(anonymous_15)
FN:301,(anonymous_16)
FN:309,(anonymous_17)
FNF:8
FNH:0
FNDA:0,(anonymous_10)
FNDA:0,(anonymous_11)
FNDA:0,(anonymous_12)
FNDA:0,(anonymous_13)
FNDA:0,(anonymous_14)
FNDA:0,(anonymous_15)
FNDA:0,(anonymous_16)
FNDA:0,(anonymous_17)
DA:1,0
DA:2,0
DA:3,0
DA:4,0
DA:5,0
DA:74,0
DA:92,0
DA:110,0
DA:111,0
DA:113,0
DA:114,0
DA:127,0
DA:159,0
DA:160,0
DA:163,0
DA:251,0
DA:282,0
DA:296,0
DA:301,0
DA:302,0
DA:304,0
DA:310,0
DA:323,0
LF:23
LH:0
BRDA:97,0,0,0
BRDA:98,1,0,0
BRDA:99,2,0,0
BRDA:118,3,0,0
BRDA:118,3,1,0
BRDA:127,4,0,0
BRDA:127,4,1,0
BRDA:134,5,0,0
BRDA:134,5,1,0
BRDA:144,6,0,0
BRDA:144,6,1,0
BRDA:147,7,0,0
BRDA:147,7,1,0
BRDA:152,8,0,0
BRDA:152,8,1,0
BRDA:163,9,0,0
BRDA:163,9,1,0
BRDA:165,10,0,0
BRDA:165,10,1,0
BRDA:169,11,0,0
BRDA:169,11,1,0
BRDA:170,12,0,0
BRDA:170,12,1,0
BRDA:174,13,0,0
BRDA:174,13,1,0
BRDA:175,14,0,0
BRDA:175,14,1,0
BRDA:179,15,0,0
BRDA:179,15,1,0
BRDA:183,16,0,0
BRDA:183,16,1,0
BRDA:184,17,0,0
BRDA:184,17,1,0
BRDA:197,18,0,0
BRDA:197,18,1,0
BRDA:198,19,0,0
BRDA:198,19,1,0
BRDA:210,20,0,0
BRDA:210,20,1,0
BRDA:211,21,0,0
BRDA:211,21,1,0
BRDA:217,22,0,0
BRDA:217,22,1,0
BRDA:223,23,0,0
BRDA:223,23,1,0
BRDA:232,24,0,0
BRDA:232,24,1,0
BRDA:236,25,0,0
BRDA:236,25,1,0
BRDA:237,26,0,0
BRDA:237,26,1,0
BRDA:253,27,0,0
BRDA:253,27,1,0
BRDA:257,28,0,0
BRDA:257,28,1,0
BRDA:264,29,0,0
BRDA:264,29,1,0
BRDA:270,30,0,0
BRDA:270,30,1,0
BRDA:271,31,0,0
BRDA:271,31,1,0
BRDA:272,32,0,0
BRDA:272,32,1,0
BRDA:272,32,2,0
BRDA:273,33,0,0
BRDA:273,33,1,0
BRDA:273,33,2,0
BRDA:274,34,0,0
BRDA:274,34,1,0
BRDA:274,34,2,0
BRDA:282,35,0,0
BRDA:282,35,1,0
BRDA:286,36,0,0
BRDA:286,36,1,0
BRDA:286,36,2,0
BRF:75
BRH:0
end_of_record
TN:
SF:src/components/forms/SelectField.tsx
FN:110,(anonymous_10)
FN:144,(anonymous_11)
FN:145,(anonymous_12)
FN:153,(anonymous_13)
FN:158,(anonymous_14)
FN:165,(anonymous_15)
FN:170,(anonymous_16)
FN:171,(anonymous_17)
FN:178,(anonymous_18)
FN:182,(anonymous_19)
FN:189,(anonymous_20)
FN:193,(anonymous_21)
FN:205,(anonymous_22)
FN:211,(anonymous_23)
FN:221,(anonymous_24)
FN:225,(anonymous_25)
FN:232,(anonymous_26)
FN:242,(anonymous_27)
FN:243,(anonymous_28)
FN:246,(anonymous_29)
FN:254,(anonymous_30)
FN:289,(anonymous_31)
FN:310,(anonymous_32)
FN:347,(anonymous_33)
FN:362,(anonymous_34)
FN:366,(anonymous_35)
FN:380,(anonymous_36)
FN:385,(anonymous_37)
FN:389,(anonymous_38)
FN:427,(anonymous_39)
FN:435,(anonymous_40)
FNF:31
FNH:0
FNDA:0,(anonymous_10)
FNDA:0,(anonymous_11)
FNDA:0,(anonymous_12)
FNDA:0,(anonymous_13)
FNDA:0,(anonymous_14)
FNDA:0,(anonymous_15)
FNDA:0,(anonymous_16)
FNDA:0,(anonymous_17)
FNDA:0,(anonymous_18)
FNDA:0,(anonymous_19)
FNDA:0,(anonymous_20)
FNDA:0,(anonymous_21)
FNDA:0,(anonymous_22)
FNDA:0,(anonymous_23)
FNDA:0,(anonymous_24)
FNDA:0,(anonymous_25)
FNDA:0,(anonymous_26)
FNDA:0,(anonymous_27)
FNDA:0,(anonymous_28)
FNDA:0,(anonymous_29)
FNDA:0,(anonymous_30)
FNDA:0,(anonymous_31)
FNDA:0,(anonymous_32)
FNDA:0,(anonymous_33)
FNDA:0,(anonymous_34)
FNDA:0,(anonymous_35)
FNDA:0,(anonymous_36)
FNDA:0,(anonymous_37)
FNDA:0,(anonymous_38)
FNDA:0,(anonymous_39)
FNDA:0,(anonymous_40)
DA:1,0
DA:2,0
DA:3,0
DA:9,0
DA:10,0
DA:11,0
DA:109,0
DA:134,0
DA:135,0
DA:136,0
DA:137,0
DA:138,0
DA:139,0
DA:141,0
DA:144,0
DA:145,0
DA:146,0
DA:147,0
DA:151,0
DA:152,0
DA:153,0
DA:158,0
DA:159,0
DA:160,0
DA:165,0
DA:166,0
DA:167,0
DA:168,0
DA:170,0
DA:171,0
DA:175,0
DA:178,0
DA:179,0
DA:181,0
DA:182,0
DA:183,0
DA:189,0
DA:190,0
DA:191,0
DA:193,0
DA:194,0
DA:195,0
DA:196,0
DA:198,0
DA:202,0
DA:205,0
DA:206,0
DA:208,0
DA:209,0
DA:210,0
DA:211,0
DA:213,0
DA:215,0
DA:216,0
DA:218,0
DA:221,0
DA:222,0
DA:225,0
DA:226,0
DA:227,0
DA:229,0
DA:232,0
DA:233,0
DA:234,0
DA:237,0
DA:238,0
DA:241,0
DA:242,0
DA:243,0
DA:246,0
DA:247,0
DA:250,0
DA:251,0
DA:254,0
DA:255,0
DA:269,0
DA:289,0
DA:311,0
DA:312,0
DA:347,0
DA:363,0
DA:366,0
DA:381,0
DA:386,0
DA:389,0
DA:422,0
DA:427,0
DA:428,0
DA:430,0
DA:436,0
DA:449,0
LF:91
LH:0
BRDA:113,0,0,0
BRDA:115,1,0,0
BRDA:116,2,0,0
BRDA:117,3,0,0
BRDA:118,4,0,0
BRDA:120,5,0,0
BRDA:123,6,0,0
BRDA:146,7,0,0
BRDA:146,8,0,0
BRDA:146,8,1,0
BRDA:151,9,0,0
BRDA:159,10,0,0
BRDA:159,11,0,0
BRDA:159,11,1,0
BRDA:159,11,2,0
BRDA:166,12,0,0
BRDA:166,13,0,0
BRDA:166,13,1,0
BRDA:175,14,0,0
BRDA:175,14,1,0
BRDA:179,15,0,0
BRDA:183,16,0,0
BRDA:183,16,1,0
BRDA:183,16,2,0
BRDA:194,17,0,0
BRDA:194,17,1,0
BRDA:195,18,0,0
BRDA:206,19,0,0
BRDA:208,20,0,0
BRDA:208,20,1,0
BRDA:209,21,0,0
BRDA:209,21,1,0
BRDA:210,22,0,0
BRDA:210,22,1,0
BRDA:222,23,0,0
BRDA:222,23,1,0
BRDA:226,24,0,0
BRDA:227,25,0,0
BRDA:227,25,1,0
BRDA:233,26,0,0
BRDA:237,27,0,0
BRDA:237,28,0,0
BRDA:237,28,1,0
BRDA:237,28,2,0
BRDA:241,29,0,0
BRDA:241,30,0,0
BRDA:241,30,1,0
BRDA:247,31,0,0
BRDA:247,31,1,0
BRDA:251,32,0,0
BRDA:251,32,1,0
BRDA:251,32,2,0
BRDA:251,32,3,0
BRDA:252,33,0,0
BRDA:252,33,1,0
BRDA:252,34,0,0
BRDA:252,34,1,0
BRDA:257,35,0,0
BRDA:257,35,1,0
BRDA:260,36,0,0
BRDA:260,36,1,0
BRDA:265,37,0,0
BRDA:265,37,1,0
BRDA:271,38,0,0
BRDA:271,38,1,0
BRDA:275,39,0,0
BRDA:275,39,1,0
BRDA:282,40,0,0
BRDA:282,40,1,0
BRDA:289,41,0,0
BRDA:289,41,1,0
BRDA:294,42,0,0
BRDA:294,42,1,0
BRDA:297,43,0,0
BRDA:297,43,1,0
BRDA:303,44,0,0
BRDA:303,44,1,0
BRDA:304,45,0,0
BRDA:304,45,1,0
BRDA:307,46,0,0
BRDA:307,46,1,0
BRDA:323,47,0,0
BRDA:323,47,1,0
BRDA:331,48,0,0
BRDA:331,48,1,0
BRDA:339,49,0,0
BRDA:339,49,1,0
BRDA:356,50,0,0
BRDA:356,50,1,0
BRDA:356,51,0,0
BRDA:356,51,1,0
BRDA:358,52,0,0
BRDA:358,52,1,0
BRDA:370,53,0,0
BRDA:370,53,1,0
BRDA:373,54,0,0
BRDA:373,54,1,0
BRDA:376,55,0,0
BRDA:376,55,1,0
BRDA:393,56,0,0
BRDA:393,56,1,0
BRDA:396,57,0,0
BRDA:396,57,1,0
BRDA:399,58,0,0
BRDA:399,58,1,0
BRDA:412,59,0,0
BRDA:412,59,1,0
BRDA:412,59,2,0
BRF:108
BRH:0
end_of_record
TN:
SF:src/components/forms/SubmissionFeedback.tsx
FN:76,(anonymous_10)
FN:94,(anonymous_11)
FN:96,(anonymous_12)
FN:101,(anonymous_13)
FN:207,(anonymous_14)
FN:221,(anonymous_15)
FN:300,(anonymous_16)
FN:317,(anonymous_17)
FN:378,(anonymous_18)
FN:442,(anonymous_19)
FNF:10
FNH:0
FNDA:0,(anonymous_10)
FNDA:0,(anonymous_11)
FNDA:0,(anonymous_12)
FNDA:0,(anonymous_13)
FNDA:0,(anonymous_14)
FNDA:0,(anonymous_15)
FNDA:0,(anonymous_16)
FNDA:0,(anonymous_17)
FNDA:0,(anonymous_18)
FNDA:0,(anonymous_19)
DA:6,0
DA:7,0
DA:8,0
DA:9,0
DA:10,0
DA:76,0
DA:91,0
DA:92,0
DA:94,0
DA:95,0
DA:96,0
DA:97,0
DA:101,0
DA:102,0
DA:103,0
DA:108,0
DA:115,0
DA:122,0
DA:129,0
DA:131,0
DA:157,0
DA:208,0
DA:222,0
DA:300,0
DA:306,0
DA:308,0
DA:309,0
DA:318,0
DA:370,0
DA:379,0
DA:442,0
DA:449,0
DA:450,0
DA:452,0
DA:454,0
DA:455,0
DA:463,0
DA:471,0
LF:38
LH:0
BRDA:83,0,0,0
BRDA:85,1,0,0
BRDA:86,2,0,0
BRDA:88,3,0,0
BRDA:89,4,0,0
BRDA:95,5,0,0
BRDA:95,6,0,0
BRDA:95,6,1,0
BRDA:102,7,0,0
BRDA:140,8,0,0
BRDA:140,8,1,0
BRDA:140,9,0,0
BRDA:140,9,1,0
BRDA:141,10,0,0
BRDA:141,10,1,0
BRDA:141,11,0,0
BRDA:141,11,1,0
BRDA:146,12,0,0
BRDA:146,12,1,0
BRDA:146,13,0,0
BRDA:146,13,1,0
BRDA:147,14,0,0
BRDA:147,14,1,0
BRDA:147,15,0,0
BRDA:147,15,1,0
BRDA:162,16,0,0
BRDA:162,16,1,0
BRDA:171,17,0,0
BRDA:171,17,1,0
BRDA:174,18,0,0
BRDA:174,18,1,0
BRDA:176,19,0,0
BRDA:176,19,1,0
BRDA:180,20,0,0
BRDA:180,20,1,0
BRDA:180,21,0,0
BRDA:180,21,1,0
BRDA:183,22,0,0
BRDA:183,22,1,0
BRDA:189,23,0,0
BRDA:189,23,1,0
BRDA:192,24,0,0
BRDA:192,24,1,0
BRDA:200,25,0,0
BRDA:200,25,1,0
BRDA:200,25,2,0
BRDA:203,26,0,0
BRDA:203,26,1,0
BRDA:216,27,0,0
BRDA:216,27,1,0
BRDA:216,27,2,0
BRDA:219,28,0,0
BRDA:219,28,1,0
BRDA:227,29,0,0
BRDA:227,29,1,0
BRDA:228,30,0,0
BRDA:228,30,1,0
BRDA:230,31,0,0
BRDA:230,31,1,0
BRDA:231,32,0,0
BRDA:231,32,1,0
BRDA:232,33,0,0
BRDA:232,33,1,0
BRDA:233,34,0,0
BRDA:233,34,1,0
BRDA:237,35,0,0
BRDA:237,35,1,0
BRDA:238,36,0,0
BRDA:238,36,1,0
BRDA:239,37,0,0
BRDA:239,37,1,0
BRDA:240,38,0,0
BRDA:240,38,1,0
BRDA:244,39,0,0
BRDA:244,39,1,0
BRDA:254,40,0,0
BRDA:254,40,1,0
BRDA:264,41,0,0
BRDA:264,41,1,0
BRDA:303,42,0,0
BRDA:308,43,0,0
BRDA:311,44,0,0
BRDA:311,44,1,0
BRDA:322,45,0,0
BRDA:322,45,1,0
BRDA:331,46,0,0
BRDA:331,46,1,0
BRDA:336,47,0,0
BRDA:336,47,1,0
BRDA:341,48,0,0
BRDA:341,48,1,0
BRDA:347,49,0,0
BRDA:347,49,1,0
BRDA:352,50,0,0
BRDA:352,50,1,0
BRDA:352,50,2,0
BRDA:372,51,0,0
BRDA:372,51,1,0
BRDA:383,52,0,0
BRDA:383,52,1,0
BRDA:388,53,0,0
BRDA:388,53,1,0
BRDA:393,54,0,0
BRDA:393,54,1,0
BRDA:399,55,0,0
BRDA:399,55,1,0
BRDA:404,56,0,0
BRDA:404,56,1,0
BRDA:404,56,2,0
BRDA:445,57,0,0
BRDA:446,58,0,0
BRDA:450,59,0,0
BRDA:450,59,1,0
BRDA:454,60,0,0
BRDA:456,61,0,0
BRDA:456,61,1,0
BRDA:463,62,0,0
BRDA:463,62,1,0
BRDA:464,63,0,0
BRDA:464,63,1,0
BRDA:464,64,0,0
BRDA:464,64,1,0
BRDA:466,65,0,0
BRDA:466,65,1,0
BRF:124
BRH:0
end_of_record
TN:
SF:src/components/forms/SubmitButton.tsx
FN:87,(anonymous_10)
FN:125,(anonymous_11)
FN:127,(anonymous_12)
FN:132,(anonymous_13)
FN:140,(anonymous_14)
FN:205,(anonymous_15)
FN:245,(anonymous_16)
FN:322,useSubmitButton
FN:330,(anonymous_18)
FN:331,(anonymous_19)
FN:336,(anonymous_20)
FN:342,(anonymous_21)
FN:349,(anonymous_22)
FN:355,(anonymous_23)
FN:362,(anonymous_24)
FN:363,(anonymous_25)
FNF:16
FNH:0
FNDA:0,(anonymous_10)
FNDA:0,(anonymous_11)
FNDA:0,(anonymous_12)
FNDA:0,(anonymous_13)
FNDA:0,(anonymous_14)
FNDA:0,(anonymous_15)
FNDA:0,(anonymous_16)
FNDA:0,useSubmitButton
FNDA:0,(anonymous_18)
FNDA:0,(anonymous_19)
FNDA:0,(anonymous_20)
FNDA:0,(anonymous_21)
FNDA:0,(anonymous_22)
FNDA:0,(anonymous_23)
FNDA:0,(anonymous_24)
FNDA:0,(anonymous_25)
DA:6,0
DA:7,0
DA:8,0
DA:10,0
DA:86,0
DA:114,0
DA:115,0
DA:116,0
DA:117,0
DA:120,0
DA:121,0
DA:122,0
DA:125,0
DA:126,0
DA:127,0
DA:128,0
DA:132,0
DA:133,0
DA:134,0
DA:140,0
DA:141,0
DA:142,0
DA:143,0
DA:144,0
DA:145,0
DA:146,0
DA:147,0
DA:153,0
DA:156,0
DA:191,0
DA:198,0
DA:205,0
DA:206,0
DA:208,0
DA:209,0
DA:224,0
DA:225,0
DA:233,0
DA:234,0
DA:242,0
DA:245,0
DA:246,0
DA:247,0
DA:248,0
DA:249,0
DA:250,0
DA:252,0
DA:253,0
DA:256,0
DA:257,0
DA:259,0
DA:260,0
DA:264,0
DA:317,0
DA:322,0
DA:327,0
DA:328,0
DA:330,0
DA:331,0
DA:332,0
DA:333,0
DA:335,0
DA:336,0
DA:337,0
DA:342,0
DA:343,0
DA:344,0
DA:345,0
DA:348,0
DA:349,0
DA:350,0
DA:355,0
DA:356,0
DA:357,0
DA:358,0
DA:362,0
DA:363,0
DA:364,0
DA:365,0
DA:370,0
LF:80
LH:0
BRDA:91,0,0,0
BRDA:92,1,0,0
BRDA:96,2,0,0
BRDA:97,3,0,0
BRDA:101,4,0,0
BRDA:102,5,0,0
BRDA:104,6,0,0
BRDA:106,7,0,0
BRDA:120,8,0,0
BRDA:120,8,1,0
BRDA:121,9,0,0
BRDA:121,9,1,0
BRDA:122,10,0,0
BRDA:122,10,1,0
BRDA:126,11,0,0
BRDA:126,12,0,0
BRDA:126,12,1,0
BRDA:126,12,2,0
BRDA:126,12,3,0
BRDA:126,12,4,0
BRDA:133,13,0,0
BRDA:141,14,0,0
BRDA:141,15,0,0
BRDA:141,15,1,0
BRDA:142,16,0,0
BRDA:142,16,1,0
BRDA:143,17,0,0
BRDA:143,17,1,0
BRDA:144,18,0,0
BRDA:144,18,1,0
BRDA:145,19,0,0
BRDA:145,19,1,0
BRDA:146,20,0,0
BRDA:147,21,0,0
BRDA:147,21,1,0
BRDA:160,22,0,0
BRDA:160,22,1,0
BRDA:168,23,0,0
BRDA:168,23,1,0
BRDA:176,24,0,0
BRDA:176,24,1,0
BRDA:208,25,0,0
BRDA:211,26,0,0
BRDA:211,26,1,0
BRDA:211,26,2,0
BRDA:214,27,0,0
BRDA:214,27,1,0
BRDA:215,28,0,0
BRDA:215,28,1,0
BRDA:224,29,0,0
BRDA:224,30,0,0
BRDA:224,30,1,0
BRDA:224,30,2,0
BRDA:227,31,0,0
BRDA:227,31,1,0
BRDA:228,32,0,0
BRDA:228,32,1,0
BRDA:233,33,0,0
BRDA:233,34,0,0
BRDA:233,34,1,0
BRDA:233,34,2,0
BRDA:236,35,0,0
BRDA:236,35,1,0
BRDA:237,36,0,0
BRDA:237,36,1,0
BRDA:246,37,0,0
BRDA:246,37,1,0
BRDA:246,38,0,0
BRDA:246,38,1,0
BRDA:246,38,2,0
BRDA:249,39,0,0
BRDA:252,40,0,0
BRDA:259,41,0,0
BRDA:273,42,0,0
BRDA:273,42,1,0
BRDA:274,43,0,0
BRDA:274,43,1,0
BRDA:274,43,2,0
BRDA:277,44,0,0
BRDA:277,44,1,0
BRDA:282,45,0,0
BRDA:282,45,1,0
BRDA:282,46,0,0
BRDA:282,46,1,0
BRDA:283,47,0,0
BRDA:283,47,1,0
BRDA:283,48,0,0
BRDA:283,48,1,0
BRDA:284,49,0,0
BRDA:284,49,1,0
BRDA:284,50,0,0
BRDA:284,50,1,0
BRDA:293,51,0,0
BRDA:293,51,1,0
BRDA:293,51,2,0
BRDA:304,52,0,0
BRDA:304,52,1,0
BRDA:335,53,0,0
BRDA:344,54,0,0
BRDA:344,55,0,0
BRDA:344,55,1,0
BRDA:348,56,0,0
BRDA:357,57,0,0
BRDA:364,58,0,0
BRF:104
BRH:0
end_of_record
TN:
SF:src/components/forms/TextField.tsx
FN:80,(anonymous_10)
FN:115,(anonymous_11)
FN:166,(anonymous_12)
FN:167,(anonymous_13)
FN:208,(anonymous_14)
FN:264,(anonymous_15)
FN:272,(anonymous_16)
FNF:7
FNH:0
FNDA:0,(anonymous_10)
FNDA:0,(anonymous_11)
FNDA:0,(anonymous_12)
FNDA:0,(anonymous_13)
FNDA:0,(anonymous_14)
FNDA:0,(anonymous_15)
FNDA:0,(anonymous_16)
DA:1,0
DA:2,0
DA:3,0
DA:4,0
DA:5,0
DA:6,0
DA:79,0
DA:105,0
DA:106,0
DA:108,0
DA:109,0
DA:110,0
DA:112,0
DA:113,0
DA:115,0
DA:116,0
DA:117,0
DA:120,0
DA:124,0
DA:166,0
DA:167,0
DA:208,0
DA:259,0
DA:264,0
DA:265,0
DA:267,0
DA:273,0
DA:287,0
LF:28
LH:0
BRDA:85,0,0,0
BRDA:86,1,0,0
BRDA:88,2,0,0
BRDA:96,3,0,0
BRDA:108,4,0,0
BRDA:108,4,1,0
BRDA:108,5,0,0
BRDA:108,5,1,0
BRDA:109,6,0,0
BRDA:109,6,1,0
BRDA:109,6,2,0
BRDA:110,7,0,0
BRDA:110,7,1,0
BRDA:110,7,2,0
BRDA:112,8,0,0
BRDA:112,8,1,0
BRDA:116,9,0,0
BRDA:126,10,0,0
BRDA:126,10,1,0
BRDA:131,11,0,0
BRDA:131,11,1,0
BRDA:138,12,0,0
BRDA:138,12,1,0
BRDA:143,13,0,0
BRDA:143,13,1,0
BRDA:148,14,0,0
BRDA:148,14,1,0
BRDA:150,15,0,0
BRDA:150,15,1,0
BRDA:171,16,0,0
BRDA:171,16,1,0
BRDA:172,17,0,0
BRDA:172,17,1,0
BRDA:172,17,2,0
BRDA:172,17,3,0
BRDA:173,18,0,0
BRDA:173,18,1,0
BRDA:176,19,0,0
BRDA:176,19,1,0
BRDA:190,20,0,0
BRDA:190,20,1,0
BRDA:205,21,0,0
BRDA:205,21,1,0
BRDA:210,22,0,0
BRDA:210,22,1,0
BRDA:212,23,0,0
BRDA:212,23,1,0
BRDA:220,24,0,0
BRDA:220,24,1,0
BRDA:220,24,2,0
BRDA:220,24,3,0
BRDA:224,25,0,0
BRDA:224,25,1,0
BRDA:233,26,0,0
BRDA:233,26,1,0
BRDA:233,26,2,0
BRDA:233,26,3,0
BRDA:233,26,4,0
BRDA:235,27,0,0
BRDA:235,27,1,0
BRDA:238,28,0,0
BRDA:238,28,1,0
BRDA:238,28,2,0
BRDA:242,29,0,0
BRDA:242,29,1,0
BRDA:253,30,0,0
BRDA:253,30,1,0
BRF:67
BRH:0
end_of_record
TN:
SF:src/components/forms/TextareaField.tsx
FN:97,(anonymous_10)
FN:134,(anonymous_11)
FN:146,(anonymous_12)
FN:163,(anonymous_13)
FN:191,(anonymous_14)
FN:200,(anonymous_15)
FN:209,(anonymous_16)
FN:219,(anonymous_17)
FN:228,(anonymous_18)
FN:237,(anonymous_19)
FN:249,(anonymous_20)
FN:284,(anonymous_21)
FN:296,(anonymous_22)
FN:297,(anonymous_23)
FN:358,(anonymous_24)
FN:366,(anonymous_25)
FNF:16
FNH:0
FNDA:0,(anonymous_10)
FNDA:0,(anonymous_11)
FNDA:0,(anonymous_12)
FNDA:0,(anonymous_13)
FNDA:0,(anonymous_14)
FNDA:0,(anonymous_15)
FNDA:0,(anonymous_16)
FNDA:0,(anonymous_17)
FNDA:0,(anonymous_18)
FNDA:0,(anonymous_19)
FNDA:0,(anonymous_20)
FNDA:0,(anonymous_21)
FNDA:0,(anonymous_22)
FNDA:0,(anonymous_23)
FNDA:0,(anonymous_24)
FNDA:0,(anonymous_25)
DA:1,0
DA:2,0
DA:3,0
DA:13,0
DA:14,0
DA:96,0
DA:124,0
DA:125,0
DA:126,0
DA:128,0
DA:129,0
DA:130,0
DA:131,0
DA:134,0
DA:135,0
DA:136,0
DA:137,0
DA:138,0
DA:139,0
DA:140,0
DA:141,0
DA:146,0
DA:147,0
DA:149,0
DA:150,0
DA:151,0
DA:152,0
DA:153,0
DA:155,0
DA:156,0
DA:159,0
DA:163,0
DA:164,0
DA:165,0
DA:169,0
DA:191,0
DA:200,0
DA:209,0
DA:219,0
DA:228,0
DA:237,0
DA:249,0
DA:286,0
DA:287,0
DA:288,0
DA:296,0
DA:297,0
DA:353,0
DA:358,0
DA:359,0
DA:361,0
DA:367,0
DA:381,0
LF:53
LH:0
BRDA:102,0,0,0
BRDA:103,1,0,0
BRDA:104,2,0,0
BRDA:105,3,0,0
BRDA:106,4,0,0
BRDA:108,5,0,0
BRDA:109,6,0,0
BRDA:117,7,0,0
BRDA:131,8,0,0
BRDA:131,8,1,0
BRDA:135,9,0,0
BRDA:135,10,0,0
BRDA:135,10,1,0
BRDA:146,11,0,0
BRDA:147,12,0,0
BRDA:147,13,0,0
BRDA:147,13,1,0
BRDA:155,14,0,0
BRDA:171,15,0,0
BRDA:171,15,1,0
BRDA:176,16,0,0
BRDA:176,16,1,0
BRDA:183,17,0,0
BRDA:183,17,1,0
BRDA:187,18,0,0
BRDA:187,18,1,0
BRDA:187,18,2,0
BRDA:244,19,0,0
BRDA:244,19,1,0
BRDA:244,19,2,0
BRDA:252,20,0,0
BRDA:252,20,1,0
BRDA:270,21,0,0
BRDA:270,21,1,0
BRDA:270,22,0,0
BRDA:270,22,1,0
BRDA:280,23,0,0
BRDA:280,23,1,0
BRDA:286,24,0,0
BRDA:286,24,1,0
BRDA:287,25,0,0
BRDA:301,26,0,0
BRDA:301,26,1,0
BRDA:302,27,0,0
BRDA:302,27,1,0
BRDA:305,28,0,0
BRDA:305,28,1,0
BRDA:312,29,0,0
BRDA:312,29,1,0
BRDA:320,30,0,0
BRDA:320,30,1,0
BRDA:320,30,2,0
BRDA:320,30,3,0
BRDA:320,30,4,0
BRDA:322,31,0,0
BRDA:322,31,1,0
BRDA:326,32,0,0
BRDA:326,32,1,0
BRDA:328,33,0,0
BRDA:328,33,1,0
BRDA:331,34,0,0
BRDA:331,34,1,0
BRDA:331,34,2,0
BRDA:335,35,0,0
BRDA:335,35,1,0
BRDA:347,36,0,0
BRDA:347,36,1,0
BRF:67
BRH:0
end_of_record
TN:
SF:src/components/forms/ValidationIcon.tsx
FN:91,(anonymous_1)
FN:161,(anonymous_2)
FN:210,(anonymous_3)
FNF:3
FNH:0
FNDA:0,(anonymous_1)
FNDA:0,(anonymous_2)
FNDA:0,(anonymous_3)
DA:1,0
DA:2,0
DA:3,0
DA:9,0
DA:10,0
DA:11,0
DA:50,0
DA:57,0
DA:91,0
DA:101,0
DA:102,0
DA:104,0
DA:107,0
DA:132,0
DA:133,0
DA:140,0
DA:161,0
DA:168,0
DA:169,0
DA:171,0
DA:210,0
DA:217,0
LF:22
LH:0
BRDA:94,0,0,0
BRDA:95,1,0,0
BRDA:97,2,0,0
BRDA:99,3,0,0
BRDA:104,4,0,0
BRDA:114,5,0,0
BRDA:114,5,1,0
BRDA:117,6,0,0
BRDA:117,6,1,0
BRDA:123,7,0,0
BRDA:123,7,1,0
BRDA:124,8,0,0
BRDA:124,8,1,0
BRDA:132,9,0,0
BRDA:132,10,0,0
BRDA:132,10,1,0
BRDA:164,11,0,0
BRDA:165,12,0,0
BRDA:169,13,0,0
BRDA:169,13,1,0
BRDA:173,14,0,0
BRDA:173,14,1,0
BRDA:173,14,2,0
BRDA:177,15,0,0
BRDA:177,15,1,0
BRDA:177,15,2,0
BRDA:214,16,0,0
BRDA:219,17,0,0
BRDA:219,17,1,0
BRDA:222,18,0,0
BRDA:222,18,1,0
BRDA:223,19,0,0
BRDA:223,19,1,0
BRF:33
BRH:0
end_of_record
TN:
SF:src/components/forms/index.ts
FN:2,(anonymous_0)
FN:3,(anonymous_1)
FN:4,(anonymous_2)
FN:5,(anonymous_3)
FN:6,(anonymous_4)
FN:9,(anonymous_5)
FN:9,(anonymous_6)
FN:10,(anonymous_7)
FN:10,(anonymous_8)
FN:11,(anonymous_9)
FN:11,(anonymous_10)
FN:12,(anonymous_11)
FN:12,(anonymous_12)
FN:12,(anonymous_13)
FN:12,(anonymous_14)
FN:13,(anonymous_15)
FN:13,(anonymous_16)
FN:14,(anonymous_17)
FN:14,(anonymous_18)
FN:15,(anonymous_19)
FN:15,(anonymous_20)
FN:16,(anonymous_21)
FN:16,(anonymous_22)
FN:16,(anonymous_23)
FN:16,(anonymous_24)
FN:19,(anonymous_25)
FN:19,(anonymous_26)
FN:21,(anonymous_27)
FN:22,(anonymous_28)
FN:23,(anonymous_29)
FN:24,(anonymous_30)
FN:27,(anonymous_31)
FN:28,(anonymous_32)
FN:29,(anonymous_33)
FN:32,(anonymous_34)
FN:33,(anonymous_35)
FN:34,(anonymous_36)
FN:35,(anonymous_37)
FN:36,(anonymous_38)
FN:39,(anonymous_39)
FN:40,(anonymous_40)
FN:41,(anonymous_41)
FN:45,(anonymous_42)
FN:45,(anonymous_43)
FN:46,(anonymous_44)
FN:46,(anonymous_45)
FN:48,(anonymous_46)
FN:49,(anonymous_47)
FN:50,(anonymous_48)
FN:54,(anonymous_49)
FN:55,(anonymous_50)
FN:56,(anonymous_51)
FN:60,(anonymous_52)
FN:61,(anonymous_53)
FN:62,(anonymous_54)
FN:66,(anonymous_55)
FNF:56
FNH:0
FNDA:0,(anonymous_0)
FNDA:0,(anonymous_1)
FNDA:0,(anonymous_2)
FNDA:0,(anonymous_3)
FNDA:0,(anonymous_4)
FNDA:0,(anonymous_5)
FNDA:0,(anonymous_6)
FNDA:0,(anonymous_7)
FNDA:0,(anonymous_8)
FNDA:0,(anonymous_9)
FNDA:0,(anonymous_10)
FNDA:0,(anonymous_11)
FNDA:0,(anonymous_12)
FNDA:0,(anonymous_13)
FNDA:0,(anonymous_14)
FNDA:0,(anonymous_15)
FNDA:0,(anonymous_16)
FNDA:0,(anonymous_17)
FNDA:0,(anonymous_18)
FNDA:0,(anonymous_19)
FNDA:0,(anonymous_20)
FNDA:0,(anonymous_21)
FNDA:0,(anonymous_22)
FNDA:0,(anonymous_23)
FNDA:0,(anonymous_24)
FNDA:0,(anonymous_25)
FNDA:0,(anonymous_26)
FNDA:0,(anonymous_27)
FNDA:0,(anonymous_28)
FNDA:0,(anonymous_29)
FNDA:0,(anonymous_30)
FNDA:0,(anonymous_31)
FNDA:0,(anonymous_32)
FNDA:0,(anonymous_33)
FNDA:0,(anonymous_34)
FNDA:0,(anonymous_35)
FNDA:0,(anonymous_36)
FNDA:0,(anonymous_37)
FNDA:0,(anonymous_38)
FNDA:0,(anonymous_39)
FNDA:0,(anonymous_40)
FNDA:0,(anonymous_41)
FNDA:0,(anonymous_42)
FNDA:0,(anonymous_43)
FNDA:0,(anonymous_44)
FNDA:0,(anonymous_45)
FNDA:0,(anonymous_46)
FNDA:0,(anonymous_47)
FNDA:0,(anonymous_48)
FNDA:0,(anonymous_49)
FNDA:0,(anonymous_50)
FNDA:0,(anonymous_51)
FNDA:0,(anonymous_52)
FNDA:0,(anonymous_53)
FNDA:0,(anonymous_54)
FNDA:0,(anonymous_55)
DA:2,0
DA:3,0
DA:4,0
DA:5,0
DA:6,0
DA:9,0
DA:10,0
DA:11,0
DA:12,0
DA:13,0
DA:14,0
DA:15,0
DA:16,0
DA:19,0
DA:20,0
DA:21,0
DA:22,0
DA:23,0
DA:24,0
DA:26,0
DA:27,0
DA:28,0
DA:29,0
DA:31,0
DA:32,0
DA:33,0
DA:34,0
DA:35,0
DA:36,0
DA:38,0
DA:39,0
DA:40,0
DA:41,0
DA:45,0
DA:46,0
DA:47,0
DA:48,0
DA:49,0
DA:50,0
DA:53,0
DA:54,0
DA:55,0
DA:56,0
DA:59,0
DA:60,0
DA:61,0
DA:62,0
DA:66,0
LF:48
LH:0
BRF:0
BRH:0
end_of_record
TN:
SF:src/components/layout/AspectRatio.tsx
FN:14,(anonymous_1)
FNF:1
FNH:0
FNDA:0,(anonymous_1)
DA:1,0
DA:2,0
DA:3,0
DA:14,0
DA:19,0
DA:23,0
LF:6
LH:0
BRDA:15,0,0,0
BRDA:19,1,0,0
BRDA:19,1,1,0
BRF:3
BRH:0
end_of_record
TN:
SF:src/components/layout/Container.tsx
FN:17,(anonymous_1)
FNF:1
FNH:0
FNDA:0,(anonymous_1)
DA:1,1
DA:2,1
DA:17,1
DA:25,0
LF:4
LH:3
BRDA:19,0,0,0
BRDA:21,1,0,0
BRDA:22,2,0,0
BRDA:23,3,0,0
BRDA:29,4,0,0
BRDA:29,4,1,0
BRDA:30,5,0,0
BRDA:30,5,1,0
BRDA:31,6,0,0
BRDA:31,6,1,0
BRDA:32,7,0,0
BRDA:32,7,1,0
BRDA:33,8,0,0
BRDA:33,8,1,0
BRDA:34,9,0,0
BRDA:34,9,1,0
BRDA:35,10,0,0
BRDA:35,10,1,0
BRDA:37,11,0,0
BRDA:37,11,1,0
BRF:20
BRH:0
end_of_record
TN:
SF:src/components/layout/Grid.tsx
FN:15,(anonymous_1)
FN:22,(anonymous_2)
FN:64,(anonymous_3)
FN:71,(anonymous_4)
FN:88,(anonymous_5)
FNF:5
FNH:0
FNDA:0,(anonymous_1)
FNDA:0,(anonymous_2)
FNDA:0,(anonymous_3)
FNDA:0,(anonymous_4)
FNDA:0,(anonymous_5)
DA:1,1
DA:2,1
DA:15,1
DA:22,0
DA:23,0
DA:24,0
DA:27,0
DA:28,0
DA:29,0
DA:30,0
DA:31,0
DA:32,0
DA:34,0
DA:37,0
DA:39,0
DA:64,1
DA:71,0
DA:72,0
DA:74,0
DA:75,0
DA:78,0
DA:79,0
DA:80,0
DA:81,0
DA:82,0
DA:83,0
DA:85,0
DA:88,0
DA:89,0
DA:91,0
DA:92,0
DA:95,0
DA:96,0
DA:97,0
DA:98,0
DA:99,0
DA:100,0
DA:102,0
DA:105,0
LF:39
LH:4
BRDA:17,0,0,0
BRDA:18,1,0,0
BRDA:20,2,0,0
BRDA:23,3,0,0
BRDA:28,4,0,0
BRDA:29,5,0,0
BRDA:30,6,0,0
BRDA:31,7,0,0
BRDA:32,8,0,0
BRDA:37,9,0,0
BRDA:37,9,1,0
BRDA:69,10,0,0
BRDA:72,11,0,0
BRDA:74,12,0,0
BRDA:79,13,0,0
BRDA:80,14,0,0
BRDA:81,15,0,0
BRDA:82,16,0,0
BRDA:83,17,0,0
BRDA:89,18,0,0
BRDA:91,19,0,0
BRDA:96,20,0,0
BRDA:97,21,0,0
BRDA:98,22,0,0
BRDA:99,23,0,0
BRDA:100,24,0,0
BRF:26
BRH:0
end_of_record
TN:
SF:src/components/layout/ResponsiveWrapper.tsx
FN:14,(anonymous_1)
FNF:1
FNH:0
FNDA:0,(anonymous_1)
DA:1,0
DA:2,0
DA:14,0
DA:20,0
DA:23,0
DA:24,0
DA:28,0
DA:29,0
DA:33,0
DA:34,0
DA:38,0
DA:39,0
DA:40,0
DA:41,0
DA:43,0
LF:15
LH:0
BRDA:23,0,0,0
BRDA:23,1,0,0
BRDA:23,1,1,0
BRDA:23,1,2,0
BRDA:28,2,0,0
BRDA:28,3,0,0
BRDA:28,3,1,0
BRDA:33,4,0,0
BRDA:33,5,0,0
BRDA:33,5,1,0
BRDA:33,5,2,0
BRDA:33,5,3,0
BRDA:38,6,0,0
BRDA:39,7,0,0
BRDA:40,8,0,0
BRDA:41,9,0,0
BRF:16
BRH:0
end_of_record
TN:
SF:src/components/layout/Stack.tsx
FN:18,(anonymous_1)
FN:28,(anonymous_2)
FN:42,(anonymous_3)
FNF:3
FNH:0
FNDA:0,(anonymous_1)
FNDA:0,(anonymous_2)
FNDA:0,(anonymous_3)
DA:1,1
DA:2,1
DA:18,1
DA:28,0
DA:29,0
DA:30,0
DA:33,0
DA:34,0
DA:35,0
DA:36,0
DA:37,0
DA:39,0
DA:42,0
DA:43,0
DA:47,0
DA:49,0
DA:52,0
DA:60,0
DA:69,0
LF:19
LH:3
BRDA:20,0,0,0
BRDA:21,1,0,0
BRDA:22,2,0,0
BRDA:23,3,0,0
BRDA:24,4,0,0
BRDA:26,5,0,0
BRDA:29,6,0,0
BRDA:30,7,0,0
BRDA:30,7,1,0
BRDA:34,8,0,0
BRDA:34,9,0,0
BRDA:34,9,1,0
BRDA:35,10,0,0
BRDA:35,11,0,0
BRDA:35,11,1,0
BRDA:36,12,0,0
BRDA:36,13,0,0
BRDA:36,13,1,0
BRDA:37,14,0,0
BRDA:37,15,0,0
BRDA:37,15,1,0
BRDA:43,16,0,0
BRDA:43,16,1,0
BRDA:47,17,0,0
BRDA:49,18,0,0
BRDA:49,18,1,0
BRDA:77,19,0,0
BRDA:77,19,1,0
BRF:28
BRH:0
end_of_record
TN:
SF:src/components/layout/index.ts
FNF:0
FNH:0
DA:1,0
DA:2,0
DA:3,0
DA:4,0
DA:5,0
DA:6,0
DA:7,0
DA:8,0
DA:9,0
DA:10,0
LF:10
LH:0
BRF:0
BRH:0
end_of_record
TN:
SF:src/components/layouts/AuthLayout.tsx
FN:5,(anonymous_1)
FNF:1
FNH:0
FNDA:0,(anonymous_1)
DA:1,0
DA:2,0
DA:3,0
DA:5,0
DA:6,0
DA:8,0
LF:6
LH:0
BRF:0
BRH:0
end_of_record
TN:
SF:src/components/layouts/DashboardLayout.tsx
FN:8,(anonymous_9)
FN:15,(anonymous_10)
FN:20,(anonymous_11)
FN:26,(anonymous_12)
FN:27,(anonymous_13)
FNF:5
FNH:0
FNDA:0,(anonymous_9)
FNDA:0,(anonymous_10)
FNDA:0,(anonymous_11)
FNDA:0,(anonymous_12)
FNDA:0,(anonymous_13)
DA:1,0
DA:2,0
DA:3,0
DA:4,0
DA:5,0
DA:6,0
DA:8,0
DA:9,0
DA:10,0
DA:12,0
DA:15,0
DA:20,0
DA:26,0
DA:27,0
LF:14
LH:0
BRDA:24,0,0,0
BRDA:24,0,1,0
BRF:2
BRH:0
end_of_record
TN:
SF:src/components/layouts/RootLayout.tsx
FN:6,(anonymous_1)
FNF:1
FNH:0
FNDA:0,(anonymous_1)
DA:1,0
DA:2,0
DA:3,0
DA:4,0
DA:6,0
DA:7,0
DA:9,0
LF:7
LH:0
BRF:0
BRH:0
end_of_record
TN:
SF:src/components/navigation/Breadcrumbs.tsx
FN:7,(anonymous_1)
FN:12,(anonymous_2)
FN:13,(anonymous_3)
FN:15,(anonymous_4)
FN:20,(anonymous_5)
FN:25,(anonymous_6)
FN:56,(anonymous_7)
FNF:7
FNH:0
FNDA:0,(anonymous_1)
FNDA:0,(anonymous_2)
FNDA:0,(anonymous_3)
FNDA:0,(anonymous_4)
FNDA:0,(anonymous_5)
FNDA:0,(anonymous_6)
FNDA:0,(anonymous_7)
DA:1,0
DA:2,0
DA:3,0
DA:4,0
DA:5,0
DA:7,0
DA:8,0
DA:9,0
DA:10,0
DA:12,0
DA:13,0
DA:15,0
DA:16,0
DA:17,0
DA:20,0
DA:21,0
DA:25,0
DA:26,0
DA:27,0
DA:28,0
DA:31,0
DA:32,0
DA:34,0
DA:41,0
DA:51,0
DA:53,0
DA:57,0
LF:27
LH:0
BRDA:31,0,0,0
BRDA:31,0,1,0
BRDA:32,1,0,0
BRDA:32,1,1,0
BRDA:58,2,0,0
BRDA:58,2,1,0
BRDA:61,3,0,0
BRDA:61,3,1,0
BRDA:70,4,0,0
BRDA:70,4,1,0
BRF:10
BRH:0
end_of_record
TN:
SF:src/components/navigation/Header.tsx
FN:16,(anonymous_0)
FN:60,(anonymous_1)
FNF:2
FNH:0
FNDA:0,(anonymous_0)
FNDA:0,(anonymous_1)
DA:1,0
DA:2,0
DA:3,0
DA:4,0
DA:5,0
DA:6,0
DA:7,0
DA:8,0
DA:9,0
DA:16,0
DA:17,0
DA:19,0
DA:61,0
LF:13
LH:0
BRDA:43,0,0,0
BRDA:43,0,1,0
BRDA:64,1,0,0
BRDA:64,1,1,0
BRF:4
BRH:0
end_of_record
TN:
SF:src/components/navigation/LanguageSelector.tsx
FN:12,(anonymous_10)
FN:15,(anonymous_11)
FN:17,(anonymous_12)
FN:38,(anonymous_13)
FN:40,(anonymous_14)
FN:42,(anonymous_15)
FNF:6
FNH:0
FNDA:0,(anonymous_10)
FNDA:0,(anonymous_11)
FNDA:0,(anonymous_12)
FNDA:0,(anonymous_13)
FNDA:0,(anonymous_14)
FNDA:0,(anonymous_15)
DA:1,0
DA:2,0
DA:3,0
DA:4,0
DA:5,0
DA:7,0
DA:12,0
DA:13,0
DA:15,0
DA:17,0
DA:18,0
DA:21,0
DA:39,0
DA:41,0
DA:42,0
LF:15
LH:0
BRDA:15,0,0,0
BRDA:15,0,1,0
BRDA:44,1,0,0
BRDA:44,1,1,0
BRDA:45,2,0,0
BRDA:45,2,1,0
BRF:6
BRH:0
end_of_record
TN:
SF:src/components/navigation/MobileNav.tsx
FN:19,(anonymous_10)
FN:25,(anonymous_11)
FN:30,(anonymous_12)
FN:36,(anonymous_13)
FN:98,(anonymous_14)
FN:104,(anonymous_15)
FNF:6
FNH:0
FNDA:0,(anonymous_10)
FNDA:0,(anonymous_11)
FNDA:0,(anonymous_12)
FNDA:0,(anonymous_13)
FNDA:0,(anonymous_14)
FNDA:0,(anonymous_15)
DA:1,0
DA:2,0
DA:3,0
DA:4,0
DA:5,0
DA:6,0
DA:7,0
DA:8,0
DA:9,0
DA:19,0
DA:20,0
DA:21,0
DA:22,0
DA:25,0
DA:26,0
DA:30,0
DA:31,0
DA:32,0
DA:34,0
DA:36,0
DA:37,0
DA:41,0
DA:99,0
DA:105,0
DA:106,0
LF:25
LH:0
BRDA:31,0,0,0
BRDA:31,0,1,0
BRDA:111,1,0,0
BRDA:111,1,1,0
BRDA:120,2,0,0
BRDA:120,2,1,0
BRDA:137,3,0,0
BRDA:137,3,1,0
BRDA:143,4,0,0
BRDA:143,4,1,0
BRDA:148,5,0,0
BRDA:148,5,1,0
BRF:12
BRH:0
end_of_record
TN:
SF:src/components/navigation/MobileNavigation.tsx
FN:28,(anonymous_10)
FN:85,(anonymous_11)
FN:90,(anonymous_12)
FNF:3
FNH:0
FNDA:0,(anonymous_10)
FNDA:0,(anonymous_11)
FNDA:0,(anonymous_12)
DA:1,0
DA:2,0
DA:3,0
DA:4,0
DA:5,0
DA:6,0
DA:13,0
DA:20,0
DA:28,0
DA:29,0
DA:31,0
DA:86,0
DA:91,0
LF:13
LH:0
BRDA:93,0,0,0
BRDA:93,0,1,0
BRF:2
BRH:0
end_of_record
TN:
SF:src/components/navigation/NotificationBell.tsx
FN:4,(anonymous_1)
FNF:1
FNH:0
FNDA:0,(anonymous_1)
DA:1,0
DA:2,0
DA:4,0
DA:5,0
DA:7,0
LF:5
LH:0
BRDA:13,0,0,0
BRDA:13,0,1,0
BRF:2
BRH:0
end_of_record
TN:
SF:src/components/navigation/Sidebar.tsx
FN:28,(anonymous_1)
FN:62,(anonymous_2)
FN:66,(anonymous_3)
FNF:3
FNH:0
FNDA:0,(anonymous_1)
FNDA:0,(anonymous_2)
FNDA:0,(anonymous_3)
DA:1,0
DA:2,0
DA:3,0
DA:4,0
DA:13,0
DA:20,0
DA:28,0
DA:29,0
DA:31,0
DA:63,0
DA:67,0
LF:11
LH:0
BRDA:35,0,0,0
BRDA:35,0,1,0
BRDA:44,1,0,0
BRDA:44,1,1,0
BRDA:52,2,0,0
BRDA:52,2,1,0
BRDA:69,3,0,0
BRDA:69,3,1,0
BRDA:78,4,0,0
BRDA:78,4,1,0
BRF:10
BRH:0
end_of_record
TN:
SF:src/components/navigation/ThemeToggle.examples.tsx
FN:12,(anonymous_1)
FNF:1
FNH:0
FNDA:0,(anonymous_1)
DA:1,0
DA:2,0
DA:3,0
DA:12,0
DA:13,0
LF:5
LH:0
BRF:0
BRH:0
end_of_record
TN:
SF:src/components/navigation/ThemeToggle.tsx
FN:11,(anonymous_1)
FNF:1
FNH:1
FNDA:7,(anonymous_1)
DA:1,2
DA:2,2
DA:3,2
DA:11,2
DA:16,7
DA:18,7
DA:19,7
DA:21,7
LF:8
LH:8
BRDA:12,0,0,6
BRDA:13,1,0,6
BRDA:14,2,0,6
BRDA:18,3,0,1
BRDA:18,3,1,6
BRDA:19,4,0,1
BRDA:19,4,1,6
BRDA:37,5,0,6
BRDA:37,5,1,1
BRDA:45,6,0,6
BRDA:45,6,1,1
BRDA:54,7,0,1
BRDA:54,7,1,6
BRDA:62,8,0,7
BRDA:62,8,1,6
BRDA:67,9,0,1
BRDA:67,9,1,5
BRDA:78,10,0,5
BRDA:78,10,1,1
BRDA:81,11,0,1
BRDA:81,11,1,5
BRDA:84,12,0,1
BRDA:84,12,1,5
BRF:23
BRH:23
end_of_record
TN:
SF:src/components/navigation/ThemeToggleAdvanced.tsx
FN:18,(anonymous_9)
FN:30,(anonymous_10)
FN:32,(anonymous_11)
FN:39,(anonymous_12)
FN:43,(anonymous_13)
FN:53,(anonymous_14)
FN:64,(anonymous_15)
FN:65,(anonymous_16)
FN:72,(anonymous_17)
FN:75,(anonymous_18)
FN:80,(anonymous_19)
FN:115,(anonymous_20)
FN:171,(anonymous_21)
FN:174,(anonymous_22)
FN:205,(anonymous_23)
FN:206,(anonymous_24)
FN:209,(anonymous_25)
FNF:17
FNH:13
FNDA:33,(anonymous_9)
FNDA:9,(anonymous_10)
FNDA:0,(anonymous_11)
FNDA:9,(anonymous_12)
FNDA:12,(anonymous_13)
FNDA:24,(anonymous_14)
FNDA:9,(anonymous_15)
FNDA:1,(anonymous_16)
FNDA:9,(anonymous_17)
FNDA:4,(anonymous_18)
FNDA:33,(anonymous_19)
FNDA:6,(anonymous_20)
FNDA:18,(anonymous_21)
FNDA:4,(anonymous_22)
FNDA:0,(anonymous_23)
FNDA:0,(anonymous_24)
FNDA:0,(anonymous_25)
DA:1,2
DA:2,2
DA:8,2
DA:18,2
DA:23,33
DA:24,33
DA:25,33
DA:26,33
DA:27,33
DA:30,33
DA:31,9
DA:32,9
DA:33,0
DA:36,9
DA:37,9
DA:39,9
DA:43,33
DA:44,12
DA:45,12
DA:46,3
DA:47,9
DA:48,9
DA:53,33
DA:54,24
DA:56,24
DA:57,12
DA:59,12
DA:64,33
DA:65,9
DA:66,1
DA:67,1
DA:71,9
DA:72,9
DA:75,33
DA:76,4
DA:77,4
DA:80,33
DA:81,33
DA:83,33
DA:84,12
DA:85,21
DA:86,17
DA:88,4
DA:92,33
DA:110,33
DA:112,33
DA:115,6
DA:172,18
DA:174,4
DA:205,0
DA:207,0
DA:210,0
DA:211,0
DA:212,0
DA:240,2
DA:258,2
DA:259,2
DA:260,2
DA:261,2
LF:59
LH:53
BRDA:19,0,0,33
BRDA:20,1,0,31
BRDA:21,2,0,31
BRDA:33,3,0,0
BRDA:33,3,1,0
BRDA:36,4,0,1
BRDA:36,4,1,8
BRDA:45,5,0,3
BRDA:45,5,1,9
BRDA:47,6,0,9
BRDA:47,7,0,9
BRDA:47,7,1,1
BRDA:56,8,0,12
BRDA:56,8,1,12
BRDA:66,9,0,1
BRDA:66,10,0,1
BRDA:66,10,1,1
BRDA:81,11,0,2
BRDA:81,11,1,31
BRDA:83,12,0,12
BRDA:83,12,1,21
BRDA:85,13,0,17
BRDA:85,13,1,4
BRDA:110,14,0,2
BRDA:110,14,1,31
BRDA:133,15,0,33
BRDA:133,15,1,31
BRDA:133,15,2,29
BRDA:135,16,0,10
BRDA:135,16,1,19
BRDA:135,17,0,15
BRDA:135,17,1,4
BRDA:142,18,0,6
BRDA:142,18,1,27
BRDA:152,19,0,33
BRDA:152,19,1,6
BRDA:156,20,0,0
BRDA:156,20,1,6
BRDA:181,21,0,6
BRDA:181,21,1,12
BRDA:189,22,0,18
BRDA:189,22,1,6
BRDA:197,23,0,6
BRDA:197,23,1,0
BRDA:205,24,0,0
BRDA:205,24,1,0
BRDA:220,25,0,0
BRDA:220,25,1,0
BRDA:225,26,0,0
BRDA:225,26,1,0
BRDA:258,27,0,2
BRF:51
BRH:41
end_of_record
TN:
SF:src/components/navigation/UserMenu.tsx
FN:13,(anonymous_10)
FN:50,(anonymous_11)
FN:64,(anonymous_12)
FN:79,(anonymous_13)
FNF:4
FNH:0
FNDA:0,(anonymous_10)
FNDA:0,(anonymous_11)
FNDA:0,(anonymous_12)
FNDA:0,(anonymous_13)
DA:1,0
DA:2,0
DA:3,0
DA:4,0
DA:5,0
DA:7,0
DA:13,0
DA:14,0
DA:15,0
DA:17,0
DA:19,0
DA:23,0
DA:51,0
DA:65,0
DA:80,0
LF:15
LH:0
BRDA:17,0,0,0
BRDA:19,1,0,0
BRDA:19,1,1,0
BRDA:19,2,0,0
BRDA:19,2,1,0
BRDA:44,3,0,0
BRDA:44,3,1,0
BRDA:44,4,0,0
BRDA:44,4,1,0
BRDA:54,5,0,0
BRDA:54,5,1,0
BRDA:68,6,0,0
BRDA:68,6,1,0
BRDA:83,7,0,0
BRDA:83,7,1,0
BRF:15
BRH:0
end_of_record
TN:
SF:src/components/navigation/index.ts
FNF:0
FNH:0
DA:1,0
DA:2,0
DA:3,0
DA:4,0
DA:5,0
DA:6,0
DA:7,0
LF:7
LH:0
BRF:0
BRH:0
end_of_record
TN:
SF:src/components/participants/ParticipantCard.tsx
FN:41,(anonymous_1)
FN:55,(anonymous_2)
FN:59,(anonymous_3)
FN:63,(anonymous_4)
FN:74,(anonymous_5)
FN:214,(anonymous_6)
FN:247,(anonymous_7)
FN:258,(anonymous_8)
FN:269,(anonymous_9)
FN:280,(anonymous_10)
FNF:10
FNH:0
FNDA:0,(anonymous_1)
FNDA:0,(anonymous_2)
FNDA:0,(anonymous_3)
FNDA:0,(anonymous_4)
FNDA:0,(anonymous_5)
FNDA:0,(anonymous_6)
FNDA:0,(anonymous_7)
FNDA:0,(anonymous_8)
FNDA:0,(anonymous_9)
FNDA:0,(anonymous_10)
DA:1,0
DA:2,0
DA:16,0
DA:26,0
DA:41,0
DA:52,0
DA:53,0
DA:55,0
DA:56,0
DA:59,0
DA:60,0
DA:63,0
DA:64,0
DA:66,0
DA:68,0
DA:70,0
DA:74,0
DA:75,0
DA:77,0
DA:79,0
DA:81,0
DA:83,0
DA:87,0
DA:215,0
DA:248,0
DA:249,0
DA:259,0
DA:260,0
DA:270,0
DA:271,0
DA:281,0
DA:282,0
DA:295,0
LF:33
LH:0
BRDA:43,0,0,0
BRDA:49,1,0,0
BRDA:50,2,0,0
BRDA:64,3,0,0
BRDA:64,3,1,0
BRDA:64,3,2,0
BRDA:75,4,0,0
BRDA:75,4,1,0
BRDA:75,4,2,0
BRDA:75,4,3,0
BRDA:105,5,0,0
BRDA:105,5,1,0
BRDA:106,6,0,0
BRDA:106,6,1,0
BRDA:127,7,0,0
BRDA:127,7,1,0
BRDA:135,8,0,0
BRDA:135,8,1,0
BRDA:138,9,0,0
BRDA:138,9,1,0
BRDA:151,10,0,0
BRDA:151,10,1,0
BRDA:164,11,0,0
BRDA:164,11,1,0
BRDA:173,12,0,0
BRDA:173,12,1,0
BRDA:182,13,0,0
BRDA:182,13,1,0
BRDA:208,14,0,0
BRDA:208,14,1,0
BRDA:208,14,2,0
BRDA:226,15,0,0
BRDA:226,15,1,0
BRDA:245,16,0,0
BRDA:245,16,1,0
BRDA:256,17,0,0
BRDA:256,17,1,0
BRDA:256,17,2,0
BRDA:267,18,0,0
BRDA:267,18,1,0
BRDA:267,18,2,0
BRDA:278,19,0,0
BRDA:278,19,1,0
BRF:43
BRH:0
end_of_record
TN:
SF:src/components/participants/ParticipantList.tsx
FN:38,(anonymous_9)
FN:47,(anonymous_10)
FN:70,(anonymous_11)
FN:75,(anonymous_12)
FN:76,(anonymous_13)
FN:88,(anonymous_14)
FN:89,(anonymous_15)
FN:108,(anonymous_16)
FN:115,(anonymous_17)
FN:120,(anonymous_18)
FN:122,(anonymous_19)
FN:129,(anonymous_20)
FN:133,(anonymous_21)
FN:137,(anonymous_22)
FN:147,(anonymous_23)
FN:175,(anonymous_24)
FN:178,(anonymous_25)
FN:181,(anonymous_26)
FN:189,(anonymous_27)
FN:215,(anonymous_28)
FN:220,(anonymous_29)
FN:240,(anonymous_30)
FN:266,(anonymous_31)
FN:267,(anonymous_32)
FN:269,(anonymous_33)
FN:271,(anonymous_34)
FN:278,(anonymous_35)
FN:343,(anonymous_36)
FN:351,(anonymous_37)
FN:370,(anonymous_38)
FN:389,(anonymous_39)
FN:404,(anonymous_40)
FN:447,(anonymous_41)
FN:453,(anonymous_42)
FN:479,(anonymous_43)
FN:492,(anonymous_44)
FN:505,(anonymous_45)
FN:518,(anonymous_46)
FN:531,(anonymous_47)
FN:544,(anonymous_48)
FN:562,(anonymous_49)
FN:574,(anonymous_50)
FN:621,(anonymous_51)
FN:628,(anonymous_52)
FN:645,(anonymous_53)
FN:661,(anonymous_54)
FN:682,(anonymous_55)
FN:689,(anonymous_56)
FN:739,(anonymous_57)
FN:739,(anonymous_58)
FN:746,(anonymous_59)
FN:746,(anonymous_60)
FN:770,(anonymous_61)
FN:783,(anonymous_62)
FN:783,(anonymous_63)
FN:790,(anonymous_64)
FN:791,(anonymous_65)
FN:799,(anonymous_66)
FN:807,(anonymous_67)
FN:820,(anonymous_68)
FN:820,(anonymous_69)
FNF:61
FNH:0
FNDA:0,(anonymous_9)
FNDA:0,(anonymous_10)
FNDA:0,(anonymous_11)
FNDA:0,(anonymous_12)
FNDA:0,(anonymous_13)
FNDA:0,(anonymous_14)
FNDA:0,(anonymous_15)
FNDA:0,(anonymous_16)
FNDA:0,(anonymous_17)
FNDA:0,(anonymous_18)
FNDA:0,(anonymous_19)
FNDA:0,(anonymous_20)
FNDA:0,(anonymous_21)
FNDA:0,(anonymous_22)
FNDA:0,(anonymous_23)
FNDA:0,(anonymous_24)
FNDA:0,(anonymous_25)
FNDA:0,(anonymous_26)
FNDA:0,(anonymous_27)
FNDA:0,(anonymous_28)
FNDA:0,(anonymous_29)
FNDA:0,(anonymous_30)
FNDA:0,(anonymous_31)
FNDA:0,(anonymous_32)
FNDA:0,(anonymous_33)
FNDA:0,(anonymous_34)
FNDA:0,(anonymous_35)
FNDA:0,(anonymous_36)
FNDA:0,(anonymous_37)
FNDA:0,(anonymous_38)
FNDA:0,(anonymous_39)
FNDA:0,(anonymous_40)
FNDA:0,(anonymous_41)
FNDA:0,(anonymous_42)
FNDA:0,(anonymous_43)
FNDA:0,(anonymous_44)
FNDA:0,(anonymous_45)
FNDA:0,(anonymous_46)
FNDA:0,(anonymous_47)
FNDA:0,(anonymous_48)
FNDA:0,(anonymous_49)
FNDA:0,(anonymous_50)
FNDA:0,(anonymous_51)
FNDA:0,(anonymous_52)
FNDA:0,(anonymous_53)
FNDA:0,(anonymous_54)
FNDA:0,(anonymous_55)
FNDA:0,(anonymous_56)
FNDA:0,(anonymous_57)
FNDA:0,(anonymous_58)
FNDA:0,(anonymous_59)
FNDA:0,(anonymous_60)
FNDA:0,(anonymous_61)
FNDA:0,(anonymous_62)
FNDA:0,(anonymous_63)
FNDA:0,(anonymous_64)
FNDA:0,(anonymous_65)
FNDA:0,(anonymous_66)
FNDA:0,(anonymous_67)
FNDA:0,(anonymous_68)
FNDA:0,(anonymous_69)
DA:1,0
DA:2,0
DA:3,0
DA:23,0
DA:25,0
DA:26,0
DA:27,0
DA:28,0
DA:38,0
DA:42,0
DA:43,0
DA:44,0
DA:45,0
DA:47,0
DA:48,0
DA:51,0
DA:57,0
DA:58,0
DA:59,0
DA:60,0
DA:61,0
DA:62,0
DA:63,0
DA:64,0
DA:65,0
DA:66,0
DA:67,0
DA:70,0
DA:71,0
DA:75,0
DA:76,0
DA:77,0
DA:81,0
DA:82,0
DA:84,0
DA:88,0
DA:89,0
DA:90,0
DA:91,0
DA:93,0
DA:94,0
DA:95,0
DA:98,0
DA:99,0
DA:100,0
DA:103,0
DA:107,0
DA:108,0
DA:109,0
DA:110,0
DA:111,0
DA:115,0
DA:116,0
DA:120,0
DA:121,0
DA:122,0
DA:124,0
DA:125,0
DA:129,0
DA:130,0
DA:131,0
DA:133,0
DA:137,0
DA:138,0
DA:139,0
DA:140,0
DA:142,0
DA:144,0
DA:147,0
DA:148,0
DA:150,0
DA:154,0
DA:156,0
DA:157,0
DA:158,0
DA:160,0
DA:165,0
DA:167,0
DA:175,0
DA:176,0
DA:177,0
DA:178,0
DA:179,0
DA:181,0
DA:189,0
DA:191,0
DA:192,0
DA:193,0
DA:194,0
DA:195,0
DA:196,0
DA:197,0
DA:199,0
DA:205,0
DA:211,0
DA:215,0
DA:216,0
DA:218,0
DA:219,0
DA:220,0
DA:221,0
DA:222,0
DA:225,0
DA:230,0
DA:232,0
DA:240,0
DA:241,0
DA:243,0
DA:247,0
DA:249,0
DA:250,0
DA:251,0
DA:257,0
DA:266,0
DA:267,0
DA:268,0
DA:269,0
DA:270,0
DA:271,0
DA:272,0
DA:273,0
DA:277,0
DA:278,0
DA:282,0
DA:283,0
DA:291,0
DA:292,0
DA:302,0
DA:303,0
DA:319,0
DA:343,0
DA:351,0
DA:370,0
DA:389,0
DA:404,0
DA:447,0
DA:453,0
DA:479,0
DA:492,0
DA:505,0
DA:518,0
DA:531,0
DA:544,0
DA:563,0
DA:574,0
DA:621,0
DA:628,0
DA:646,0
DA:661,0
DA:682,0
DA:689,0
DA:739,0
DA:746,0
DA:771,0
DA:772,0
DA:783,0
DA:790,0
DA:792,0
DA:793,0
DA:794,0
DA:795,0
DA:796,0
DA:797,0
DA:800,0
DA:807,0
DA:820,0
LF:166
LH:0
BRDA:48,0,0,0
BRDA:48,0,1,0
BRDA:52,1,0,0
BRDA:52,1,1,0
BRDA:77,2,0,0
BRDA:77,2,1,0
BRDA:77,2,2,0
BRDA:81,3,0,0
BRDA:81,3,1,0
BRDA:82,4,0,0
BRDA:82,4,1,0
BRDA:84,5,0,0
BRDA:84,5,1,0
BRDA:84,5,2,0
BRDA:93,6,0,0
BRDA:93,7,0,0
BRDA:93,7,1,0
BRDA:93,7,2,0
BRDA:93,7,3,0
BRDA:98,8,0,0
BRDA:98,9,0,0
BRDA:98,9,1,0
BRDA:99,10,0,0
BRDA:99,11,0,0
BRDA:99,11,1,0
BRDA:121,12,0,0
BRDA:121,12,1,0
BRDA:122,13,0,0
BRDA:122,13,1,0
BRDA:130,14,0,0
BRDA:130,14,1,0
BRDA:139,15,0,0
BRDA:139,15,1,0
BRDA:148,16,0,0
BRDA:154,17,0,0
BRDA:216,18,0,0
BRDA:221,19,0,0
BRDA:241,20,0,0
BRDA:247,21,0,0
BRDA:268,22,0,0
BRDA:268,22,1,0
BRDA:268,23,0,0
BRDA:268,23,1,0
BRDA:270,24,0,0
BRDA:270,24,1,0
BRDA:270,25,0,0
BRDA:270,25,1,0
BRDA:272,26,0,0
BRDA:282,27,0,0
BRDA:291,28,0,0
BRDA:302,29,0,0
BRDA:354,30,0,0
BRDA:354,30,1,0
BRDA:361,31,0,0
BRDA:361,31,1,0
BRDA:361,31,2,0
BRDA:368,32,0,0
BRDA:368,32,1,0
BRDA:381,33,0,0
BRDA:381,33,1,0
BRDA:417,34,0,0
BRDA:417,34,1,0
BRDA:417,34,2,0
BRDA:431,35,0,0
BRDA:431,35,1,0
BRDA:473,36,0,0
BRDA:473,36,1,0
BRDA:484,37,0,0
BRDA:484,37,1,0
BRDA:485,38,0,0
BRDA:485,38,1,0
BRDA:497,39,0,0
BRDA:497,39,1,0
[...]
FN:518,(anonymous_53)
FN:526,(anonymous_54)
FN:527,(anonymous_55)
FN:539,(anonymous_56)
FN:549,(anonymous_57)
FN:555,(anonymous_58)
FN:564,(anonymous_59)
FN:573,(anonymous_60)
FN:580,(anonymous_61)
FN:586,(anonymous_62)
FN:593,(anonymous_63)
FN:599,(anonymous_64)
FN:606,(anonymous_65)
FN:615,(anonymous_66)
FN:623,(anonymous_67)
FN:624,(anonymous_68)
FN:632,(anonymous_69)
FN:637,(anonymous_70)
FN:644,(anonymous_71)
FN:645,(anonymous_72)
FN:646,(anonymous_73)
FN:653,(anonymous_74)
FN:654,(anonymous_75)
FN:667,(anonymous_76)
FN:668,(anonymous_77)
FN:669,(anonymous_78)
FN:674,(anonymous_79)
FN:675,(anonymous_80)
FN:681,(anonymous_81)
FN:682,(anonymous_82)
FN:688,(anonymous_83)
FN:689,(anonymous_84)
FN:704,(anonymous_85)
FN:705,(anonymous_86)
FN:712,(anonymous_87)
FN:718,(anonymous_88)
FN:719,(anonymous_89)
FN:731,(anonymous_90)
FN:738,(anonymous_91)
FN:747,(anonymous_92)
FNF:92
FNH:0
FNDA:0,(anonymous_1)
FNDA:0,(anonymous_2)
FNDA:0,(anonymous_3)
FNDA:0,(anonymous_4)
FNDA:0,(anonymous_5)
FNDA:0,(anonymous_6)
FNDA:0,(anonymous_7)
FNDA:0,(anonymous_8)
FNDA:0,(anonymous_9)
FNDA:0,(anonymous_10)
FNDA:0,(anonymous_11)
FNDA:0,(anonymous_12)
FNDA:0,(anonymous_13)
FNDA:0,(anonymous_14)
FNDA:0,(anonymous_15)
FNDA:0,(anonymous_16)
FNDA:0,(anonymous_17)
FNDA:0,(anonymous_18)
FNDA:0,(anonymous_19)
FNDA:0,(anonymous_20)
FNDA:0,(anonymous_21)
FNDA:0,(anonymous_22)
FNDA:0,(anonymous_23)
FNDA:0,(anonymous_24)
FNDA:0,(anonymous_25)
FNDA:0,(anonymous_26)
FNDA:0,(anonymous_27)
FNDA:0,(anonymous_28)
FNDA:0,(anonymous_29)
FNDA:0,(anonymous_30)
FNDA:0,(anonymous_31)
FNDA:0,(anonymous_32)
FNDA:0,(anonymous_33)
FNDA:0,(anonymous_34)
FNDA:0,(anonymous_35)
FNDA:0,(anonymous_36)
FNDA:0,(anonymous_37)
FNDA:0,(anonymous_38)
FNDA:0,(anonymous_39)
FNDA:0,(anonymous_40)
FNDA:0,(anonymous_41)
FNDA:0,(anonymous_42)
FNDA:0,(anonymous_43)
FNDA:0,(anonymous_44)
FNDA:0,(anonymous_45)
FNDA:0,(anonymous_46)
FNDA:0,(anonymous_47)
FNDA:0,(anonymous_48)
FNDA:0,(anonymous_49)
FNDA:0,(anonymous_50)
FNDA:0,(anonymous_51)
FNDA:0,(anonymous_52)
FNDA:0,(anonymous_53)
FNDA:0,(anonymous_54)
FNDA:0,(anonymous_55)
FNDA:0,(anonymous_56)
FNDA:0,(anonymous_57)
FNDA:0,(anonymous_58)
FNDA:0,(anonymous_59)
FNDA:0,(anonymous_60)
FNDA:0,(anonymous_61)
FNDA:0,(anonymous_62)
FNDA:0,(anonymous_63)
FNDA:0,(anonymous_64)
FNDA:0,(anonymous_65)
FNDA:0,(anonymous_66)
FNDA:0,(anonymous_67)
FNDA:0,(anonymous_68)
FNDA:0,(anonymous_69)
FNDA:0,(anonymous_70)
FNDA:0,(anonymous_71)
FNDA:0,(anonymous_72)
FNDA:0,(anonymous_73)
FNDA:0,(anonymous_74)
FNDA:0,(anonymous_75)
FNDA:0,(anonymous_76)
FNDA:0,(anonymous_77)
FNDA:0,(anonymous_78)
FNDA:0,(anonymous_79)
FNDA:0,(anonymous_80)
FNDA:0,(anonymous_81)
FNDA:0,(anonymous_82)
FNDA:0,(anonymous_83)
FNDA:0,(anonymous_84)
FNDA:0,(anonymous_85)
FNDA:0,(anonymous_86)
FNDA:0,(anonymous_87)
FNDA:0,(anonymous_88)
FNDA:0,(anonymous_89)
FNDA:0,(anonymous_90)
FNDA:0,(anonymous_91)
FNDA:0,(anonymous_92)
DA:1,0
DA:2,0
DA:3,0
DA:4,0
DA:7,0
DA:142,0
DA:144,0
DA:162,0
DA:163,0
DA:166,0
DA:167,0
DA:171,0
DA:172,0
DA:173,0
DA:176,0
DA:177,0
DA:178,0
DA:186,0
DA:189,0
DA:194,0
DA:195,0
DA:196,0
DA:197,0
DA:198,0
DA:201,0
DA:202,0
DA:203,0
DA:209,0
DA:210,0
DA:211,0
DA:214,0
DA:215,0
DA:216,0
DA:219,0
DA:220,0
DA:221,0
DA:223,0
DA:236,0
DA:237,0
DA:238,0
DA:241,0
DA:242,0
DA:243,0
DA:249,0
DA:250,0
DA:251,0
DA:254,0
DA:255,0
DA:256,0
DA:258,0
DA:259,0
DA:260,0
DA:261,0
DA:264,0
DA:266,0
DA:267,0
DA:268,0
DA:270,0
DA:275,0
DA:276,0
DA:277,0
DA:280,0
DA:281,0
DA:282,0
DA:284,0
DA:285,0
DA:286,0
DA:287,0
DA:290,0
DA:291,0
DA:294,0
DA:297,0
DA:298,0
DA:299,0
DA:301,0
DA:306,0
DA:307,0
DA:308,0
DA:311,0
DA:312,0
DA:314,0
DA:315,0
DA:317,0
DA:318,0
DA:321,0
DA:322,0
DA:325,0
DA:326,0
DA:327,0
DA:329,0
DA:334,0
DA:335,0
DA:336,0
DA:339,0
DA:340,0
DA:341,0
DA:343,0
DA:344,0
DA:345,0
DA:346,0
DA:349,0
DA:351,0
DA:352,0
DA:353,0
DA:355,0
DA:361,0
DA:362,0
DA:363,0
DA:366,0
DA:368,0
DA:373,0
DA:375,0
DA:376,0
DA:377,0
DA:378,0
DA:380,0
DA:384,0
DA:385,0
DA:386,0
DA:387,0
DA:399,0
DA:400,0
DA:402,0
DA:406,0
DA:407,0
DA:409,0
DA:412,0
DA:413,0
DA:414,0
DA:416,0
DA:421,0
DA:422,0
DA:423,0
DA:426,0
DA:428,0
DA:433,0
DA:439,0
DA:440,0
DA:441,0
DA:442,0
DA:444,0
DA:448,0
DA:449,0
DA:450,0
DA:451,0
DA:452,0
DA:454,0
DA:455,0
DA:461,0
DA:465,0
DA:466,0
DA:468,0
DA:471,0
DA:472,0
DA:473,0
DA:475,0
DA:480,0
DA:481,0
DA:482,0
DA:485,0
DA:486,0
DA:491,0
DA:492,0
DA:493,0
DA:494,0
DA:496,0
DA:500,0
DA:501,0
DA:502,0
DA:503,0
DA:504,0
DA:506,0
DA:508,0
DA:512,0
DA:513,0
DA:515,0
DA:518,0
DA:519,0
DA:520,0
DA:522,0
DA:527,0
DA:528,0
DA:529,0
DA:532,0
DA:533,0
DA:538,0
DA:539,0
DA:540,0
DA:541,0
DA:543,0
DA:549,0
DA:550,0
DA:553,0
DA:555,0
DA:556,0
DA:557,0
DA:559,0
DA:565,0
DA:566,0
DA:571,0
DA:573,0
DA:574,0
DA:576,0
DA:581,0
DA:582,0
DA:584,0
DA:586,0
DA:587,0
DA:589,0
DA:594,0
DA:595,0
DA:597,0
DA:599,0
DA:600,0
DA:602,0
DA:607,0
DA:608,0
DA:613,0
DA:615,0
DA:616,0
DA:618,0
DA:624,0
DA:625,0
DA:626,0
DA:629,0
DA:630,0
DA:632,0
DA:633,0
DA:634,0
DA:637,0
DA:638,0
DA:639,0
DA:645,0
DA:646,0
DA:647,0
DA:648,0
DA:654,0
DA:655,0
DA:663,0
DA:668,0
DA:669,0
DA:675,0
DA:676,0
DA:677,0
DA:682,0
DA:683,0
DA:684,0
DA:689,0
DA:690,0
DA:691,0
DA:692,0
DA:694,0
DA:695,0
DA:697,0
DA:700,0
DA:705,0
DA:706,0
DA:707,0
DA:713,0
DA:714,0
DA:715,0
DA:718,0
DA:719,0
DA:720,0
DA:721,0
DA:724,0
DA:725,0
DA:729,0
DA:731,0
DA:732,0
DA:734,0
DA:739,0
DA:740,0
DA:744,0
DA:745,0
DA:747,0
DA:748,0
DA:750,0
LF:278
LH:0
BRDA:170,0,0,0
BRDA:191,1,0,0
BRDA:191,1,1,0
BRDA:203,2,0,0
BRDA:203,2,1,0
BRDA:219,3,0,0
BRDA:219,4,0,0
BRDA:219,4,1,0
BRDA:221,5,0,0
BRDA:243,6,0,0
BRDA:243,6,1,0
BRDA:268,7,0,0
BRDA:268,7,1,0
BRDA:286,8,0,0
BRDA:290,9,0,0
BRDA:299,10,0,0
BRDA:299,10,1,0
BRDA:317,11,0,0
BRDA:327,12,0,0
BRDA:327,12,1,0
BRDA:353,13,0,0
BRDA:353,13,1,0
BRDA:369,14,0,0
BRDA:369,14,1,0
BRDA:375,15,0,0
BRDA:384,16,0,0
BRDA:384,16,1,0
BRDA:384,17,0,0
BRDA:384,17,1,0
BRDA:386,18,0,0
BRDA:393,19,0,0
BRDA:393,19,1,0
BRDA:413,20,0,0
BRDA:413,20,1,0
BRDA:439,21,0,0
BRDA:448,22,0,0
BRDA:448,22,1,0
BRDA:450,23,0,0
BRDA:454,24,0,0
BRDA:472,25,0,0
BRDA:472,25,1,0
BRDA:491,26,0,0
BRDA:500,27,0,0
BRDA:500,27,1,0
BRDA:502,28,0,0
BRDA:519,29,0,0
BRDA:519,29,1,0
BRDA:538,30,0,0
BRDA:556,31,0,0
BRDA:556,31,1,0
BRDA:574,32,0,0
BRDA:574,32,1,0
BRDA:587,33,0,0
BRDA:587,33,1,0
BRDA:600,34,0,0
BRDA:600,34,1,0
BRDA:616,35,0,0
BRDA:616,35,1,0
BRDA:639,36,0,0
BRDA:639,36,1,0
BRDA:647,37,0,0
BRDA:657,38,0,0
BRDA:657,38,1,0
BRDA:658,39,0,0
BRDA:658,39,1,0
BRDA:659,40,0,0
BRDA:659,40,1,0
BRDA:691,41,0,0
BRDA:691,41,1,0
BRDA:694,42,0,0
BRDA:694,42,1,0
BRDA:695,43,0,0
BRDA:695,43,1,0
BRDA:720,44,0,0
BRDA:724,45,0,0
BRDA:732,46,0,0
BRDA:732,46,1,0
BRDA:740,47,0,0
BRDA:740,47,1,0
BRDA:748,48,0,0
BRDA:748,48,1,0
BRF:81
BRH:0
end_of_record
TN:
SF:src/store/slices/tripStore.utils.ts
FN:7,convertApiParticipantToStore
FN:25,convertStoreParticipantToApiFormat
FNF:2
FNH:0
FNDA:0,convertApiParticipantToStore
FNDA:0,convertStoreParticipantToApiFormat
DA:7,0
DA:8,0
DA:25,0
DA:28,0
LF:4
LH:0
BRF:0
BRH:0
end_of_record
TN:
SF:src/store/slices/uiStore.ts
FN:77,(anonymous_0)
FN:97,(anonymous_1)
FN:97,(anonymous_2)
FN:102,(anonymous_3)
FN:103,(anonymous_4)
FN:119,(anonymous_5)
FN:120,(anonymous_6)
FN:129,(anonymous_7)
FN:130,(anonymous_8)
FN:135,(anonymous_9)
FN:136,(anonymous_10)
FN:142,(anonymous_11)
FN:143,(anonymous_12)
FN:148,(anonymous_13)
FN:149,(anonymous_14)
FN:155,(anonymous_15)
FN:163,(anonymous_16)
FN:169,(anonymous_17)
FN:175,(anonymous_18)
FN:176,(anonymous_19)
FN:177,(anonymous_20)
FN:181,(anonymous_21)
FN:182,(anonymous_22)
FN:188,(anonymous_23)
FN:197,(anonymous_24)
FN:204,(anonymous_25)
FN:205,(anonymous_26)
FN:206,(anonymous_27)
FN:210,(anonymous_28)
FN:211,(anonymous_29)
FN:217,(anonymous_30)
FN:218,(anonymous_31)
FN:225,(anonymous_32)
FN:226,(anonymous_33)
FN:235,(anonymous_34)
FN:236,(anonymous_35)
FNF:36
FNH:0
FNDA:0,(anonymous_0)
FNDA:0,(anonymous_1)
FNDA:0,(anonymous_2)
FNDA:0,(anonymous_3)
FNDA:0,(anonymous_4)
FNDA:0,(anonymous_5)
FNDA:0,(anonymous_6)
FNDA:0,(anonymous_7)
FNDA:0,(anonymous_8)
FNDA:0,(anonymous_9)
FNDA:0,(anonymous_10)
FNDA:0,(anonymous_11)
FNDA:0,(anonymous_12)
FNDA:0,(anonymous_13)
FNDA:0,(anonymous_14)
FNDA:0,(anonymous_15)
FNDA:0,(anonymous_16)
FNDA:0,(anonymous_17)
FNDA:0,(anonymous_18)
FNDA:0,(anonymous_19)
FNDA:0,(anonymous_20)
FNDA:0,(anonymous_21)
FNDA:0,(anonymous_22)
FNDA:0,(anonymous_23)
FNDA:0,(anonymous_24)
FNDA:0,(anonymous_25)
FNDA:0,(anonymous_26)
FNDA:0,(anonymous_27)
FNDA:0,(anonymous_28)
FNDA:0,(anonymous_29)
FNDA:0,(anonymous_30)
FNDA:0,(anonymous_31)
FNDA:0,(anonymous_32)
FNDA:0,(anonymous_33)
FNDA:0,(anonymous_34)
FNDA:0,(anonymous_35)
DA:1,0
DA:2,0
DA:3,0
DA:75,0
DA:77,0
DA:97,0
DA:98,0
DA:103,0
DA:104,0
DA:108,0
DA:109,0
DA:111,0
DA:115,0
DA:120,0
DA:121,0
DA:125,0
DA:130,0
DA:131,0
DA:136,0
DA:137,0
DA:143,0
DA:144,0
DA:149,0
DA:150,0
DA:156,0
DA:157,0
DA:163,0
DA:164,0
DA:168,0
DA:169,0
DA:170,0
DA:176,0
DA:177,0
DA:182,0
DA:183,0
DA:189,0
DA:190,0
DA:197,0
DA:198,0
DA:201,0
DA:205,0
DA:206,0
DA:211,0
DA:212,0
DA:218,0
DA:219,0
DA:220,0
DA:226,0
DA:227,0
DA:231,0
DA:236,0
DA:237,0
DA:238,0
DA:239,0
DA:240,0
DA:241,0
DA:242,0
DA:243,0
DA:254,0
DA:255,0
DA:256,0
DA:257,0
DA:259,0
DA:261,0
DA:262,0
DA:264,0
DA:267,0
DA:268,0
DA:271,0
DA:272,0
DA:273,0
DA:274,0
DA:276,0
LF:73
LH:0
BRDA:108,0,0,0
BRDA:108,0,1,0
BRDA:108,1,0,0
BRDA:108,1,1,0
BRDA:108,1,2,0
BRDA:168,2,0,0
BRDA:168,3,0,0
BRDA:168,3,1,0
BRDA:254,4,0,0
BRDA:261,5,0,0
BRDA:261,5,1,0
BRDA:267,6,0,0
BRDA:271,7,0,0
BRF:13
BRH:0
end_of_record
TN:
SF:src/styles/design-tokens.ts
FNF:0
FNH:0
DA:2,2
DA:11,2
DA:27,2
DA:36,2
DA:47,2
DA:62,2
DA:68,2
DA:74,2
LF:8
LH:8
BRF:0
BRH:0
end_of_record
TN:
SF:src/utils/apiClient.ts
FN:2,(anonymous_0)
FN:3,(anonymous_1)
FNF:2
FNH:0
FNDA:0,(anonymous_0)
FNDA:0,(anonymous_1)
DA:2,0
DA:3,0
LF:2
LH:0
BRF:0
BRH:0
end_of_record
TN:
SF:src/utils/asyncValidation.ts
FN:96,(anonymous_0)
FN:106,(anonymous_1)
FN:125,(anonymous_2)
FN:148,(anonymous_3)
FN:156,(anonymous_4)
FN:160,(anonymous_5)
FN:166,(anonymous_6)
FN:172,(anonymous_7)
FN:177,(anonymous_8)
FN:192,(anonymous_9)
FN:200,(anonymous_10)
FN:203,(anonymous_11)
FN:219,(anonymous_12)
FN:220,(anonymous_13)
FN:227,(anonymous_14)
FN:253,createDebouncedValidator
FN:260,(anonymous_16)
FN:274,(anonymous_17)
FN:275,(anonymous_18)
FN:291,(anonymous_19)
FN:307,createCachedValidator
FN:318,(anonymous_21)
FN:322,(anonymous_22)
FN:346,createRetryingValidator
FN:352,(anonymous_24)
FN:372,(anonymous_25)
FN:384,useAsyncValidator
FN:398,(anonymous_27)
FN:431,(anonymous_28)
FN:439,(anonymous_29)
FN:468,(anonymous_30)
FN:473,(anonymous_31)
FN:481,(anonymous_32)
FN:482,(anonymous_33)
FNF:34
FNH:0
FNDA:0,(anonymous_0)
FNDA:0,(anonymous_1)
FNDA:0,(anonymous_2)
FNDA:0,(anonymous_3)
FNDA:0,(anonymous_4)
FNDA:0,(anonymous_5)
FNDA:0,(anonymous_6)
FNDA:0,(anonymous_7)
FNDA:0,(anonymous_8)
FNDA:0,(anonymous_9)
FNDA:0,(anonymous_10)
FNDA:0,(anonymous_11)
FNDA:0,(anonymous_12)
FNDA:0,(anonymous_13)
FNDA:0,(anonymous_14)
FNDA:0,createDebouncedValidator
FNDA:0,(anonymous_16)
FNDA:0,(anonymous_17)
FNDA:0,(anonymous_18)
FNDA:0,(anonymous_19)
FNDA:0,createCachedValidator
FNDA:0,(anonymous_21)
FNDA:0,(anonymous_22)
FNDA:0,createRetryingValidator
FNDA:0,(anonymous_24)
FNDA:0,(anonymous_25)
FNDA:0,useAsyncValidator
FNDA:0,(anonymous_27)
FNDA:0,(anonymous_28)
FNDA:0,(anonymous_29)
FNDA:0,(anonymous_30)
FNDA:0,(anonymous_31)
FNDA:0,(anonymous_32)
FNDA:0,(anonymous_33)
DA:8,0
DA:80,0
DA:92,0
DA:93,0
DA:94,0
DA:97,0
DA:107,0
DA:108,0
DA:111,0
DA:112,0
DA:113,0
DA:114,0
DA:118,0
DA:119,0
DA:127,0
DA:128,0
DA:129,0
DA:130,0
DA:131,0
DA:135,0
DA:141,0
DA:142,0
DA:149,0
DA:150,0
DA:157,0
DA:158,0
DA:160,0
DA:161,0
DA:162,0
DA:166,0
DA:167,0
DA:168,0
DA:173,0
DA:174,0
DA:178,0
DA:179,0
DA:180,0
DA:188,0
DA:189,0
DA:190,0
DA:193,0
DA:194,0
DA:201,0
DA:203,0
DA:204,0
DA:211,0
DA:212,0
DA:220,0
DA:221,0
DA:222,0
DA:224,0
DA:228,0
DA:229,0
DA:230,0
DA:232,0
DA:234,0
DA:235,0
DA:239,0
DA:241,0
DA:243,0
DA:244,0
DA:253,0
DA:257,0
DA:258,0
DA:260,0
DA:262,0
DA:263,0
DA:267,0
DA:268,0
DA:271,0
DA:272,0
DA:274,0
DA:275,0
DA:276,0
DA:278,0
DA:279,0
DA:280,0
DA:283,0
DA:284,0
DA:286,0
DA:291,0
DA:292,0
DA:293,0
DA:295,0
DA:296,0
DA:298,0
DA:307,0
DA:311,0
DA:312,0
DA:318,0
DA:319,0
DA:322,0
DA:323,0
DA:326,0
DA:327,0
DA:328,0
DA:332,0
DA:335,0
DA:336,0
DA:339,0
DA:346,0
DA:350,0
DA:352,0
DA:353,0
DA:355,0
DA:356,0
DA:357,0
DA:358,0
DA:361,0
DA:363,0
DA:366,0
DA:367,0
DA:371,0
DA:372,0
DA:377,0
DA:384,0
DA:388,0
DA:389,0
DA:393,0
DA:394,0
DA:397,0
DA:399,0
DA:402,0
DA:403,0
DA:404,0
DA:408,0
DA:411,0
DA:414,0
DA:415,0
DA:418,0
DA:424,0
DA:425,0
DA:429,0
DA:431,0
DA:438,0
DA:441,0
DA:442,0
DA:445,0
DA:446,0
DA:448,0
DA:449,0
DA:450,0
DA:452,0
DA:455,0
DA:456,0
DA:461,0
DA:468,0
DA:469,0
DA:473,0
DA:474,0
DA:475,0
DA:477,0
DA:481,0
DA:482,0
DA:483,0
DA:487,0
LF:156
LH:0
BRDA:108,0,0,0
BRDA:111,1,0,0
BRDA:127,2,0,0
BRDA:127,3,0,0
BRDA:127,3,1,0
BRDA:129,4,0,0
BRDA:161,5,0,0
BRDA:179,6,0,0
BRDA:228,7,0,0
BRDA:228,7,1,0
BRDA:230,8,0,0
BRDA:262,9,0,0
BRDA:267,10,0,0
BRDA:278,11,0,0
BRDA:278,12,0,0
BRDA:278,12,1,0
BRDA:292,13,0,0
BRDA:295,14,0,0
BRDA:327,15,0,0
BRDA:335,16,0,0
BRDA:357,17,0,0
BRDA:366,18,0,0
BRDA:366,19,0,0
BRDA:366,19,1,0
BRDA:371,20,0,0
BRDA:377,21,0,0
BRDA:377,21,1,0
BRDA:403,22,0,0
BRDA:414,23,0,0
BRDA:424,24,0,0
BRDA:441,25,0,0
BRDA:449,26,0,0
BRDA:449,26,1,0
BRDA:449,27,0,0
BRDA:449,27,1,0
BRDA:455,28,0,0
BRDA:455,29,0,0
BRDA:455,29,1,0
BRDA:474,30,0,0
BRF:39
BRH:0
end_of_record
TN:
SF:src/utils/date.ts
FN:7,formatDate
FN:32,formatDateRange
FN:42,daysBetween
FN:57,isPastDate
FN:67,isToday
FN:82,getRelativeTime
FNF:6
FNH:0
FNDA:0,formatDate
FNDA:0,formatDateRange
FNDA:0,daysBetween
FNDA:0,isPastDate
FNDA:0,isToday
FNDA:0,getRelativeTime
DA:7,0
DA:8,0
DA:11,0
DA:12,0
DA:16,0
DA:18,0
DA:32,0
DA:33,0
DA:42,0
DA:43,0
DA:44,0
DA:46,0
DA:47,0
DA:49,0
DA:57,0
DA:58,0
DA:59,0
DA:67,0
DA:68,0
DA:69,0
DA:71,0
DA:82,0
DA:83,0
DA:84,0
DA:85,0
DA:86,0
DA:87,0
DA:88,0
DA:89,0
DA:91,0
DA:92,0
DA:94,0
DA:95,0
DA:96,0
DA:97,0
DA:98,0
DA:99,0
DA:100,0
DA:101,0
DA:102,0
DA:104,0
LF:41
LH:0
BRDA:8,0,0,0
BRDA:8,0,1,0
BRDA:11,1,0,0
BRDA:16,2,0,0
BRDA:16,2,1,0
BRDA:43,3,0,0
BRDA:43,3,1,0
BRDA:44,4,0,0
BRDA:44,4,1,0
BRDA:58,5,0,0
BRDA:58,5,1,0
BRDA:68,6,0,0
BRDA:68,6,1,0
BRDA:71,7,0,0
BRDA:71,7,1,0
BRDA:71,7,2,0
BRDA:83,8,0,0
BRDA:83,8,1,0
BRDA:91,9,0,0
BRDA:91,9,1,0
BRDA:94,10,0,0
BRDA:94,10,1,0
BRDA:97,11,0,0
BRDA:97,11,1,0
BRDA:99,12,0,0
BRDA:99,12,1,0
BRDA:101,13,0,0
BRDA:101,13,1,0
BRF:28
BRH:0
end_of_record
TN:
SF:src/utils/formSubmissionUtils.ts
FN:10,useDebouncedSubmit
FN:18,(anonymous_1)
FN:25,(anonymous_2)
FN:36,(anonymous_3)
FN:49,useThrottledSubmit
FN:57,(anonymous_5)
FN:63,(anonymous_6)
FN:79,useSequentialSubmit
FN:86,(anonymous_8)
FN:87,(anonymous_9)
FN:90,(anonymous_10)
FN:104,(anonymous_11)
FN:106,(anonymous_12)
FN:115,(anonymous_13)
FN:138,useBatchSubmit
FN:150,(anonymous_15)
FN:163,(anonymous_16)
FN:164,(anonymous_17)
FN:185,(anonymous_18)
FN:203,useRetrySubmit
FN:224,(anonymous_20)
FN:251,(anonymous_21)
FN:275,useProgressTracking
FN:280,(anonymous_23)
FN:287,(anonymous_24)
FN:288,(anonymous_25)
FN:291,(anonymous_26)
FN:292,(anonymous_27)
FN:292,(anonymous_28)
FN:297,(anonymous_29)
FN:311,(anonymous_30)
FN:319,useAutoSave
FN:340,(anonymous_32)
FN:347,(anonymous_33)
FN:363,(anonymous_34)
FN:387,usePriorityQueue
FN:394,(anonymous_36)
FN:402,(anonymous_37)
FN:405,(anonymous_38)
FN:416,(anonymous_39)
FN:437,(anonymous_40)
FN:438,(anonymous_41)
FN:438,(anonymous_42)
FN:441,(anonymous_43)
FNF:44
FNH:0
FNDA:0,useDebouncedSubmit
FNDA:0,(anonymous_1)
FNDA:0,(anonymous_2)
FNDA:0,(anonymous_3)
FNDA:0,useThrottledSubmit
FNDA:0,(anonymous_5)
FNDA:0,(anonymous_6)
FNDA:0,useSequentialSubmit
FNDA:0,(anonymous_8)
FNDA:0,(anonymous_9)
FNDA:0,(anonymous_10)
FNDA:0,(anonymous_11)
FNDA:0,(anonymous_12)
FNDA:0,(anonymous_13)
FNDA:0,useBatchSubmit
FNDA:0,(anonymous_15)
FNDA:0,(anonymous_16)
FNDA:0,(anonymous_17)
FNDA:0,(anonymous_18)
FNDA:0,useRetrySubmit
FNDA:0,(anonymous_20)
FNDA:0,(anonymous_21)
FNDA:0,useProgressTracking
FNDA:0,(anonymous_23)
FNDA:0,(anonymous_24)
FNDA:0,(anonymous_25)
FNDA:0,(anonymous_26)
FNDA:0,(anonymous_27)
FNDA:0,(anonymous_28)
FNDA:0,(anonymous_29)
FNDA:0,(anonymous_30)
FNDA:0,useAutoSave
FNDA:0,(anonymous_32)
FNDA:0,(anonymous_33)
FNDA:0,(anonymous_34)
FNDA:0,usePriorityQueue
FNDA:0,(anonymous_36)
FNDA:0,(anonymous_37)
FNDA:0,(anonymous_38)
FNDA:0,(anonymous_39)
FNDA:0,(anonymous_40)
FNDA:0,(anonymous_41)
FNDA:0,(anonymous_42)
FNDA:0,(anonymous_43)
DA:5,0
DA:10,0
DA:14,0
DA:15,0
DA:17,0
DA:19,0
DA:21,0
DA:22,0
DA:25,0
DA:26,0
DA:27,0
DA:29,0
DA:36,0
DA:37,0
DA:38,0
DA:39,0
DA:43,0
DA:49,0
DA:53,0
DA:54,0
DA:56,0
DA:58,0
DA:59,0
DA:61,0
DA:62,0
DA:63,0
DA:64,0
DA:67,0
DA:68,0
DA:73,0
DA:79,0
DA:80,0
DA:81,0
DA:82,0
DA:83,0
DA:84,0
DA:86,0
DA:87,0
DA:90,0
DA:91,0
DA:93,0
DA:94,0
DA:95,0
DA:96,0
DA:98,0
DA:99,0
DA:100,0
DA:102,0
DA:103,0
DA:104,0
DA:106,0
DA:111,0
DA:112,0
DA:115,0
DA:116,0
DA:117,0
DA:118,0
DA:119,0
DA:122,0
DA:138,0
DA:145,0
DA:146,0
DA:147,0
DA:148,0
DA:150,0
DA:151,0
DA:153,0
DA:154,0
DA:155,0
DA:156,0
DA:158,0
DA:162,0
DA:164,0
DA:165,0
DA:168,0
DA:169,0
DA:170,0
DA:173,0
DA:177,0
DA:178,0
DA:180,0
DA:185,0
DA:186,0
DA:187,0
DA:189,0
DA:192,0
DA:203,0
DA:217,0
DA:219,0
DA:220,0
DA:221,0
DA:223,0
DA:225,0
DA:226,0
DA:228,0
DA:229,0
DA:230,0
DA:231,0
DA:233,0
DA:236,0
DA:237,0
DA:238,0
DA:240,0
DA:242,0
DA:243,0
DA:245,0
DA:246,0
DA:247,0
DA:251,0
DA:254,0
DA:258,0
DA:263,0
DA:275,0
DA:276,0
DA:277,0
DA:278,0
DA:280,0
DA:281,0
DA:282,0
DA:283,0
DA:287,0
DA:288,0
DA:291,0
DA:292,0
DA:293,0
DA:297,0
DA:298,0
DA:299,0
DA:300,0
DA:303,0
DA:311,0
DA:319,0
DA:333,0
DA:335,0
DA:336,0
DA:337,0
DA:339,0
DA:341,0
DA:343,0
DA:344,0
DA:347,0
DA:348,0
DA:349,0
DA:350,0
DA:351,0
DA:352,0
DA:354,0
DA:356,0
DA:363,0
DA:364,0
DA:365,0
DA:369,0
DA:387,0
DA:390,0
DA:391,0
DA:392,0
DA:394,0
DA:395,0
DA:402,0
DA:403,0
DA:405,0
DA:406,0
DA:407,0
DA:409,0
DA:413,0
DA:416,0
DA:417,0
DA:419,0
DA:420,0
DA:421,0
DA:422,0
DA:424,0
DA:425,0
DA:427,0
DA:428,0
DA:431,0
DA:432,0
DA:437,0
DA:438,0
DA:441,0
DA:442,0
DA:445,0
LF:182
LH:0
BRDA:12,0,0,0
BRDA:21,1,0,0
BRDA:37,2,0,0
BRDA:51,3,0,0
BRDA:61,4,0,0
BRDA:91,5,0,0
BRDA:91,6,0,0
BRDA:91,6,1,0
BRDA:131,7,0,0
BRDA:131,7,1,0
BRDA:140,8,0,0
BRDA:145,9,0,0
BRDA:145,10,0,0
BRDA:151,11,0,0
BRDA:168,12,0,0
BRDA:177,13,0,0
BRDA:186,14,0,0
BRDA:205,15,0,0
BRDA:213,16,0,0
BRDA:214,17,0,0
BRDA:215,18,0,0
BRDA:216,19,0,0
BRDA:245,20,0,0
BRDA:258,21,0,0
BRDA:258,21,1,0
BRDA:282,22,0,0
BRDA:293,23,0,0
BRDA:293,23,1,0
BRDA:321,24,0,0
BRDA:329,25,0,0
BRDA:330,26,0,0
BRDA:341,27,0,0
BRDA:343,28,0,0
BRDA:364,29,0,0
BRDA:394,30,0,0
BRDA:406,31,0,0
BRDA:417,32,0,0
BRDA:417,33,0,0
BRDA:417,33,1,0
BRDA:431,34,0,0
BRF:40
BRH:0
end_of_record
TN:
SF:src/utils/tokenStorage.ts
FN:7,(anonymous_0)
FN:18,(anonymous_1)
FN:23,(anonymous_2)
FN:28,(anonymous_3)
FN:32,(anonymous_4)
FN:36,(anonymous_5)
FNF:6
FNH:0
FNDA:0,(anonymous_0)
FNDA:0,(anonymous_1)
FNDA:0,(anonymous_2)
FNDA:0,(anonymous_3)
FNDA:0,(anonymous_4)
FNDA:0,(anonymous_5)
DA:3,1
DA:4,1
DA:6,1
DA:8,0
DA:9,0
DA:11,0
DA:12,0
DA:15,0
DA:19,0
DA:20,0
DA:24,0
DA:25,0
DA:29,0
DA:33,0
DA:37,0
LF:15
LH:3
BRDA:11,0,0,0
BRDA:11,1,0,0
BRDA:11,1,1,0
BRF:3
BRH:0
end_of_record
TN:
SF:src/utils/validation.ts
FN:54,(anonymous_0)
FN:64,(anonymous_1)
FN:73,(anonymous_2)
FN:82,(anonymous_3)
FNF:4
FNH:0
FNDA:0,(anonymous_0)
FNDA:0,(anonymous_1)
FNDA:0,(anonymous_2)
FNDA:0,(anonymous_3)
DA:1,0
DA:4,0
DA:14,0
DA:20,0
DA:26,0
DA:31,0
DA:36,0
DA:40,0
DA:46,0
DA:51,0
DA:55,0
DA:56,0
DA:57,0
DA:64,0
DA:65,0
DA:66,0
DA:67,0
DA:69,0
DA:73,0
DA:74,0
DA:75,0
DA:76,0
DA:78,0
DA:82,0
DA:83,0
DA:85,0
DA:88,0
DA:89,0
DA:92,0
DA:93,0
DA:94,0
DA:95,0
DA:98,0
DA:101,0
DA:103,0
LF:35
LH:0
BRDA:83,0,0,0
BRDA:88,1,0,0
BRDA:89,2,0,0
BRDA:92,3,0,0
BRDA:93,4,0,0
BRDA:94,5,0,0
BRDA:95,6,0,0
BRDA:98,7,0,0
BRDA:98,8,0,0
BRDA:98,8,1,0
BRDA:101,9,0,0
BRF:11
BRH:0
end_of_record
TN:
SF:src/utils/asyncValidation/index.ts
FNF:0
FNH:0
DA:5,0
DA:6,0
DA:7,0
LF:3
LH:0
BRF:0
BRH:0
end_of_record
