<?xml version="1.0" encoding="utf-8"?><testsuites name="pytest tests"><testsuite name="pytest" errors="36" failures="96" skipped="0" tests="381" time="168.898" timestamp="2025-07-10T16:53:56.612320+02:00" hostname="Chiara"><testcase classname="tests.core.storage.test_local_storage.TestLocalStorageBackend" name="test_store_file" time="0.011" /><testcase classname="tests.core.storage.test_local_storage.TestLocalStorageBackend" name="test_store_file_overwrite_protection" time="0.007" /><testcase classname="tests.core.storage.test_local_storage.TestLocalStorageBackend" name="test_retrieve_file" time="0.007" /><testcase classname="tests.core.storage.test_local_storage.TestLocalStorageBackend" name="test_retrieve_nonexistent_file" time="0.002" /><testcase classname="tests.core.storage.test_local_storage.TestLocalStorageBackend" name="test_delete_file" time="0.005" /><testcase classname="tests.core.storage.test_local_storage.TestLocalStorageBackend" name="test_exists" time="0.005" /><testcase classname="tests.core.storage.test_local_storage.TestLocalStorageBackend" name="test_compression_types" time="0.042" /><testcase classname="tests.core.storage.test_local_storage.TestLocalStorageBackend" name="test_list_files" time="0.034" /><testcase classname="tests.core.storage.test_local_storage.TestLocalStorageBackend" name="test_update_metadata" time="0.007" /><testcase classname="tests.core.storage.test_local_storage.TestLocalStorageBackend" name="test_get_usage_stats" time="0.017" /><testcase classname="tests.core.storage.test_local_storage.TestLocalStorageBackend" name="test_invalid_file_id" time="0.003" /><testcase classname="tests.core.storage.test_local_storage.TestLocalStorageBackend" name="test_max_file_size" time="0.012" /><testcase classname="tests.core.storage.test_storage_service.TestStorageService" name="test_upload_file" time="0.299" /><testcase classname="tests.core.storage.test_storage_service.TestStorageService" name="test_upload_invalid_filename" time="0.005" /><testcase classname="tests.core.storage.test_storage_service.TestStorageService" name="test_download_file" time="0.015"><failure message="TypeError: unsupported operand type(s) for +=: 'NoneType' and 'int'">self = &lt;storage.test_storage_service.TestStorageService object at 0x7f602330d220&gt;, storage_service = &lt;jidelnicek.core.storage.service.StorageService object at 0x7f6022cc2210&gt;, mock_db = &lt;Mock spec='Session' id='140050877753600'&gt;
sample_user_id = '8726708f-422e-451b-a62c-1cca49f39af9'

    @pytest.mark.asyncio
    async def test_download_file(self, storage_service, mock_db, sample_user_id):
        """Test downloading a file."""
        # First upload a file
        test_data = b"Download test content"
        file_data = BytesIO(test_data)
    
        stored_file = await storage_service.upload(
            file_data=file_data,
            filename="download_test.txt",
            user_id=sample_user_id,
            content_type="text/plain",
        )
    
        # Mock database query
        mock_query = Mock()
        mock_query.filter.return_value = mock_query
        mock_query.first.return_value = stored_file
        mock_db.query.return_value = mock_query
    
        # Download the file
&gt;       downloaded_data, db_record = await storage_service.download(
            file_id=stored_file.file_id,
            user_id=sample_user_id,
            check_permissions=True
        )

tests/core/storage/test_storage_service.py:161: 
_ _ _ _ _ _ _ _ _ _ _ _ _ _ _ _ _ _ _ _ _ _ _ _ _ _ _ _ _ _ _ _ _ _ _ _ _ _ _ _ _ _ _ _ _ _ _ _ _ _ _ _ _ _ _ _ _ _ _ _ _ _ _ _ _ _ _ _ _ _ _ _ _ _ _ _ _ _ _ _ _ _ _ _ _ _ _ _ _ _ _ _ _ _ _ _ _ _ _ _ _ _ _ _ _ _ _ _ _ _ _ _ _ _ _ _ _ _ 

self = &lt;jidelnicek.core.storage.service.StorageService object at 0x7f6022cc2210&gt;, file_id = 'exports/2025/07/8726708f-422e-451b-a62c-1cca49f39af9/direct/20250710_145357_ccceaa6b_download_test.txt'
user_id = '8726708f-422e-451b-a62c-1cca49f39af9', check_permissions = True

    async def download(
        self,
        file_id: str,
        user_id: Optional[str] = None,  # UUID as string
        check_permissions: bool = True
    ) -&gt; tuple[BinaryIO, StoredFile]:
        """
        Download a file from storage.
    
        Args:
            file_id: File ID to download
            user_id: ID of user requesting download
            check_permissions: Whether to check access permissions
    
        Returns:
            Tuple of (file data, database record)
    
        Raises:
            NotFoundError: If file not found
            PermissionDeniedError: If access denied
            StorageError: If download fails
        """
        # Get database record
        stored_file = self.db.query(StoredFile).filter(
            StoredFile.file_id == file_id,
            StoredFile.is_deleted == False
        ).first()
    
        if not stored_file:
            raise NotFoundError(f"File not found: {file_id}")
    
        # Check permissions
        if check_permissions and not stored_file.is_public:
            if user_id != stored_file.user_id:
                raise PermissionDeniedError("Access denied to file")
    
        # Check expiration
        if stored_file.expires_at and stored_file.expires_at &lt; datetime.utcnow():
            raise NotFoundError("File has expired")
    
        # Download from backend
        try:
            file_data, _ = await self.backend.retrieve(file_id)
        except StorageFileNotFoundError:
            # Mark as deleted in database
            stored_file.is_deleted = True
            stored_file.deleted_at = datetime.utcnow()
            self.db.commit()
            raise NotFoundError(f"File not found in storage: {file_id}")
    
        # Update access statistics
&gt;       stored_file.access_count += 1
E       TypeError: unsupported operand type(s) for +=: 'NoneType' and 'int'

src/jidelnicek/core/storage/service.py:371: TypeError</failure></testcase><testcase classname="tests.core.storage.test_storage_service.TestStorageService" name="test_download_permission_denied" time="0.006"><failure message="NameError: name 'PermissionDeniedError' is not defined">self = &lt;storage.test_storage_service.TestStorageService object at 0x7f602330d480&gt;, storage_service = &lt;jidelnicek.core.storage.service.StorageService object at 0x7f6022332520&gt;, mock_db = &lt;Mock spec='Session' id='140050877757632'&gt;
sample_user_id = 'b926c6b8-2f2c-455e-823d-2ed09c2117c9'

    @pytest.mark.asyncio
    async def test_download_permission_denied(self, storage_service, mock_db, sample_user_id):
        """Test downloading a file without permission."""
        # Create a mock file owned by different user
        stored_file = StoredFile(
            file_id="test/file.pdf",
            filename="file.pdf",
            content_type="application/pdf",
            storage_backend="local",
            storage_path="/path/to/file",
            file_size=100,
            checksum="abc123",
            user_id="different_user_id",
            is_public=False,
        )
    
        # Mock database query
        mock_query = Mock()
        mock_query.filter.return_value = mock_query
        mock_query.first.return_value = stored_file
        mock_db.query.return_value = mock_query
    
        # Try to download with different user
        with pytest.raises(PermissionDeniedError):
&gt;           await storage_service.download(
                file_id=stored_file.file_id,
                user_id=sample_user_id,
                check_permissions=True
            )

tests/core/storage/test_storage_service.py:200: 
_ _ _ _ _ _ _ _ _ _ _ _ _ _ _ _ _ _ _ _ _ _ _ _ _ _ _ _ _ _ _ _ _ _ _ _ _ _ _ _ _ _ _ _ _ _ _ _ _ _ _ _ _ _ _ _ _ _ _ _ _ _ _ _ _ _ _ _ _ _ _ _ _ _ _ _ _ _ _ _ _ _ _ _ _ _ _ _ _ _ _ _ _ _ _ _ _ _ _ _ _ _ _ _ _ _ _ _ _ _ _ _ _ _ _ _ _ _ 

self = &lt;jidelnicek.core.storage.service.StorageService object at 0x7f6022332520&gt;, file_id = 'test/file.pdf', user_id = 'b926c6b8-2f2c-455e-823d-2ed09c2117c9', check_permissions = True

    async def download(
        self,
        file_id: str,
        user_id: Optional[str] = None,  # UUID as string
        check_permissions: bool = True
    ) -&gt; tuple[BinaryIO, StoredFile]:
        """
        Download a file from storage.
    
        Args:
            file_id: File ID to download
            user_id: ID of user requesting download
            check_permissions: Whether to check access permissions
    
        Returns:
            Tuple of (file data, database record)
    
        Raises:
            NotFoundError: If file not found
            PermissionDeniedError: If access denied
            StorageError: If download fails
        """
        # Get database record
        stored_file = self.db.query(StoredFile).filter(
            StoredFile.file_id == file_id,
            StoredFile.is_deleted == False
        ).first()
    
        if not stored_file:
            raise NotFoundError(f"File not found: {file_id}")
    
        # Check permissions
        if check_permissions and not stored_file.is_public:
            if user_id != stored_file.user_id:
&gt;               raise PermissionDeniedError("Access denied to file")
                      ^^^^^^^^^^^^^^^^^^^^^
E               NameError: name 'PermissionDeniedError' is not defined

src/jidelnicek/core/storage/service.py:354: NameError</failure></testcase><testcase classname="tests.core.storage.test_storage_service.TestStorageService" name="test_download_public_file" time="0.013"><failure message="TypeError: unsupported operand type(s) for +=: 'NoneType' and 'int'">self = &lt;storage.test_storage_service.TestStorageService object at 0x7f602309cdd0&gt;, storage_service = &lt;jidelnicek.core.storage.service.StorageService object at 0x7f6022333100&gt;, mock_db = &lt;Mock spec='Session' id='140050864948288'&gt;

    @pytest.mark.asyncio
    async def test_download_public_file(self, storage_service, mock_db):
        """Test downloading a public file."""
        # First upload a public file
        test_data = b"Public content"
        file_data = BytesIO(test_data)
    
        stored_file = await storage_service.upload(
            file_data=file_data,
            filename="public.txt",
            user_id="owner_id",
            is_public=True,
        )
    
        # Mock database query
        mock_query = Mock()
        mock_query.filter.return_value = mock_query
        mock_query.first.return_value = stored_file
        mock_db.query.return_value = mock_query
    
        # Download with different user should work for public file
&gt;       downloaded_data, _ = await storage_service.download(
            file_id=stored_file.file_id,
            user_id="different_user",
            check_permissions=True
        )

tests/core/storage/test_storage_service.py:227: 
_ _ _ _ _ _ _ _ _ _ _ _ _ _ _ _ _ _ _ _ _ _ _ _ _ _ _ _ _ _ _ _ _ _ _ _ _ _ _ _ _ _ _ _ _ _ _ _ _ _ _ _ _ _ _ _ _ _ _ _ _ _ _ _ _ _ _ _ _ _ _ _ _ _ _ _ _ _ _ _ _ _ _ _ _ _ _ _ _ _ _ _ _ _ _ _ _ _ _ _ _ _ _ _ _ _ _ _ _ _ _ _ _ _ _ _ _ _ 

self = &lt;jidelnicek.core.storage.service.StorageService object at 0x7f6022333100&gt;, file_id = 'exports/2025/07/owner_id/direct/20250710_145358_41da6107_public.txt', user_id = 'different_user', check_permissions = True

    async def download(
        self,
        file_id: str,
        user_id: Optional[str] = None,  # UUID as string
        check_permissions: bool = True
    ) -&gt; tuple[BinaryIO, StoredFile]:
        """
        Download a file from storage.
    
        Args:
            file_id: File ID to download
            user_id: ID of user requesting download
            check_permissions: Whether to check access permissions
    
        Returns:
            Tuple of (file data, database record)
    
        Raises:
            NotFoundError: If file not found
            PermissionDeniedError: If access denied
            StorageError: If download fails
        """
        # Get database record
        stored_file = self.db.query(StoredFile).filter(
            StoredFile.file_id == file_id,
            StoredFile.is_deleted == False
        ).first()
    
        if not stored_file:
            raise NotFoundError(f"File not found: {file_id}")
    
        # Check permissions
        if check_permissions and not stored_file.is_public:
            if user_id != stored_file.user_id:
                raise PermissionDeniedError("Access denied to file")
    
        # Check expiration
        if stored_file.expires_at and stored_file.expires_at &lt; datetime.utcnow():
            raise NotFoundError("File has expired")
    
        # Download from backend
        try:
            file_data, _ = await self.backend.retrieve(file_id)
        except StorageFileNotFoundError:
            # Mark as deleted in database
            stored_file.is_deleted = True
            stored_file.deleted_at = datetime.utcnow()
            self.db.commit()
            raise NotFoundError(f"File not found in storage: {file_id}")
    
        # Update access statistics
&gt;       stored_file.access_count += 1
E       TypeError: unsupported operand type(s) for +=: 'NoneType' and 'int'

src/jidelnicek/core/storage/service.py:371: TypeError</failure></testcase><testcase classname="tests.core.storage.test_storage_service.TestStorageService" name="test_delete_file" time="0.010" /><testcase classname="tests.core.storage.test_storage_service.TestStorageService" name="test_hard_delete_file" time="0.010" /><testcase classname="tests.core.storage.test_storage_service.TestStorageService" name="test_list_files" time="0.006" /><testcase classname="tests.core.storage.test_storage_service.TestStorageService" name="test_update_metadata" time="0.007" /><testcase classname="tests.core.storage.test_storage_service.TestStorageService" name="test_generate_download_url" time="0.006" /><testcase classname="tests.core.storage.test_storage_service.TestStorageService" name="test_cleanup_expired_files" time="0.011" /><testcase classname="tests.core.storage.test_storage_service.TestStorageService" name="test_get_usage_stats" time="0.007"><failure message="assert 3 == 1">self = &lt;storage.test_storage_service.TestStorageService object at 0x7f60230b4750&gt;, storage_service = &lt;jidelnicek.core.storage.service.StorageService object at 0x7f6022233890&gt;, mock_db = &lt;Mock spec='Session' id='140050877758976'&gt;
sample_user_id = '5028b1bb-9145-4f3e-97ad-e2529a59e61b'

    @pytest.mark.asyncio
    async def test_get_usage_stats(self, storage_service, mock_db, sample_user_id):
        """Test getting storage usage statistics."""
        # Create mock files
        files = [
            StoredFile(
                file_id=f"stats{i}",
                filename=f"stats{i}.txt",
                content_type="text/plain" if i &lt; 2 else "image/png",
                storage_backend="local",
                storage_path=f"/path/stats{i}",
                file_size=1000 * (i + 1),
                checksum=f"checksum{i}",
                user_id=sample_user_id,
                is_public=i == 0,
                created_at=datetime.utcnow(),
            )
            for i in range(3)
        ]
    
        # Mock database query
        mock_query = Mock()
        mock_query.filter.return_value = mock_query
        mock_query.count.return_value = 3
        mock_query.all.return_value = files
        mock_db.query.return_value = mock_query
    
        # Mock backend stats
        backend_stats = {
            "total_files": 3,
            "total_size": 6000,
            "compression_stats": {"gzip": 2, "none": 1},
            "disk_total": 100000000,
            "disk_used": 50000000,
            "disk_free": 50000000,
            "disk_percent": 50.0,
        }
    
        with patch.object(storage_service.backend, 'get_usage_stats',
                         new_callable=AsyncMock, return_value=backend_stats):
            # Get stats
            stats = await storage_service.get_usage_stats(user_id=sample_user_id)
    
            assert stats["total_files"] == 3
            assert stats["total_size"] == 6000
&gt;           assert stats["public_files"] == 1
E           assert 3 == 1

tests/core/storage/test_storage_service.py:499: AssertionError</failure></testcase><testcase classname="tests.core.storage.test_storage_service.TestStorageService" name="test_file_id_generation" time="0.005" /><testcase classname="tests.core.test_database_performance.TestQueryPerformance" name="test_user_lookup_by_email" time="0.174"><error message="failed on setup with &quot;sqlalchemy.exc.OperationalError: (sqlite3.OperationalError) unknown function: gen_random_uuid()&#10;[SQL: INSERT INTO auth_users (email, password_hash, email_verified, email_verified_at, verification_token, reset_token, reset_token_expires, is_active, failed_login_attempts, locked_until, last_login, language, unit_system, energy_unit, has_pku, timezone, role, is_archived, created_at, updated_at, recipe_count, trip_count) VALUES (?, ?, ?, ?, ?, ?, ?, ?, ?, ?, ?, ?, ?, ?, ?, ?, ?, ?, ?, ?, ?, ?) RETURNING id]&#10;[parameters: ('user0@test.com', 'test_hash', 1, None, None, None, None, 1, 0, None, None, 'cs', 'metric', 'kcal', 0, 'Europe/Prague', 'admin', 0, '2025-07-10 14:53:58.472449', '2025-07-10 14:53:58.472462', 0, 0)]&#10;(Background on this error at: https://sqlalche.me/e/20/e3q8)&quot;">self = &lt;sqlalchemy.engine.base.Connection object at 0x7f6022041a90&gt;, dialect = &lt;sqlalchemy.dialects.sqlite.pysqlite.SQLiteDialect_pysqlite object at 0x7f60221096a0&gt;
context = &lt;sqlalchemy.dialects.sqlite.base.SQLiteExecutionContext object at 0x7f60220dd0d0&gt;

    def _exec_insertmany_context(
        self,
        dialect: Dialect,
        context: ExecutionContext,
    ) -&gt; CursorResult[Any]:
        """continue the _execute_context() method for an "insertmanyvalues"
        operation, which will invoke DBAPI
        cursor.execute() one or more times with individual log and
        event hook calls.
    
        """
    
        if dialect.bind_typing is BindTyping.SETINPUTSIZES:
            generic_setinputsizes = context._prepare_set_input_sizes()
        else:
            generic_setinputsizes = None
    
        cursor, str_statement, parameters = (
            context.cursor,
            context.statement,
            context.parameters,
        )
    
        effective_parameters = parameters
    
        engine_events = self._has_events or self.engine._has_events
        if self.dialect._has_events:
            do_execute_dispatch: Iterable[Any] = (
                self.dialect.dispatch.do_execute
            )
        else:
            do_execute_dispatch = ()
    
        if self._echo:
            stats = context._get_cache_stats() + " (insertmanyvalues)"
    
        preserve_rowcount = context.execution_options.get(
            "preserve_rowcount", False
        )
        rowcount = 0
    
        for imv_batch in dialect._deliver_insertmanyvalues_batches(
            self,
            cursor,
            str_statement,
            effective_parameters,
            generic_setinputsizes,
            context,
        ):
            if imv_batch.processed_setinputsizes:
                try:
                    dialect.do_set_input_sizes(
                        context.cursor,
                        imv_batch.processed_setinputsizes,
                        context,
                    )
                except BaseException as e:
                    self._handle_dbapi_exception(
                        e,
                        sql_util._long_statement(imv_batch.replaced_statement),
                        imv_batch.replaced_parameters,
                        None,
                        context,
                        is_sub_exec=True,
                    )
    
            sub_stmt = imv_batch.replaced_statement
            sub_params = imv_batch.replaced_parameters
    
            if engine_events:
                for fn in self.dispatch.before_cursor_execute:
                    sub_stmt, sub_params = fn(
                        self,
                        cursor,
                        sub_stmt,
                        sub_params,
                        context,
                        True,
                    )
    
            if self._echo:
                self._log_info(sql_util._long_statement(sub_stmt))
    
                imv_stats = f""" {imv_batch.batchnum}/{
                            imv_batch.total_batches
                } ({
                    'ordered'
                    if imv_batch.rows_sorted else 'unordered'
                }{
                    '; batch not supported'
                    if imv_batch.is_downgraded
                    else ''
                })"""
    
                if imv_batch.batchnum == 1:
                    stats += imv_stats
                else:
                    stats = f"insertmanyvalues{imv_stats}"
    
                if not self.engine.hide_parameters:
                    self._log_info(
                        "[%s] %r",
                        stats,
                        sql_util._repr_params(
                            sub_params,
                            batches=10,
                            ismulti=False,
                        ),
                    )
                else:
                    self._log_info(
                        "[%s] [SQL parameters hidden due to "
                        "hide_parameters=True]",
                        stats,
                    )
    
            try:
                for fn in do_execute_dispatch:
                    if fn(
                        cursor,
                        sub_stmt,
                        sub_params,
                        context,
                    ):
                        break
                else:
&gt;                   dialect.do_execute(
                        cursor,
                        sub_stmt,
                        sub_params,
                        context,
                    )

venv/lib/python3.13/site-packages/sqlalchemy/engine/base.py:2114: 
_ _ _ _ _ _ _ _ _ _ _ _ _ _ _ _ _ _ _ _ _ _ _ _ _ _ _ _ _ _ _ _ _ _ _ _ _ _ _ _ _ _ _ _ _ _ _ _ _ _ _ _ _ _ _ _ _ _ _ _ _ _ _ _ _ _ _ _ _ _ _ _ _ _ _ _ _ _ _ _ _ _ _ _ _ _ _ _ _ _ _ _ _ _ _ _ _ _ _ _ _ _ _ _ _ _ _ _ _ _ _ _ _ _ _ _ _ _ 

self = &lt;sqlalchemy.dialects.sqlite.pysqlite.SQLiteDialect_pysqlite object at 0x7f60221096a0&gt;, cursor = &lt;sqlite3.Cursor object at 0x7f6022002140&gt;
statement = 'INSERT INTO auth_users (email, password_hash, email_verified, email_verified_at, verification_token, reset_token, res...d_at, recipe_count, trip_count) VALUES (?, ?, ?, ?, ?, ?, ?, ?, ?, ?, ?, ?, ?, ?, ?, ?, ?, ?, ?, ?, ?, ?) RETURNING id'
parameters = ('user0@test.com', 'test_hash', 1, None, None, None, ...), context = &lt;sqlalchemy.dialects.sqlite.base.SQLiteExecutionContext object at 0x7f60220dd0d0&gt;

    def do_execute(self, cursor, statement, parameters, context=None):
&gt;       cursor.execute(statement, parameters)
E       sqlite3.OperationalError: unknown function: gen_random_uuid()

venv/lib/python3.13/site-packages/sqlalchemy/engine/default.py:943: OperationalError

The above exception was the direct cause of the following exception:

session_factory = sessionmaker(class_='Session', bind=Engine(sqlite:////tmp/pytest-of-jidelnicek-dev/pytest-2/test_user_lookup_by_email0/test_performance.db), autoflush=True, expire_on_commit=True)

    @pytest.fixture
    def bulk_test_data(session_factory):
        """Create bulk test data for performance testing."""
        with session_factory() as session:
            # Create users
            users = []
            for i in range(100):
                user = AuthUser(
                    email=f"user{i}@test.com",
                    password_hash="test_hash",
                    email_verified=True,
                    role="user" if i &gt; 0 else "admin"
                )
                users.append(user)
            session.add_all(users)
&gt;           session.commit()

tests/core/test_database_performance.py:92: 
_ _ _ _ _ _ _ _ _ _ _ _ _ _ _ _ _ _ _ _ _ _ _ _ _ _ _ _ _ _ _ _ _ _ _ _ _ _ _ _ _ _ _ _ _ _ _ _ _ _ _ _ _ _ _ _ _ _ _ _ _ _ _ _ _ _ _ _ _ _ _ _ _ _ _ _ _ _ _ _ _ _ _ _ _ _ _ _ _ _ _ _ _ _ _ _ _ _ _ _ _ _ _ _ _ _ _ _ _ _ _ _ _ _ _ _ _ _ 
venv/lib/python3.13/site-packages/sqlalchemy/orm/session.py:2032: in commit
    trans.commit(_to_root=True)
&lt;string&gt;:2: in commit
    ???
venv/lib/python3.13/site-packages/sqlalchemy/orm/state_changes.py:139: in _go
    ret_value = fn(self, *arg, **kw)
                ^^^^^^^^^^^^^^^^^^^^
venv/lib/python3.13/site-packages/sqlalchemy/orm/session.py:1313: in commit
    self._prepare_impl()
&lt;string&gt;:2: in _prepare_impl
    ???
venv/lib/python3.13/site-packages/sqlalchemy/orm/state_changes.py:139: in _go
    ret_value = fn(self, *arg, **kw)
                ^^^^^^^^^^^^^^^^^^^^
venv/lib/python3.13/site-packages/sqlalchemy/orm/session.py:1288: in _prepare_impl
    self.session.flush()
venv/lib/python3.13/site-packages/sqlalchemy/orm/session.py:4345: in flush
    self._flush(objects)
venv/lib/python3.13/site-packages/sqlalchemy/orm/session.py:4480: in _flush
    with util.safe_reraise():
         ^^^^^^^^^^^^^^^^^^^
venv/lib/python3.13/site-packages/sqlalchemy/util/langhelpers.py:224: in __exit__
    raise exc_value.with_traceback(exc_tb)
venv/lib/python3.13/site-packages/sqlalchemy/orm/session.py:4441: in _flush
    flush_context.execute()
venv/lib/python3.13/site-packages/sqlalchemy/orm/unitofwork.py:466: in execute
    rec.execute(self)
venv/lib/python3.13/site-packages/sqlalchemy/orm/unitofwork.py:642: in execute
    util.preloaded.orm_persistence.save_obj(
venv/lib/python3.13/site-packages/sqlalchemy/orm/persistence.py:93: in save_obj
    _emit_insert_statements(
venv/lib/python3.13/site-packages/sqlalchemy/orm/persistence.py:1143: in _emit_insert_statements
    result = connection.execute(
venv/lib/python3.13/site-packages/sqlalchemy/engine/base.py:1415: in execute
    return meth(
venv/lib/python3.13/site-packages/sqlalchemy/sql/elements.py:523: in _execute_on_connection
    return connection._execute_clauseelement(
venv/lib/python3.13/site-packages/sqlalchemy/engine/base.py:1637: in _execute_clauseelement
    ret = self._execute_context(
venv/lib/python3.13/site-packages/sqlalchemy/engine/base.py:1840: in _execute_context
    return self._exec_insertmany_context(dialect, context)
           ^^^^^^^^^^^^^^^^^^^^^^^^^^^^^^^^^^^^^^^^^^^^^^^
venv/lib/python3.13/site-packages/sqlalchemy/engine/base.py:2122: in _exec_insertmany_context
    self._handle_dbapi_exception(
venv/lib/python3.13/site-packages/sqlalchemy/engine/base.py:2351: in _handle_dbapi_exception
    raise sqlalchemy_exception.with_traceback(exc_info[2]) from e
venv/lib/python3.13/site-packages/sqlalchemy/engine/base.py:2114: in _exec_insertmany_context
    dialect.do_execute(
_ _ _ _ _ _ _ _ _ _ _ _ _ _ _ _ _ _ _ _ _ _ _ _ _ _ _ _ _ _ _ _ _ _ _ _ _ _ _ _ _ _ _ _ _ _ _ _ _ _ _ _ _ _ _ _ _ _ _ _ _ _ _ _ _ _ _ _ _ _ _ _ _ _ _ _ _ _ _ _ _ _ _ _ _ _ _ _ _ _ _ _ _ _ _ _ _ _ _ _ _ _ _ _ _ _ _ _ _ _ _ _ _ _ _ _ _ _ 

self = &lt;sqlalchemy.dialects.sqlite.pysqlite.SQLiteDialect_pysqlite object at 0x7f60221096a0&gt;, cursor = &lt;sqlite3.Cursor object at 0x7f6022002140&gt;
statement = 'INSERT INTO auth_users (email, password_hash, email_verified, email_verified_at, verification_token, reset_token, res...d_at, recipe_count, trip_count) VALUES (?, ?, ?, ?, ?, ?, ?, ?, ?, ?, ?, ?, ?, ?, ?, ?, ?, ?, ?, ?, ?, ?) RETURNING id'
parameters = ('user0@test.com', 'test_hash', 1, None, None, None, ...), context = &lt;sqlalchemy.dialects.sqlite.base.SQLiteExecutionContext object at 0x7f60220dd0d0&gt;

    def do_execute(self, cursor, statement, parameters, context=None):
&gt;       cursor.execute(statement, parameters)
E       sqlalchemy.exc.OperationalError: (sqlite3.OperationalError) unknown function: gen_random_uuid()
E       [SQL: INSERT INTO auth_users (email, password_hash, email_verified, email_verified_at, verification_token, reset_token, reset_token_expires, is_active, failed_login_attempts, locked_until, last_login, language, unit_system, energy_unit, has_pku, timezone, role, is_archived, created_at, updated_at, recipe_count, trip_count) VALUES (?, ?, ?, ?, ?, ?, ?, ?, ?, ?, ?, ?, ?, ?, ?, ?, ?, ?, ?, ?, ?, ?) RETURNING id]
E       [parameters: ('user0@test.com', 'test_hash', 1, None, None, None, None, 1, 0, None, None, 'cs', 'metric', 'kcal', 0, 'Europe/Prague', 'admin', 0, '2025-07-10 14:53:58.472449', '2025-07-10 14:53:58.472462', 0, 0)]
E       (Background on this error at: https://sqlalche.me/e/20/e3q8)

venv/lib/python3.13/site-packages/sqlalchemy/engine/default.py:943: OperationalError</error></testcase><testcase classname="tests.core.test_database_performance.TestQueryPerformance" name="test_recipe_list_with_pagination" time="0.138"><error message="failed on setup with &quot;sqlalchemy.exc.OperationalError: (sqlite3.OperationalError) unknown function: gen_random_uuid()&#10;[SQL: INSERT INTO auth_users (email, password_hash, email_verified, email_verified_at, verification_token, reset_token, reset_token_expires, is_active, failed_login_attempts, locked_until, last_login, language, unit_system, energy_unit, has_pku, timezone, role, is_archived, created_at, updated_at, recipe_count, trip_count) VALUES (?, ?, ?, ?, ?, ?, ?, ?, ?, ?, ?, ?, ?, ?, ?, ?, ?, ?, ?, ?, ?, ?) RETURNING id]&#10;[parameters: ('user0@test.com', 'test_hash', 1, None, None, None, None, 1, 0, None, None, 'cs', 'metric', 'kcal', 0, 'Europe/Prague', 'admin', 0, '2025-07-10 14:53:59.687578', '2025-07-10 14:53:59.687588', 0, 0)]&#10;(Background on this error at: https://sqlalche.me/e/20/e3q8)&quot;">self = &lt;sqlalchemy.engine.base.Connection object at 0x7f6021e28710&gt;, dialect = &lt;sqlalchemy.dialects.sqlite.pysqlite.SQLiteDialect_pysqlite object at 0x7f6022043b10&gt;
context = &lt;sqlalchemy.dialects.sqlite.base.SQLiteExecutionContext object at 0x7f60220de450&gt;

    def _exec_insertmany_context(
        self,
        dialect: Dialect,
        context: ExecutionContext,
    ) -&gt; CursorResult[Any]:
        """continue the _execute_context() method for an "insertmanyvalues"
        operation, which will invoke DBAPI
        cursor.execute() one or more times with individual log and
        event hook calls.
    
        """
    
        if dialect.bind_typing is BindTyping.SETINPUTSIZES:
            generic_setinputsizes = context._prepare_set_input_sizes()
        else:
            generic_setinputsizes = None
    
        cursor, str_statement, parameters = (
            context.cursor,
            context.statement,
            context.parameters,
        )
    
        effective_parameters = parameters
    
        engine_events = self._has_events or self.engine._has_events
        if self.dialect._has_events:
            do_execute_dispatch: Iterable[Any] = (
                self.dialect.dispatch.do_execute
            )
        else:
            do_execute_dispatch = ()
    
        if self._echo:
            stats = context._get_cache_stats() + " (insertmanyvalues)"
    
        preserve_rowcount = context.execution_options.get(
            "preserve_rowcount", False
        )
        rowcount = 0
    
        for imv_batch in dialect._deliver_insertmanyvalues_batches(
            self,
            cursor,
            str_statement,
            effective_parameters,
            generic_setinputsizes,
            context,
        ):
            if imv_batch.processed_setinputsizes:
                try:
                    dialect.do_set_input_sizes(
                        context.cursor,
                        imv_batch.processed_setinputsizes,
                        context,
                    )
                except BaseException as e:
                    self._handle_dbapi_exception(
                        e,
                        sql_util._long_statement(imv_batch.replaced_statement),
                        imv_batch.replaced_parameters,
                        None,
                        context,
                        is_sub_exec=True,
                    )
    
            sub_stmt = imv_batch.replaced_statement
            sub_params = imv_batch.replaced_parameters
    
            if engine_events:
                for fn in self.dispatch.before_cursor_execute:
                    sub_stmt, sub_params = fn(
                        self,
                        cursor,
                        sub_stmt,
                        sub_params,
                        context,
                        True,
                    )
    
            if self._echo:
                self._log_info(sql_util._long_statement(sub_stmt))
    
                imv_stats = f""" {imv_batch.batchnum}/{
                            imv_batch.total_batches
                } ({
                    'ordered'
                    if imv_batch.rows_sorted else 'unordered'
                }{
                    '; batch not supported'
                    if imv_batch.is_downgraded
                    else ''
                })"""
    
                if imv_batch.batchnum == 1:
                    stats += imv_stats
                else:
                    stats = f"insertmanyvalues{imv_stats}"
    
                if not self.engine.hide_parameters:
                    self._log_info(
                        "[%s] %r",
                        stats,
                        sql_util._repr_params(
                            sub_params,
                            batches=10,
                            ismulti=False,
                        ),
                    )
                else:
                    self._log_info(
                        "[%s] [SQL parameters hidden due to "
                        "hide_parameters=True]",
                        stats,
                    )
    
            try:
                for fn in do_execute_dispatch:
                    if fn(
                        cursor,
                        sub_stmt,
                        sub_params,
                        context,
                    ):
                        break
                else:
&gt;                   dialect.do_execute(
                        cursor,
                        sub_stmt,
                        sub_params,
                        context,
                    )

venv/lib/python3.13/site-packages/sqlalchemy/engine/base.py:2114: 
_ _ _ _ _ _ _ _ _ _ _ _ _ _ _ _ _ _ _ _ _ _ _ _ _ _ _ _ _ _ _ _ _ _ _ _ _ _ _ _ _ _ _ _ _ _ _ _ _ _ _ _ _ _ _ _ _ _ _ _ _ _ _ _ _ _ _ _ _ _ _ _ _ _ _ _ _ _ _ _ _ _ _ _ _ _ _ _ _ _ _ _ _ _ _ _ _ _ _ _ _ _ _ _ _ _ _ _ _ _ _ _ _ _ _ _ _ _ 

self = &lt;sqlalchemy.dialects.sqlite.pysqlite.SQLiteDialect_pysqlite object at 0x7f6022043b10&gt;, cursor = &lt;sqlite3.Cursor object at 0x7f6020cd21c0&gt;
statement = 'INSERT INTO auth_users (email, password_hash, email_verified, email_verified_at, verification_token, reset_token, res...d_at, recipe_count, trip_count) VALUES (?, ?, ?, ?, ?, ?, ?, ?, ?, ?, ?, ?, ?, ?, ?, ?, ?, ?, ?, ?, ?, ?) RETURNING id'
parameters = ('user0@test.com', 'test_hash', 1, None, None, None, ...), context = &lt;sqlalchemy.dialects.sqlite.base.SQLiteExecutionContext object at 0x7f60220de450&gt;

    def do_execute(self, cursor, statement, parameters, context=None):
&gt;       cursor.execute(statement, parameters)
E       sqlite3.OperationalError: unknown function: gen_random_uuid()

venv/lib/python3.13/site-packages/sqlalchemy/engine/default.py:943: OperationalError

The above exception was the direct cause of the following exception:

session_factory = sessionmaker(class_='Session', bind=Engine(sqlite:////tmp/pytest-of-jidelnicek-dev/pytest-2/test_recipe_list_with_paginati0/test_performance.db), autoflush=True, expire_on_commit=True)

    @pytest.fixture
    def bulk_test_data(session_factory):
        """Create bulk test data for performance testing."""
        with session_factory() as session:
            # Create users
            users = []
            for i in range(100):
                user = AuthUser(
                    email=f"user{i}@test.com",
                    password_hash="test_hash",
                    email_verified=True,
                    role="user" if i &gt; 0 else "admin"
                )
                users.append(user)
            session.add_all(users)
&gt;           session.commit()

tests/core/test_database_performance.py:92: 
_ _ _ _ _ _ _ _ _ _ _ _ _ _ _ _ _ _ _ _ _ _ _ _ _ _ _ _ _ _ _ _ _ _ _ _ _ _ _ _ _ _ _ _ _ _ _ _ _ _ _ _ _ _ _ _ _ _ _ _ _ _ _ _ _ _ _ _ _ _ _ _ _ _ _ _ _ _ _ _ _ _ _ _ _ _ _ _ _ _ _ _ _ _ _ _ _ _ _ _ _ _ _ _ _ _ _ _ _ _ _ _ _ _ _ _ _ _ 
venv/lib/python3.13/site-packages/sqlalchemy/orm/session.py:2032: in commit
    trans.commit(_to_root=True)
&lt;string&gt;:2: in commit
    ???
venv/lib/python3.13/site-packages/sqlalchemy/orm/state_changes.py:139: in _go
    ret_value = fn(self, *arg, **kw)
                ^^^^^^^^^^^^^^^^^^^^
venv/lib/python3.13/site-packages/sqlalchemy/orm/session.py:1313: in commit
    self._prepare_impl()
&lt;string&gt;:2: in _prepare_impl
    ???
venv/lib/python3.13/site-packages/sqlalchemy/orm/state_changes.py:139: in _go
    ret_value = fn(self, *arg, **kw)
                ^^^^^^^^^^^^^^^^^^^^
venv/lib/python3.13/site-packages/sqlalchemy/orm/session.py:1288: in _prepare_impl
    self.session.flush()
venv/lib/python3.13/site-packages/sqlalchemy/orm/session.py:4345: in flush
    self._flush(objects)
venv/lib/python3.13/site-packages/sqlalchemy/orm/session.py:4480: in _flush
    with util.safe_reraise():
         ^^^^^^^^^^^^^^^^^^^
venv/lib/python3.13/site-packages/sqlalchemy/util/langhelpers.py:224: in __exit__
    raise exc_value.with_traceback(exc_tb)
venv/lib/python3.13/site-packages/sqlalchemy/orm/session.py:4441: in _flush
    flush_context.execute()
venv/lib/python3.13/site-packages/sqlalchemy/orm/unitofwork.py:466: in execute
    rec.execute(self)
venv/lib/python3.13/site-packages/sqlalchemy/orm/unitofwork.py:642: in execute
    util.preloaded.orm_persistence.save_obj(
venv/lib/python3.13/site-packages/sqlalchemy/orm/persistence.py:93: in save_obj
    _emit_insert_statements(
venv/lib/python3.13/site-packages/sqlalchemy/orm/persistence.py:1143: in _emit_insert_statements
    result = connection.execute(
venv/lib/python3.13/site-packages/sqlalchemy/engine/base.py:1415: in execute
    return meth(
venv/lib/python3.13/site-packages/sqlalchemy/sql/elements.py:523: in _execute_on_connection
    return connection._execute_clauseelement(
venv/lib/python3.13/site-packages/sqlalchemy/engine/base.py:1637: in _execute_clauseelement
    ret = self._execute_context(
venv/lib/python3.13/site-packages/sqlalchemy/engine/base.py:1840: in _execute_context
    return self._exec_insertmany_context(dialect, context)
           ^^^^^^^^^^^^^^^^^^^^^^^^^^^^^^^^^^^^^^^^^^^^^^^
venv/lib/python3.13/site-packages/sqlalchemy/engine/base.py:2122: in _exec_insertmany_context
    self._handle_dbapi_exception(
venv/lib/python3.13/site-packages/sqlalchemy/engine/base.py:2351: in _handle_dbapi_exception
    raise sqlalchemy_exception.with_traceback(exc_info[2]) from e
venv/lib/python3.13/site-packages/sqlalchemy/engine/base.py:2114: in _exec_insertmany_context
    dialect.do_execute(
_ _ _ _ _ _ _ _ _ _ _ _ _ _ _ _ _ _ _ _ _ _ _ _ _ _ _ _ _ _ _ _ _ _ _ _ _ _ _ _ _ _ _ _ _ _ _ _ _ _ _ _ _ _ _ _ _ _ _ _ _ _ _ _ _ _ _ _ _ _ _ _ _ _ _ _ _ _ _ _ _ _ _ _ _ _ _ _ _ _ _ _ _ _ _ _ _ _ _ _ _ _ _ _ _ _ _ _ _ _ _ _ _ _ _ _ _ _ 

self = &lt;sqlalchemy.dialects.sqlite.pysqlite.SQLiteDialect_pysqlite object at 0x7f6022043b10&gt;, cursor = &lt;sqlite3.Cursor object at 0x7f6020cd21c0&gt;
statement = 'INSERT INTO auth_users (email, password_hash, email_verified, email_verified_at, verification_token, reset_token, res...d_at, recipe_count, trip_count) VALUES (?, ?, ?, ?, ?, ?, ?, ?, ?, ?, ?, ?, ?, ?, ?, ?, ?, ?, ?, ?, ?, ?) RETURNING id'
parameters = ('user0@test.com', 'test_hash', 1, None, None, None, ...), context = &lt;sqlalchemy.dialects.sqlite.base.SQLiteExecutionContext object at 0x7f60220de450&gt;

    def do_execute(self, cursor, statement, parameters, context=None):
&gt;       cursor.execute(statement, parameters)
E       sqlalchemy.exc.OperationalError: (sqlite3.OperationalError) unknown function: gen_random_uuid()
E       [SQL: INSERT INTO auth_users (email, password_hash, email_verified, email_verified_at, verification_token, reset_token, reset_token_expires, is_active, failed_login_attempts, locked_until, last_login, language, unit_system, energy_unit, has_pku, timezone, role, is_archived, created_at, updated_at, recipe_count, trip_count) VALUES (?, ?, ?, ?, ?, ?, ?, ?, ?, ?, ?, ?, ?, ?, ?, ?, ?, ?, ?, ?, ?, ?) RETURNING id]
E       [parameters: ('user0@test.com', 'test_hash', 1, None, None, None, None, 1, 0, None, None, 'cs', 'metric', 'kcal', 0, 'Europe/Prague', 'admin', 0, '2025-07-10 14:53:59.687578', '2025-07-10 14:53:59.687588', 0, 0)]
E       (Background on this error at: https://sqlalche.me/e/20/e3q8)

venv/lib/python3.13/site-packages/sqlalchemy/engine/default.py:943: OperationalError</error></testcase><testcase classname="tests.core.test_database_performance.TestQueryPerformance" name="test_recipe_search_performance" time="0.147"><error message="failed on setup with &quot;sqlalchemy.exc.OperationalError: (sqlite3.OperationalError) unknown function: gen_random_uuid()&#10;[SQL: INSERT INTO auth_users (email, password_hash, email_verified, email_verified_at, verification_token, reset_token, reset_token_expires, is_active, failed_login_attempts, locked_until, last_login, language, unit_system, energy_unit, has_pku, timezone, role, is_archived, created_at, updated_at, recipe_count, trip_count) VALUES (?, ?, ?, ?, ?, ?, ?, ?, ?, ?, ?, ?, ?, ?, ?, ?, ?, ?, ?, ?, ?, ?) RETURNING id]&#10;[parameters: ('user0@test.com', 'test_hash', 1, None, None, None, None, 1, 0, None, None, 'cs', 'metric', 'kcal', 0, 'Europe/Prague', 'admin', 0, '2025-07-10 14:54:00.671579', '2025-07-10 14:54:00.671592', 0, 0)]&#10;(Background on this error at: https://sqlalche.me/e/20/e3q8)&quot;">self = &lt;sqlalchemy.engine.base.Connection object at 0x7f60220e6350&gt;, dialect = &lt;sqlalchemy.dialects.sqlite.pysqlite.SQLiteDialect_pysqlite object at 0x7f6022043390&gt;
context = &lt;sqlalchemy.dialects.sqlite.base.SQLiteExecutionContext object at 0x7f60220dfc50&gt;

    def _exec_insertmany_context(
        self,
        dialect: Dialect,
        context: ExecutionContext,
    ) -&gt; CursorResult[Any]:
        """continue the _execute_context() method for an "insertmanyvalues"
        operation, which will invoke DBAPI
        cursor.execute() one or more times with individual log and
        event hook calls.
    
        """
    
        if dialect.bind_typing is BindTyping.SETINPUTSIZES:
            generic_setinputsizes = context._prepare_set_input_sizes()
        else:
            generic_setinputsizes = None
    
        cursor, str_statement, parameters = (
            context.cursor,
            context.statement,
            context.parameters,
        )
    
        effective_parameters = parameters
    
        engine_events = self._has_events or self.engine._has_events
        if self.dialect._has_events:
            do_execute_dispatch: Iterable[Any] = (
                self.dialect.dispatch.do_execute
            )
        else:
            do_execute_dispatch = ()
    
        if self._echo:
            stats = context._get_cache_stats() + " (insertmanyvalues)"
    
        preserve_rowcount = context.execution_options.get(
            "preserve_rowcount", False
        )
        rowcount = 0
    
        for imv_batch in dialect._deliver_insertmanyvalues_batches(
            self,
            cursor,
            str_statement,
            effective_parameters,
            generic_setinputsizes,
            context,
        ):
            if imv_batch.processed_setinputsizes:
                try:
                    dialect.do_set_input_sizes(
                        context.cursor,
                        imv_batch.processed_setinputsizes,
                        context,
                    )
                except BaseException as e:
                    self._handle_dbapi_exception(
                        e,
                        sql_util._long_statement(imv_batch.replaced_statement),
                        imv_batch.replaced_parameters,
                        None,
                        context,
                        is_sub_exec=True,
                    )
    
            sub_stmt = imv_batch.replaced_statement
            sub_params = imv_batch.replaced_parameters
    
            if engine_events:
                for fn in self.dispatch.before_cursor_execute:
                    sub_stmt, sub_params = fn(
                        self,
                        cursor,
                        sub_stmt,
                        sub_params,
                        context,
                        True,
                    )
    
            if self._echo:
                self._log_info(sql_util._long_statement(sub_stmt))
    
                imv_stats = f""" {imv_batch.batchnum}/{
                            imv_batch.total_batches
                } ({
                    'ordered'
                    if imv_batch.rows_sorted else 'unordered'
                }{
                    '; batch not supported'
                    if imv_batch.is_downgraded
                    else ''
                })"""
    
                if imv_batch.batchnum == 1:
                    stats += imv_stats
                else:
                    stats = f"insertmanyvalues{imv_stats}"
    
                if not self.engine.hide_parameters:
                    self._log_info(
                        "[%s] %r",
                        stats,
                        sql_util._repr_params(
                            sub_params,
                            batches=10,
                            ismulti=False,
                        ),
                    )
                else:
                    self._log_info(
                        "[%s] [SQL parameters hidden due to "
                        "hide_parameters=True]",
                        stats,
                    )
    
            try:
                for fn in do_execute_dispatch:
                    if fn(
                        cursor,
                        sub_stmt,
                        sub_params,
                        context,
                    ):
                        break
                else:
&gt;                   dialect.do_execute(
                        cursor,
                        sub_stmt,
                        sub_params,
                        context,
                    )

venv/lib/python3.13/site-packages/sqlalchemy/engine/base.py:2114: 
_ _ _ _ _ _ _ _ _ _ _ _ _ _ _ _ _ _ _ _ _ _ _ _ _ _ _ _ _ _ _ _ _ _ _ _ _ _ _ _ _ _ _ _ _ _ _ _ _ _ _ _ _ _ _ _ _ _ _ _ _ _ _ _ _ _ _ _ _ _ _ _ _ _ _ _ _ _ _ _ _ _ _ _ _ _ _ _ _ _ _ _ _ _ _ _ _ _ _ _ _ _ _ _ _ _ _ _ _ _ _ _ _ _ _ _ _ _ 

self = &lt;sqlalchemy.dialects.sqlite.pysqlite.SQLiteDialect_pysqlite object at 0x7f6022043390&gt;, cursor = &lt;sqlite3.Cursor object at 0x7f60215a4440&gt;
statement = 'INSERT INTO auth_users (email, password_hash, email_verified, email_verified_at, verification_token, reset_token, res...d_at, recipe_count, trip_count) VALUES (?, ?, ?, ?, ?, ?, ?, ?, ?, ?, ?, ?, ?, ?, ?, ?, ?, ?, ?, ?, ?, ?) RETURNING id'
parameters = ('user0@test.com', 'test_hash', 1, None, None, None, ...), context = &lt;sqlalchemy.dialects.sqlite.base.SQLiteExecutionContext object at 0x7f60220dfc50&gt;

    def do_execute(self, cursor, statement, parameters, context=None):
&gt;       cursor.execute(statement, parameters)
E       sqlite3.OperationalError: unknown function: gen_random_uuid()

venv/lib/python3.13/site-packages/sqlalchemy/engine/default.py:943: OperationalError

The above exception was the direct cause of the following exception:

session_factory = sessionmaker(class_='Session', bind=Engine(sqlite:////tmp/pytest-of-jidelnicek-dev/pytest-2/test_recipe_search_performance0/test_performance.db), autoflush=True, expire_on_commit=True)

    @pytest.fixture
    def bulk_test_data(session_factory):
        """Create bulk test data for performance testing."""
        with session_factory() as session:
            # Create users
            users = []
            for i in range(100):
                user = AuthUser(
                    email=f"user{i}@test.com",
                    password_hash="test_hash",
                    email_verified=True,
                    role="user" if i &gt; 0 else "admin"
                )
                users.append(user)
            session.add_all(users)
&gt;           session.commit()

tests/core/test_database_performance.py:92: 
_ _ _ _ _ _ _ _ _ _ _ _ _ _ _ _ _ _ _ _ _ _ _ _ _ _ _ _ _ _ _ _ _ _ _ _ _ _ _ _ _ _ _ _ _ _ _ _ _ _ _ _ _ _ _ _ _ _ _ _ _ _ _ _ _ _ _ _ _ _ _ _ _ _ _ _ _ _ _ _ _ _ _ _ _ _ _ _ _ _ _ _ _ _ _ _ _ _ _ _ _ _ _ _ _ _ _ _ _ _ _ _ _ _ _ _ _ _ 
venv/lib/python3.13/site-packages/sqlalchemy/orm/session.py:2032: in commit
    trans.commit(_to_root=True)
&lt;string&gt;:2: in commit
    ???
venv/lib/python3.13/site-packages/sqlalchemy/orm/state_changes.py:139: in _go
    ret_value = fn(self, *arg, **kw)
                ^^^^^^^^^^^^^^^^^^^^
venv/lib/python3.13/site-packages/sqlalchemy/orm/session.py:1313: in commit
    self._prepare_impl()
&lt;string&gt;:2: in _prepare_impl
    ???
venv/lib/python3.13/site-packages/sqlalchemy/orm/state_changes.py:139: in _go
    ret_value = fn(self, *arg, **kw)
                ^^^^^^^^^^^^^^^^^^^^
venv/lib/python3.13/site-packages/sqlalchemy/orm/session.py:1288: in _prepare_impl
    self.session.flush()
venv/lib/python3.13/site-packages/sqlalchemy/orm/session.py:4345: in flush
    self._flush(objects)
venv/lib/python3.13/site-packages/sqlalchemy/orm/session.py:4480: in _flush
    with util.safe_reraise():
         ^^^^^^^^^^^^^^^^^^^
venv/lib/python3.13/site-packages/sqlalchemy/util/langhelpers.py:224: in __exit__
    raise exc_value.with_traceback(exc_tb)
venv/lib/python3.13/site-packages/sqlalchemy/orm/session.py:4441: in _flush
    flush_context.execute()
venv/lib/python3.13/site-packages/sqlalchemy/orm/unitofwork.py:466: in execute
    rec.execute(self)
venv/lib/python3.13/site-packages/sqlalchemy/orm/unitofwork.py:642: in execute
    util.preloaded.orm_persistence.save_obj(
venv/lib/python3.13/site-packages/sqlalchemy/orm/persistence.py:93: in save_obj
    _emit_insert_statements(
venv/lib/python3.13/site-packages/sqlalchemy/orm/persistence.py:1143: in _emit_insert_statements
    result = connection.execute(
venv/lib/python3.13/site-packages/sqlalchemy/engine/base.py:1415: in execute
    return meth(
venv/lib/python3.13/site-packages/sqlalchemy/sql/elements.py:523: in _execute_on_connection
    return connection._execute_clauseelement(
venv/lib/python3.13/site-packages/sqlalchemy/engine/base.py:1637: in _execute_clauseelement
    ret = self._execute_context(
venv/lib/python3.13/site-packages/sqlalchemy/engine/base.py:1840: in _execute_context
    return self._exec_insertmany_context(dialect, context)
           ^^^^^^^^^^^^^^^^^^^^^^^^^^^^^^^^^^^^^^^^^^^^^^^
venv/lib/python3.13/site-packages/sqlalchemy/engine/base.py:2122: in _exec_insertmany_context
    self._handle_dbapi_exception(
venv/lib/python3.13/site-packages/sqlalchemy/engine/base.py:2351: in _handle_dbapi_exception
    raise sqlalchemy_exception.with_traceback(exc_info[2]) from e
venv/lib/python3.13/site-packages/sqlalchemy/engine/base.py:2114: in _exec_insertmany_context
    dialect.do_execute(
_ _ _ _ _ _ _ _ _ _ _ _ _ _ _ _ _ _ _ _ _ _ _ _ _ _ _ _ _ _ _ _ _ _ _ _ _ _ _ _ _ _ _ _ _ _ _ _ _ _ _ _ _ _ _ _ _ _ _ _ _ _ _ _ _ _ _ _ _ _ _ _ _ _ _ _ _ _ _ _ _ _ _ _ _ _ _ _ _ _ _ _ _ _ _ _ _ _ _ _ _ _ _ _ _ _ _ _ _ _ _ _ _ _ _ _ _ _ 

self = &lt;sqlalchemy.dialects.sqlite.pysqlite.SQLiteDialect_pysqlite object at 0x7f6022043390&gt;, cursor = &lt;sqlite3.Cursor object at 0x7f60215a4440&gt;
statement = 'INSERT INTO auth_users (email, password_hash, email_verified, email_verified_at, verification_token, reset_token, res...d_at, recipe_count, trip_count) VALUES (?, ?, ?, ?, ?, ?, ?, ?, ?, ?, ?, ?, ?, ?, ?, ?, ?, ?, ?, ?, ?, ?) RETURNING id'
parameters = ('user0@test.com', 'test_hash', 1, None, None, None, ...), context = &lt;sqlalchemy.dialects.sqlite.base.SQLiteExecutionContext object at 0x7f60220dfc50&gt;

    def do_execute(self, cursor, statement, parameters, context=None):
&gt;       cursor.execute(statement, parameters)
E       sqlalchemy.exc.OperationalError: (sqlite3.OperationalError) unknown function: gen_random_uuid()
E       [SQL: INSERT INTO auth_users (email, password_hash, email_verified, email_verified_at, verification_token, reset_token, reset_token_expires, is_active, failed_login_attempts, locked_until, last_login, language, unit_system, energy_unit, has_pku, timezone, role, is_archived, created_at, updated_at, recipe_count, trip_count) VALUES (?, ?, ?, ?, ?, ?, ?, ?, ?, ?, ?, ?, ?, ?, ?, ?, ?, ?, ?, ?, ?, ?) RETURNING id]
E       [parameters: ('user0@test.com', 'test_hash', 1, None, None, None, None, 1, 0, None, None, 'cs', 'metric', 'kcal', 0, 'Europe/Prague', 'admin', 0, '2025-07-10 14:54:00.671579', '2025-07-10 14:54:00.671592', 0, 0)]
E       (Background on this error at: https://sqlalche.me/e/20/e3q8)

venv/lib/python3.13/site-packages/sqlalchemy/engine/default.py:943: OperationalError</error></testcase><testcase classname="tests.core.test_database_performance.TestQueryPerformance" name="test_aggregate_queries" time="0.175"><error message="failed on setup with &quot;sqlalchemy.exc.OperationalError: (sqlite3.OperationalError) unknown function: gen_random_uuid()&#10;[SQL: INSERT INTO auth_users (email, password_hash, email_verified, email_verified_at, verification_token, reset_token, reset_token_expires, is_active, failed_login_attempts, locked_until, last_login, language, unit_system, energy_unit, has_pku, timezone, role, is_archived, created_at, updated_at, recipe_count, trip_count) VALUES (?, ?, ?, ?, ?, ?, ?, ?, ?, ?, ?, ?, ?, ?, ?, ?, ?, ?, ?, ?, ?, ?) RETURNING id]&#10;[parameters: ('user0@test.com', 'test_hash', 1, None, None, None, None, 1, 0, None, None, 'cs', 'metric', 'kcal', 0, 'Europe/Prague', 'admin', 0, '2025-07-10 14:54:01.838827', '2025-07-10 14:54:01.838840', 0, 0)]&#10;(Background on this error at: https://sqlalche.me/e/20/e3q8)&quot;">self = &lt;sqlalchemy.engine.base.Connection object at 0x7f6021e39e50&gt;, dialect = &lt;sqlalchemy.dialects.sqlite.pysqlite.SQLiteDialect_pysqlite object at 0x7f6021d59950&gt;
context = &lt;sqlalchemy.dialects.sqlite.base.SQLiteExecutionContext object at 0x7f602136ce90&gt;

    def _exec_insertmany_context(
        self,
        dialect: Dialect,
        context: ExecutionContext,
    ) -&gt; CursorResult[Any]:
        """continue the _execute_context() method for an "insertmanyvalues"
        operation, which will invoke DBAPI
        cursor.execute() one or more times with individual log and
        event hook calls.
    
        """
    
        if dialect.bind_typing is BindTyping.SETINPUTSIZES:
            generic_setinputsizes = context._prepare_set_input_sizes()
        else:
            generic_setinputsizes = None
    
        cursor, str_statement, parameters = (
            context.cursor,
            context.statement,
            context.parameters,
        )
    
        effective_parameters = parameters
    
        engine_events = self._has_events or self.engine._has_events
        if self.dialect._has_events:
            do_execute_dispatch: Iterable[Any] = (
                self.dialect.dispatch.do_execute
            )
        else:
            do_execute_dispatch = ()
    
        if self._echo:
            stats = context._get_cache_stats() + " (insertmanyvalues)"
    
        preserve_rowcount = context.execution_options.get(
            "preserve_rowcount", False
        )
        rowcount = 0
    
        for imv_batch in dialect._deliver_insertmanyvalues_batches(
            self,
            cursor,
            str_statement,
            effective_parameters,
            generic_setinputsizes,
            context,
        ):
            if imv_batch.processed_setinputsizes:
                try:
                    dialect.do_set_input_sizes(
                        context.cursor,
                        imv_batch.processed_setinputsizes,
                        context,
                    )
                except BaseException as e:
                    self._handle_dbapi_exception(
                        e,
                        sql_util._long_statement(imv_batch.replaced_statement),
                        imv_batch.replaced_parameters,
                        None,
                        context,
                        is_sub_exec=True,
                    )
    
            sub_stmt = imv_batch.replaced_statement
            sub_params = imv_batch.replaced_parameters
    
            if engine_events:
                for fn in self.dispatch.before_cursor_execute:
                    sub_stmt, sub_params = fn(
                        self,
                        cursor,
                        sub_stmt,
                        sub_params,
                        context,
                        True,
                    )
    
            if self._echo:
                self._log_info(sql_util._long_statement(sub_stmt))
    
                imv_stats = f""" {imv_batch.batchnum}/{
                            imv_batch.total_batches
                } ({
                    'ordered'
                    if imv_batch.rows_sorted else 'unordered'
                }{
                    '; batch not supported'
                    if imv_batch.is_downgraded
                    else ''
                })"""
    
                if imv_batch.batchnum == 1:
                    stats += imv_stats
                else:
                    stats = f"insertmanyvalues{imv_stats}"
    
                if not self.engine.hide_parameters:
                    self._log_info(
                        "[%s] %r",
                        stats,
                        sql_util._repr_params(
                            sub_params,
                            batches=10,
                            ismulti=False,
                        ),
                    )
                else:
                    self._log_info(
                        "[%s] [SQL parameters hidden due to "
                        "hide_parameters=True]",
                        stats,
                    )
    
            try:
                for fn in do_execute_dispatch:
                    if fn(
                        cursor,
                        sub_stmt,
                        sub_params,
                        context,
                    ):
                        break
                else:
&gt;                   dialect.do_execute(
                        cursor,
                        sub_stmt,
                        sub_params,
                        context,
                    )

venv/lib/python3.13/site-packages/sqlalchemy/engine/base.py:2114: 
_ _ _ _ _ _ _ _ _ _ _ _ _ _ _ _ _ _ _ _ _ _ _ _ _ _ _ _ _ _ _ _ _ _ _ _ _ _ _ _ _ _ _ _ _ _ _ _ _ _ _ _ _ _ _ _ _ _ _ _ _ _ _ _ _ _ _ _ _ _ _ _ _ _ _ _ _ _ _ _ _ _ _ _ _ _ _ _ _ _ _ _ _ _ _ _ _ _ _ _ _ _ _ _ _ _ _ _ _ _ _ _ _ _ _ _ _ _ 

self = &lt;sqlalchemy.dialects.sqlite.pysqlite.SQLiteDialect_pysqlite object at 0x7f6021d59950&gt;, cursor = &lt;sqlite3.Cursor object at 0x7f60213c3cc0&gt;
statement = 'INSERT INTO auth_users (email, password_hash, email_verified, email_verified_at, verification_token, reset_token, res...d_at, recipe_count, trip_count) VALUES (?, ?, ?, ?, ?, ?, ?, ?, ?, ?, ?, ?, ?, ?, ?, ?, ?, ?, ?, ?, ?, ?) RETURNING id'
parameters = ('user0@test.com', 'test_hash', 1, None, None, None, ...), context = &lt;sqlalchemy.dialects.sqlite.base.SQLiteExecutionContext object at 0x7f602136ce90&gt;

    def do_execute(self, cursor, statement, parameters, context=None):
&gt;       cursor.execute(statement, parameters)
E       sqlite3.OperationalError: unknown function: gen_random_uuid()

venv/lib/python3.13/site-packages/sqlalchemy/engine/default.py:943: OperationalError

The above exception was the direct cause of the following exception:

session_factory = sessionmaker(class_='Session', bind=Engine(sqlite:////tmp/pytest-of-jidelnicek-dev/pytest-2/test_aggregate_queries0/test_performance.db), autoflush=True, expire_on_commit=True)

    @pytest.fixture
    def bulk_test_data(session_factory):
        """Create bulk test data for performance testing."""
        with session_factory() as session:
            # Create users
            users = []
            for i in range(100):
                user = AuthUser(
                    email=f"user{i}@test.com",
                    password_hash="test_hash",
                    email_verified=True,
                    role="user" if i &gt; 0 else "admin"
                )
                users.append(user)
            session.add_all(users)
&gt;           session.commit()

tests/core/test_database_performance.py:92: 
_ _ _ _ _ _ _ _ _ _ _ _ _ _ _ _ _ _ _ _ _ _ _ _ _ _ _ _ _ _ _ _ _ _ _ _ _ _ _ _ _ _ _ _ _ _ _ _ _ _ _ _ _ _ _ _ _ _ _ _ _ _ _ _ _ _ _ _ _ _ _ _ _ _ _ _ _ _ _ _ _ _ _ _ _ _ _ _ _ _ _ _ _ _ _ _ _ _ _ _ _ _ _ _ _ _ _ _ _ _ _ _ _ _ _ _ _ _ 
venv/lib/python3.13/site-packages/sqlalchemy/orm/session.py:2032: in commit
    trans.commit(_to_root=True)
&lt;string&gt;:2: in commit
    ???
venv/lib/python3.13/site-packages/sqlalchemy/orm/state_changes.py:139: in _go
    ret_value = fn(self, *arg, **kw)
                ^^^^^^^^^^^^^^^^^^^^
venv/lib/python3.13/site-packages/sqlalchemy/orm/session.py:1313: in commit
    self._prepare_impl()
&lt;string&gt;:2: in _prepare_impl
    ???
venv/lib/python3.13/site-packages/sqlalchemy/orm/state_changes.py:139: in _go
    ret_value = fn(self, *arg, **kw)
                ^^^^^^^^^^^^^^^^^^^^
venv/lib/python3.13/site-packages/sqlalchemy/orm/session.py:1288: in _prepare_impl
    self.session.flush()
venv/lib/python3.13/site-packages/sqlalchemy/orm/session.py:4345: in flush
    self._flush(objects)
venv/lib/python3.13/site-packages/sqlalchemy/orm/session.py:4480: in _flush
    with util.safe_reraise():
         ^^^^^^^^^^^^^^^^^^^
venv/lib/python3.13/site-packages/sqlalchemy/util/langhelpers.py:224: in __exit__
    raise exc_value.with_traceback(exc_tb)
venv/lib/python3.13/site-packages/sqlalchemy/orm/session.py:4441: in _flush
    flush_context.execute()
venv/lib/python3.13/site-packages/sqlalchemy/orm/unitofwork.py:466: in execute
    rec.execute(self)
venv/lib/python3.13/site-packages/sqlalchemy/orm/unitofwork.py:642: in execute
    util.preloaded.orm_persistence.save_obj(
venv/lib/python3.13/site-packages/sqlalchemy/orm/persistence.py:93: in save_obj
    _emit_insert_statements(
venv/lib/python3.13/site-packages/sqlalchemy/orm/persistence.py:1143: in _emit_insert_statements
    result = connection.execute(
venv/lib/python3.13/site-packages/sqlalchemy/engine/base.py:1415: in execute
    return meth(
venv/lib/python3.13/site-packages/sqlalchemy/sql/elements.py:523: in _execute_on_connection
    return connection._execute_clauseelement(
venv/lib/python3.13/site-packages/sqlalchemy/engine/base.py:1637: in _execute_clauseelement
    ret = self._execute_context(
venv/lib/python3.13/site-packages/sqlalchemy/engine/base.py:1840: in _execute_context
    return self._exec_insertmany_context(dialect, context)
           ^^^^^^^^^^^^^^^^^^^^^^^^^^^^^^^^^^^^^^^^^^^^^^^
venv/lib/python3.13/site-packages/sqlalchemy/engine/base.py:2122: in _exec_insertmany_context
    self._handle_dbapi_exception(
venv/lib/python3.13/site-packages/sqlalchemy/engine/base.py:2351: in _handle_dbapi_exception
    raise sqlalchemy_exception.with_traceback(exc_info[2]) from e
venv/lib/python3.13/site-packages/sqlalchemy/engine/base.py:2114: in _exec_insertmany_context
    dialect.do_execute(
_ _ _ _ _ _ _ _ _ _ _ _ _ _ _ _ _ _ _ _ _ _ _ _ _ _ _ _ _ _ _ _ _ _ _ _ _ _ _ _ _ _ _ _ _ _ _ _ _ _ _ _ _ _ _ _ _ _ _ _ _ _ _ _ _ _ _ _ _ _ _ _ _ _ _ _ _ _ _ _ _ _ _ _ _ _ _ _ _ _ _ _ _ _ _ _ _ _ _ _ _ _ _ _ _ _ _ _ _ _ _ _ _ _ _ _ _ _ 

self = &lt;sqlalchemy.dialects.sqlite.pysqlite.SQLiteDialect_pysqlite object at 0x7f6021d59950&gt;, cursor = &lt;sqlite3.Cursor object at 0x7f60213c3cc0&gt;
statement = 'INSERT INTO auth_users (email, password_hash, email_verified, email_verified_at, verification_token, reset_token, res...d_at, recipe_count, trip_count) VALUES (?, ?, ?, ?, ?, ?, ?, ?, ?, ?, ?, ?, ?, ?, ?, ?, ?, ?, ?, ?, ?, ?) RETURNING id'
parameters = ('user0@test.com', 'test_hash', 1, None, None, None, ...), context = &lt;sqlalchemy.dialects.sqlite.base.SQLiteExecutionContext object at 0x7f602136ce90&gt;

    def do_execute(self, cursor, statement, parameters, context=None):
&gt;       cursor.execute(statement, parameters)
E       sqlalchemy.exc.OperationalError: (sqlite3.OperationalError) unknown function: gen_random_uuid()
E       [SQL: INSERT INTO auth_users (email, password_hash, email_verified, email_verified_at, verification_token, reset_token, reset_token_expires, is_active, failed_login_attempts, locked_until, last_login, language, unit_system, energy_unit, has_pku, timezone, role, is_archived, created_at, updated_at, recipe_count, trip_count) VALUES (?, ?, ?, ?, ?, ?, ?, ?, ?, ?, ?, ?, ?, ?, ?, ?, ?, ?, ?, ?, ?, ?) RETURNING id]
E       [parameters: ('user0@test.com', 'test_hash', 1, None, None, None, None, 1, 0, None, None, 'cs', 'metric', 'kcal', 0, 'Europe/Prague', 'admin', 0, '2025-07-10 14:54:01.838827', '2025-07-10 14:54:01.838840', 0, 0)]
E       (Background on this error at: https://sqlalche.me/e/20/e3q8)

venv/lib/python3.13/site-packages/sqlalchemy/engine/default.py:943: OperationalError</error></testcase><testcase classname="tests.core.test_database_performance.TestN1QueryDetection" name="test_recipe_with_ingredients_n1_detection" time="0.134"><error message="failed on setup with &quot;sqlalchemy.exc.OperationalError: (sqlite3.OperationalError) unknown function: gen_random_uuid()&#10;[SQL: INSERT INTO auth_users (email, password_hash, email_verified, email_verified_at, verification_token, reset_token, reset_token_expires, is_active, failed_login_attempts, locked_until, last_login, language, unit_system, energy_unit, has_pku, timezone, role, is_archived, created_at, updated_at, recipe_count, trip_count) VALUES (?, ?, ?, ?, ?, ?, ?, ?, ?, ?, ?, ?, ?, ?, ?, ?, ?, ?, ?, ?, ?, ?) RETURNING id]&#10;[parameters: ('user0@test.com', 'test_hash', 1, None, None, None, None, 1, 0, None, None, 'cs', 'metric', 'kcal', 0, 'Europe/Prague', 'admin', 0, '2025-07-10 14:54:02.855922', '2025-07-10 14:54:02.855931', 0, 0)]&#10;(Background on this error at: https://sqlalche.me/e/20/e3q8)&quot;">self = &lt;sqlalchemy.engine.base.Connection object at 0x7f6021441390&gt;, dialect = &lt;sqlalchemy.dialects.sqlite.pysqlite.SQLiteDialect_pysqlite object at 0x7f6021d587d0&gt;
context = &lt;sqlalchemy.dialects.sqlite.base.SQLiteExecutionContext object at 0x7f602136e510&gt;

    def _exec_insertmany_context(
        self,
        dialect: Dialect,
        context: ExecutionContext,
    ) -&gt; CursorResult[Any]:
        """continue the _execute_context() method for an "insertmanyvalues"
        operation, which will invoke DBAPI
        cursor.execute() one or more times with individual log and
        event hook calls.
    
        """
    
        if dialect.bind_typing is BindTyping.SETINPUTSIZES:
            generic_setinputsizes = context._prepare_set_input_sizes()
        else:
            generic_setinputsizes = None
    
        cursor, str_statement, parameters = (
            context.cursor,
            context.statement,
            context.parameters,
        )
    
        effective_parameters = parameters
    
        engine_events = self._has_events or self.engine._has_events
        if self.dialect._has_events:
            do_execute_dispatch: Iterable[Any] = (
                self.dialect.dispatch.do_execute
            )
        else:
            do_execute_dispatch = ()
    
        if self._echo:
            stats = context._get_cache_stats() + " (insertmanyvalues)"
    
        preserve_rowcount = context.execution_options.get(
            "preserve_rowcount", False
        )
        rowcount = 0
    
        for imv_batch in dialect._deliver_insertmanyvalues_batches(
            self,
            cursor,
            str_statement,
            effective_parameters,
            generic_setinputsizes,
            context,
        ):
            if imv_batch.processed_setinputsizes:
                try:
                    dialect.do_set_input_sizes(
                        context.cursor,
                        imv_batch.processed_setinputsizes,
                        context,
                    )
                except BaseException as e:
                    self._handle_dbapi_exception(
                        e,
                        sql_util._long_statement(imv_batch.replaced_statement),
                        imv_batch.replaced_parameters,
                        None,
                        context,
                        is_sub_exec=True,
                    )
    
            sub_stmt = imv_batch.replaced_statement
            sub_params = imv_batch.replaced_parameters
    
            if engine_events:
                for fn in self.dispatch.before_cursor_execute:
                    sub_stmt, sub_params = fn(
                        self,
                        cursor,
                        sub_stmt,
                        sub_params,
                        context,
                        True,
                    )
    
            if self._echo:
                self._log_info(sql_util._long_statement(sub_stmt))
    
                imv_stats = f""" {imv_batch.batchnum}/{
                            imv_batch.total_batches
                } ({
                    'ordered'
                    if imv_batch.rows_sorted else 'unordered'
                }{
                    '; batch not supported'
                    if imv_batch.is_downgraded
                    else ''
                })"""
    
                if imv_batch.batchnum == 1:
                    stats += imv_stats
                else:
                    stats = f"insertmanyvalues{imv_stats}"
    
                if not self.engine.hide_parameters:
                    self._log_info(
                        "[%s] %r",
                        stats,
                        sql_util._repr_params(
                            sub_params,
                            batches=10,
                            ismulti=False,
                        ),
                    )
                else:
                    self._log_info(
                        "[%s] [SQL parameters hidden due to "
                        "hide_parameters=True]",
                        stats,
                    )
    
            try:
                for fn in do_execute_dispatch:
                    if fn(
                        cursor,
                        sub_stmt,
                        sub_params,
                        context,
                    ):
                        break
                else:
&gt;                   dialect.do_execute(
                        cursor,
                        sub_stmt,
                        sub_params,
                        context,
                    )

venv/lib/python3.13/site-packages/sqlalchemy/engine/base.py:2114: 
_ _ _ _ _ _ _ _ _ _ _ _ _ _ _ _ _ _ _ _ _ _ _ _ _ _ _ _ _ _ _ _ _ _ _ _ _ _ _ _ _ _ _ _ _ _ _ _ _ _ _ _ _ _ _ _ _ _ _ _ _ _ _ _ _ _ _ _ _ _ _ _ _ _ _ _ _ _ _ _ _ _ _ _ _ _ _ _ _ _ _ _ _ _ _ _ _ _ _ _ _ _ _ _ _ _ _ _ _ _ _ _ _ _ _ _ _ _ 

self = &lt;sqlalchemy.dialects.sqlite.pysqlite.SQLiteDialect_pysqlite object at 0x7f6021d587d0&gt;, cursor = &lt;sqlite3.Cursor object at 0x7f6021095640&gt;
statement = 'INSERT INTO auth_users (email, password_hash, email_verified, email_verified_at, verification_token, reset_token, res...d_at, recipe_count, trip_count) VALUES (?, ?, ?, ?, ?, ?, ?, ?, ?, ?, ?, ?, ?, ?, ?, ?, ?, ?, ?, ?, ?, ?) RETURNING id'
parameters = ('user0@test.com', 'test_hash', 1, None, None, None, ...), context = &lt;sqlalchemy.dialects.sqlite.base.SQLiteExecutionContext object at 0x7f602136e510&gt;

    def do_execute(self, cursor, statement, parameters, context=None):
&gt;       cursor.execute(statement, parameters)
E       sqlite3.OperationalError: unknown function: gen_random_uuid()

venv/lib/python3.13/site-packages/sqlalchemy/engine/default.py:943: OperationalError

The above exception was the direct cause of the following exception:

session_factory = sessionmaker(class_='Session', bind=Engine(sqlite:////tmp/pytest-of-jidelnicek-dev/pytest-2/test_recipe_with_ingredients_n0/test_performance.db), autoflush=True, expire_on_commit=True)

    @pytest.fixture
    def bulk_test_data(session_factory):
        """Create bulk test data for performance testing."""
        with session_factory() as session:
            # Create users
            users = []
            for i in range(100):
                user = AuthUser(
                    email=f"user{i}@test.com",
                    password_hash="test_hash",
                    email_verified=True,
                    role="user" if i &gt; 0 else "admin"
                )
                users.append(user)
            session.add_all(users)
&gt;           session.commit()

tests/core/test_database_performance.py:92: 
_ _ _ _ _ _ _ _ _ _ _ _ _ _ _ _ _ _ _ _ _ _ _ _ _ _ _ _ _ _ _ _ _ _ _ _ _ _ _ _ _ _ _ _ _ _ _ _ _ _ _ _ _ _ _ _ _ _ _ _ _ _ _ _ _ _ _ _ _ _ _ _ _ _ _ _ _ _ _ _ _ _ _ _ _ _ _ _ _ _ _ _ _ _ _ _ _ _ _ _ _ _ _ _ _ _ _ _ _ _ _ _ _ _ _ _ _ _ 
venv/lib/python3.13/site-packages/sqlalchemy/orm/session.py:2032: in commit
    trans.commit(_to_root=True)
&lt;string&gt;:2: in commit
    ???
venv/lib/python3.13/site-packages/sqlalchemy/orm/state_changes.py:139: in _go
    ret_value = fn(self, *arg, **kw)
                ^^^^^^^^^^^^^^^^^^^^
venv/lib/python3.13/site-packages/sqlalchemy/orm/session.py:1313: in commit
    self._prepare_impl()
&lt;string&gt;:2: in _prepare_impl
    ???
venv/lib/python3.13/site-packages/sqlalchemy/orm/state_changes.py:139: in _go
    ret_value = fn(self, *arg, **kw)
                ^^^^^^^^^^^^^^^^^^^^
venv/lib/python3.13/site-packages/sqlalchemy/orm/session.py:1288: in _prepare_impl
    self.session.flush()
venv/lib/python3.13/site-packages/sqlalchemy/orm/session.py:4345: in flush
    self._flush(objects)
venv/lib/python3.13/site-packages/sqlalchemy/orm/session.py:4480: in _flush
    with util.safe_reraise():
         ^^^^^^^^^^^^^^^^^^^
venv/lib/python3.13/site-packages/sqlalchemy/util/langhelpers.py:224: in __exit__
    raise exc_value.with_traceback(exc_tb)
venv/lib/python3.13/site-packages/sqlalchemy/orm/session.py:4441: in _flush
    flush_context.execute()
venv/lib/python3.13/site-packages/sqlalchemy/orm/unitofwork.py:466: in execute
    rec.execute(self)
venv/lib/python3.13/site-packages/sqlalchemy/orm/unitofwork.py:642: in execute
    util.preloaded.orm_persistence.save_obj(
venv/lib/python3.13/site-packages/sqlalchemy/orm/persistence.py:93: in save_obj
    _emit_insert_statements(
venv/lib/python3.13/site-packages/sqlalchemy/orm/persistence.py:1143: in _emit_insert_statements
    result = connection.execute(
venv/lib/python3.13/site-packages/sqlalchemy/engine/base.py:1415: in execute
    return meth(
venv/lib/python3.13/site-packages/sqlalchemy/sql/elements.py:523: in _execute_on_connection
    return connection._execute_clauseelement(
venv/lib/python3.13/site-packages/sqlalchemy/engine/base.py:1637: in _execute_clauseelement
    ret = self._execute_context(
venv/lib/python3.13/site-packages/sqlalchemy/engine/base.py:1840: in _execute_context
    return self._exec_insertmany_context(dialect, context)
           ^^^^^^^^^^^^^^^^^^^^^^^^^^^^^^^^^^^^^^^^^^^^^^^
venv/lib/python3.13/site-packages/sqlalchemy/engine/base.py:2122: in _exec_insertmany_context
    self._handle_dbapi_exception(
venv/lib/python3.13/site-packages/sqlalchemy/engine/base.py:2351: in _handle_dbapi_exception
    raise sqlalchemy_exception.with_traceback(exc_info[2]) from e
venv/lib/python3.13/site-packages/sqlalchemy/engine/base.py:2114: in _exec_insertmany_context
    dialect.do_execute(
_ _ _ _ _ _ _ _ _ _ _ _ _ _ _ _ _ _ _ _ _ _ _ _ _ _ _ _ _ _ _ _ _ _ _ _ _ _ _ _ _ _ _ _ _ _ _ _ _ _ _ _ _ _ _ _ _ _ _ _ _ _ _ _ _ _ _ _ _ _ _ _ _ _ _ _ _ _ _ _ _ _ _ _ _ _ _ _ _ _ _ _ _ _ _ _ _ _ _ _ _ _ _ _ _ _ _ _ _ _ _ _ _ _ _ _ _ _ 

self = &lt;sqlalchemy.dialects.sqlite.pysqlite.SQLiteDialect_pysqlite object at 0x7f6021d587d0&gt;, cursor = &lt;sqlite3.Cursor object at 0x7f6021095640&gt;
statement = 'INSERT INTO auth_users (email, password_hash, email_verified, email_verified_at, verification_token, reset_token, res...d_at, recipe_count, trip_count) VALUES (?, ?, ?, ?, ?, ?, ?, ?, ?, ?, ?, ?, ?, ?, ?, ?, ?, ?, ?, ?, ?, ?) RETURNING id'
parameters = ('user0@test.com', 'test_hash', 1, None, None, None, ...), context = &lt;sqlalchemy.dialects.sqlite.base.SQLiteExecutionContext object at 0x7f602136e510&gt;

    def do_execute(self, cursor, statement, parameters, context=None):
&gt;       cursor.execute(statement, parameters)
E       sqlalchemy.exc.OperationalError: (sqlite3.OperationalError) unknown function: gen_random_uuid()
E       [SQL: INSERT INTO auth_users (email, password_hash, email_verified, email_verified_at, verification_token, reset_token, reset_token_expires, is_active, failed_login_attempts, locked_until, last_login, language, unit_system, energy_unit, has_pku, timezone, role, is_archived, created_at, updated_at, recipe_count, trip_count) VALUES (?, ?, ?, ?, ?, ?, ?, ?, ?, ?, ?, ?, ?, ?, ?, ?, ?, ?, ?, ?, ?, ?) RETURNING id]
E       [parameters: ('user0@test.com', 'test_hash', 1, None, None, None, None, 1, 0, None, None, 'cs', 'metric', 'kcal', 0, 'Europe/Prague', 'admin', 0, '2025-07-10 14:54:02.855922', '2025-07-10 14:54:02.855931', 0, 0)]
E       (Background on this error at: https://sqlalche.me/e/20/e3q8)

venv/lib/python3.13/site-packages/sqlalchemy/engine/default.py:943: OperationalError</error></testcase><testcase classname="tests.core.test_database_performance.TestN1QueryDetection" name="test_user_with_sessions_n1_detection" time="0.121"><error message="failed on setup with &quot;sqlalchemy.exc.OperationalError: (sqlite3.OperationalError) unknown function: gen_random_uuid()&#10;[SQL: INSERT INTO auth_users (email, password_hash, email_verified, email_verified_at, verification_token, reset_token, reset_token_expires, is_active, failed_login_attempts, locked_until, last_login, language, unit_system, energy_unit, has_pku, timezone, role, is_archived, created_at, updated_at, recipe_count, trip_count) VALUES (?, ?, ?, ?, ?, ?, ?, ?, ?, ?, ?, ?, ?, ?, ?, ?, ?, ?, ?, ?, ?, ?) RETURNING id]&#10;[parameters: ('user0@test.com', 'test_hash', 1, None, None, None, None, 1, 0, None, None, 'cs', 'metric', 'kcal', 0, 'Europe/Prague', 'admin', 0, '2025-07-10 14:54:04.024119', '2025-07-10 14:54:04.024130', 0, 0)]&#10;(Background on this error at: https://sqlalche.me/e/20/e3q8)&quot;">self = &lt;sqlalchemy.engine.base.Connection object at 0x7f6021d93af0&gt;, dialect = &lt;sqlalchemy.dialects.sqlite.pysqlite.SQLiteDialect_pysqlite object at 0x7f6022043890&gt;
context = &lt;sqlalchemy.dialects.sqlite.base.SQLiteExecutionContext object at 0x7f602136f1d0&gt;

    def _exec_insertmany_context(
        self,
        dialect: Dialect,
        context: ExecutionContext,
    ) -&gt; CursorResult[Any]:
        """continue the _execute_context() method for an "insertmanyvalues"
        operation, which will invoke DBAPI
[...]

src/jidelnicek/core/validators.py:627: RecipeValidationError</failure></testcase><testcase classname="tests.core.test_validators.TestIngredientValidator" name="test_validate_ingredient_name" time="0.002"><failure message="Failed: DID NOT RAISE &lt;class 'jidelnicek.core.validators.IngredientValidationError'&gt;">self = &lt;test_validators.TestIngredientValidator object at 0x7f6022cc0550&gt;

    def test_validate_ingredient_name(self):
        """Test ingredient name validation."""
        assert IngredientValidator.validate_ingredient_name("Flour") == "Flour"
        assert IngredientValidator.validate_ingredient_name("  Sugar  ") == "Sugar"
    
        with pytest.raises(IngredientValidationError) as exc_info:
            IngredientValidator.validate_ingredient_name("")
        assert exc_info.value.code == "required"
    
        with pytest.raises(IngredientValidationError) as exc_info:
            IngredientValidator.validate_ingredient_name("A")
        assert exc_info.value.code == "min_length"
    
&gt;       with pytest.raises(IngredientValidationError) as exc_info:
             ^^^^^^^^^^^^^^^^^^^^^^^^^^^^^^^^^^^^^^^^
E       Failed: DID NOT RAISE &lt;class 'jidelnicek.core.validators.IngredientValidationError'&gt;

tests/core/test_validators.py:260: Failed</failure></testcase><testcase classname="tests.core.test_validators.TestIngredientValidator" name="test_validate_ingredient_brand" time="0.002"><failure message="Failed: DID NOT RAISE &lt;class 'jidelnicek.core.validators.IngredientValidationError'&gt;">self = &lt;test_validators.TestIngredientValidator object at 0x7f6022cc0690&gt;

    def test_validate_ingredient_brand(self):
        """Test ingredient brand validation."""
        assert IngredientValidator.validate_ingredient_brand("") is None
        assert IngredientValidator.validate_ingredient_brand(None) is None
        assert IngredientValidator.validate_ingredient_brand("Organic Co.") == "Organic Co."
    
&gt;       with pytest.raises(IngredientValidationError) as exc_info:
             ^^^^^^^^^^^^^^^^^^^^^^^^^^^^^^^^^^^^^^^^
E       Failed: DID NOT RAISE &lt;class 'jidelnicek.core.validators.IngredientValidationError'&gt;

tests/core/test_validators.py:270: Failed</failure></testcase><testcase classname="tests.core.test_validators.TestIngredientValidator" name="test_validate_ingredient_category" time="0.002"><failure message="Failed: DID NOT RAISE &lt;class 'jidelnicek.core.validators.IngredientValidationError'&gt;">self = &lt;test_validators.TestIngredientValidator object at 0x7f6022e4a3f0&gt;

    def test_validate_ingredient_category(self):
        """Test ingredient category validation."""
        assert IngredientValidator.validate_ingredient_category("") is None
        assert IngredientValidator.validate_ingredient_category("Dairy") == "dairy"
        assert IngredientValidator.validate_ingredient_category("  GRAINS  ") == "grains"
    
&gt;       with pytest.raises(IngredientValidationError) as exc_info:
             ^^^^^^^^^^^^^^^^^^^^^^^^^^^^^^^^^^^^^^^^
E       Failed: DID NOT RAISE &lt;class 'jidelnicek.core.validators.IngredientValidationError'&gt;

tests/core/test_validators.py:280: Failed</failure></testcase><testcase classname="tests.core.test_validators.TestIngredientValidator" name="test_validate_ingredient_barcode" time="0.001" /><testcase classname="tests.core.test_validators.TestIngredientValidator" name="test_validate_allergens" time="0.001" /><testcase classname="tests.core.test_validators.TestIngredientValidator" name="test_validate_dietary_flags" time="0.001" /><testcase classname="tests.core.test_validators.TestIngredientValidator" name="test_validate_unit_conversions" time="0.001" /><testcase classname="tests.core.test_validators.TestNutritionalValidator" name="test_validate_nutritional_data_valid" time="0.001" /><testcase classname="tests.core.test_validators.TestNutritionalValidator" name="test_validate_nutritional_data_missing_required" time="0.001" /><testcase classname="tests.core.test_validators.TestNutritionalValidator" name="test_validate_nutrient_value" time="0.001" /><testcase classname="tests.core.test_validators.TestNutritionalValidator" name="test_validate_vitamin_value" time="0.001" /><testcase classname="tests.core.test_validators.TestNutritionalValidator" name="test_validate_nutritional_consistency" time="0.001" /><testcase classname="tests.core.test_validators.TestQuantityValidator" name="test_validate_quantity_value" time="0.001" /><testcase classname="tests.core.test_validators.TestQuantityValidator" name="test_validate_unit" time="0.001" /><testcase classname="tests.core.test_validators.TestQuantityValidator" name="test_validate_quantity_unit_combination" time="0.001" /><testcase classname="tests.core.test_validators.TestQuantityValidator" name="test_validate_preparation_notes" time="0.001"><failure message="Failed: DID NOT RAISE &lt;class 'jidelnicek.core.validators.QuantityValidationError'&gt;">self = &lt;test_validators.TestQuantityValidator object at 0x7f6022e4a8b0&gt;

    def test_validate_preparation_notes(self):
        """Test preparation notes validation."""
        assert QuantityValidator.validate_preparation_notes("") is None
        assert QuantityValidator.validate_preparation_notes(None) is None
        assert QuantityValidator.validate_preparation_notes("diced") == "diced"
        assert QuantityValidator.validate_preparation_notes("  chopped  ") == "chopped"
    
&gt;       with pytest.raises(QuantityValidationError) as exc_info:
             ^^^^^^^^^^^^^^^^^^^^^^^^^^^^^^^^^^^^^^
E       Failed: DID NOT RAISE &lt;class 'jidelnicek.core.validators.QuantityValidationError'&gt;

tests/core/test_validators.py:474: Failed</failure></testcase><testcase classname="tests.core.test_validators.TestImageValidator" name="test_validate_image_upload_valid" time="0.003" /><testcase classname="tests.core.test_validators.TestImageValidator" name="test_validate_image_upload_invalid_format" time="0.002" /><testcase classname="tests.core.test_validators.TestImageValidator" name="test_validate_image_upload_too_large" time="0.006" /><testcase classname="tests.core.test_validators.TestImageValidator" name="test_validate_image_upload_empty" time="0.001" /><testcase classname="tests.core.test_validators.TestImageValidator" name="test_validate_image_upload_dimensions_too_small" time="0.002" /><testcase classname="tests.core.test_validators.TestImageValidator" name="test_validate_image_upload_dimensions_too_large" time="0.218" /><testcase classname="tests.core.test_validators.TestImageValidator" name="test_validate_image_upload_extreme_aspect_ratio" time="0.003" /><testcase classname="tests.core.test_validators.TestImageValidator" name="test_validate_image_upload_invalid_image_data" time="0.001" /><testcase classname="tests.core.test_validators.TestPermissionValidator" name="test_validate_user_id" time="0.001" /><testcase classname="tests.core.test_validators.TestPermissionValidator" name="test_validate_recipe_ownership" time="0.001" /><testcase classname="tests.core.test_validators.TestPermissionValidator" name="test_validate_recipe_access" time="0.001" /><testcase classname="tests.core.test_validators.TestPermissionValidator" name="test_validate_admin_permission" time="0.001" /><testcase classname="tests.core.test_validators.TestPermissionValidator" name="test_validate_ingredient_ownership" time="0.001" /><testcase classname="tests.core.test_validators.TestPermissionValidator" name="test_validate_recipe_limits" time="0.001" /><testcase classname="tests.core.test_validators.TestPermissionValidator" name="test_validate_user_active" time="0.001" /><testcase classname="tests.core.test_validators.TestPermissionValidator" name="test_validate_email_verified" time="0.001" /><testcase classname="tests.core.test_validators.TestJidelnicekValidator" name="test_validate_recipe_data" time="0.001" /><testcase classname="tests.core.test_validators.TestJidelnicekValidator" name="test_validate_ingredient_data" time="0.001" /><testcase classname="tests.core.test_validators.TestJidelnicekValidator" name="test_validate_recipe_ingredient_data" time="0.001" /><testcase classname="tests.core.test_validators.TestJidelnicekValidator" name="test_validate_user_permissions" time="0.001" /><testcase classname="tests.core.test_validators.TestJidelnicekValidator" name="test_get_validation_summary" time="0.001" /><testcase classname="tests.core.test_validators.TestValidationExceptions" name="test_validation_exception_basic" time="0.001" /><testcase classname="tests.core.test_validators.TestValidationExceptions" name="test_validation_exception_with_details" time="0.001" /><testcase classname="tests.core.test_validators.TestValidationExceptions" name="test_specific_validation_exceptions" time="0.001" /><testcase classname="tests.core.test_validators.TestValidationConstants" name="test_validation_constants_existence" time="0.001" /><testcase classname="tests.core.test_validators.TestValidationConstants" name="test_validation_constants_values" time="0.001" /><testcase classname="tests.core.test_validators.TestValidationConstants" name="test_unit_conversions_consistency" time="0.001" /><testcase classname="tests.core.test_validators.TestValidationConstants" name="test_allergen_types_valid" time="0.001" /><testcase classname="tests.core.test_validators.TestValidationConstants" name="test_dietary_flags_valid" time="0.001" /><testcase classname="tests.core.test_validators.TestValidationConstants" name="test_difficulty_levels_valid" time="0.001" /><testcase classname="tests.core.test_validators.TestValidationConstants" name="test_recipe_categories_valid" time="0.001" /><testcase classname="tests.core.test_validators.TestValidationConstants" name="test_nutritional_ranges_logical" time="0.001" /><testcase classname="tests.core.test_websockets" name="test_connection_manager_connect" time="0.009"><failure message="AttributeError: 'coroutine' object has no attribute 'connect'">connection_manager = &lt;coroutine object connection_manager at 0x7f6020ae0250&gt;, mock_websocket = &lt;Mock spec='WebSocket' id='140050853077616'&gt;

    @pytest.mark.asyncio
    async def test_connection_manager_connect(connection_manager, mock_websocket):
        """Test WebSocket connection."""
        user_id = "123"
        metadata = {"username": "testuser"}
    
&gt;       await connection_manager.connect(mock_websocket, user_id, metadata)
              ^^^^^^^^^^^^^^^^^^^^^^^^^^
E       AttributeError: 'coroutine' object has no attribute 'connect'

tests/core/test_websockets.py:41: AttributeError</failure></testcase><testcase classname="tests.core.test_websockets" name="test_connection_manager_disconnect" time="0.005"><failure message="AttributeError: 'coroutine' object has no attribute 'connect'">connection_manager = &lt;coroutine object connection_manager at 0x7f6020ae05c0&gt;, mock_websocket = &lt;Mock spec='WebSocket' id='140050844908048'&gt;

    @pytest.mark.asyncio
    async def test_connection_manager_disconnect(connection_manager, mock_websocket):
        """Test WebSocket disconnection."""
        user_id = "123"
    
        # First connect
&gt;       await connection_manager.connect(mock_websocket, user_id)
              ^^^^^^^^^^^^^^^^^^^^^^^^^^
E       AttributeError: 'coroutine' object has no attribute 'connect'

tests/core/test_websockets.py:63: AttributeError</failure></testcase><testcase classname="tests.core.test_websockets" name="test_join_leave_room" time="0.004"><failure message="AttributeError: 'coroutine' object has no attribute 'connect'">connection_manager = &lt;coroutine object connection_manager at 0x7f6020ae0930&gt;, mock_websocket = &lt;Mock spec='WebSocket' id='140050853072240'&gt;

    @pytest.mark.asyncio
    async def test_join_leave_room(connection_manager, mock_websocket):
        """Test joining and leaving rooms."""
        user_id = "123"
        room_id = "export:456"
    
&gt;       await connection_manager.connect(mock_websocket, user_id)
              ^^^^^^^^^^^^^^^^^^^^^^^^^^
E       AttributeError: 'coroutine' object has no attribute 'connect'

tests/core/test_websockets.py:83: AttributeError</failure></testcase><testcase classname="tests.core.test_websockets" name="test_broadcast_to_user" time="0.006"><failure message="AttributeError: 'coroutine' object has no attribute 'connect'">connection_manager = &lt;coroutine object connection_manager at 0x7f6020ae0720&gt;, mock_websocket = &lt;Mock spec='WebSocket' id='140050844908048'&gt;

    @pytest.mark.asyncio
    async def test_broadcast_to_user(connection_manager, mock_websocket):
        """Test broadcasting to specific user."""
        user_id = "123"
    
        # Connect multiple websockets for same user
        ws1 = mock_websocket
        ws2 = Mock(spec=WebSocket)
        ws2.application_state = WebSocketState.CONNECTED
        ws2.send_json = AsyncMock()
    
&gt;       await connection_manager.connect(ws1, user_id)
              ^^^^^^^^^^^^^^^^^^^^^^^^^^
E       AttributeError: 'coroutine' object has no attribute 'connect'

tests/core/test_websockets.py:123: AttributeError</failure></testcase><testcase classname="tests.core.test_websockets" name="test_broadcast_to_room" time="0.009"><failure message="AttributeError: 'coroutine' object has no attribute 'connect'">connection_manager = &lt;coroutine object connection_manager at 0x7f6020ae0d50&gt;

    @pytest.mark.asyncio
    async def test_broadcast_to_room(connection_manager):
        """Test broadcasting to room subscribers."""
        room_id = "export:789"
    
        # Create multiple websockets
        ws1 = Mock(spec=WebSocket)
        ws1.application_state = WebSocketState.CONNECTED
        ws1.accept = AsyncMock()
        ws1.send_json = AsyncMock()
    
        ws2 = Mock(spec=WebSocket)
        ws2.application_state = WebSocketState.CONNECTED
        ws2.accept = AsyncMock()
        ws2.send_json = AsyncMock()
    
        ws3 = Mock(spec=WebSocket)
        ws3.application_state = WebSocketState.CONNECTED
        ws3.accept = AsyncMock()
        ws3.send_json = AsyncMock()
    
        # Connect and join room
&gt;       await connection_manager.connect(ws1, "user1")
              ^^^^^^^^^^^^^^^^^^^^^^^^^^
E       AttributeError: 'coroutine' object has no attribute 'connect'

tests/core/test_websockets.py:158: AttributeError</failure></testcase><testcase classname="tests.core.test_websockets" name="test_export_progress_update" time="0.004"><failure message="AttributeError: 'coroutine' object has no attribute 'connect'">connection_manager = &lt;coroutine object connection_manager at 0x7f6020ae10c0&gt;

    @pytest.mark.asyncio
    async def test_export_progress_update(connection_manager):
        """Test sending export progress updates."""
        user_id = "123"
        export_id = "export-456"
    
        ws = Mock(spec=WebSocket)
        ws.application_state = WebSocketState.CONNECTED
        ws.accept = AsyncMock()
        ws.send_json = AsyncMock()
    
&gt;       await connection_manager.connect(ws, user_id)
              ^^^^^^^^^^^^^^^^^^^^^^^^^^
E       AttributeError: 'coroutine' object has no attribute 'connect'

tests/core/test_websockets.py:191: AttributeError</failure></testcase><testcase classname="tests.core.test_websockets" name="test_connection_health_check" time="0.005"><failure message="ValueError: second must be in 0..59">connection_manager = &lt;coroutine object connection_manager at 0x7f6020ae1430&gt;

    @pytest.mark.asyncio
    async def test_connection_health_check(connection_manager):
        """Test stale connection detection."""
        # Create stale and active connections
        stale_ws = Mock(spec=WebSocket)
        stale_ws.application_state = WebSocketState.CONNECTED
    
        active_ws = Mock(spec=WebSocket)
        active_ws.application_state = WebSocketState.CONNECTED
    
        # Set up heartbeat times
        stale_time = datetime.utcnow()
&gt;       stale_time = stale_time.replace(
            second=stale_time.second - 120  # 2 minutes ago
        )
E       ValueError: second must be in 0..59

tests/core/test_websockets.py:231: ValueError</failure></testcase><testcase classname="tests.core.test_websockets" name="test_websocket_endpoint_authentication" time="0.005"><failure message="AttributeError: Mock object has no attribute 'application_state'">@pytest.mark.asyncio
    async def test_websocket_endpoint_authentication():
        """Test WebSocket endpoint authentication."""
        mock_ws = Mock(spec=WebSocket)
        mock_ws.close = AsyncMock()
    
        # Test without token
        with patch('jidelnicek.core.websockets.handlers.get_current_user_ws', return_value=None):
&gt;           await websocket_endpoint(mock_ws, token=None)

tests/core/test_websockets.py:256: 
_ _ _ _ _ _ _ _ _ _ _ _ _ _ _ _ _ _ _ _ _ _ _ _ _ _ _ _ _ _ _ _ _ _ _ _ _ _ _ _ _ _ _ _ _ _ _ _ _ _ _ _ _ _ _ _ _ _ _ _ _ _ _ _ _ _ _ _ _ _ _ _ _ _ _ _ _ _ _ _ _ _ _ _ _ _ _ _ _ _ _ _ _ _ _ _ _ _ _ _ _ _ _ _ _ _ _ _ _ _ _ _ _ _ _ _ _ _ 
src/jidelnicek/core/websockets/handlers.py:143: in websocket_endpoint
    await connection_manager.disconnect(websocket)
src/jidelnicek/core/websockets/connection_manager.py:118: in disconnect
    if websocket.application_state == WebSocketState.CONNECTED:
       ^^^^^^^^^^^^^^^^^^^^^^^^^^^
_ _ _ _ _ _ _ _ _ _ _ _ _ _ _ _ _ _ _ _ _ _ _ _ _ _ _ _ _ _ _ _ _ _ _ _ _ _ _ _ _ _ _ _ _ _ _ _ _ _ _ _ _ _ _ _ _ _ _ _ _ _ _ _ _ _ _ _ _ _ _ _ _ _ _ _ _ _ _ _ _ _ _ _ _ _ _ _ _ _ _ _ _ _ _ _ _ _ _ _ _ _ _ _ _ _ _ _ _ _ _ _ _ _ _ _ _ _ 

self = &lt;Mock spec='WebSocket' id='140050841102592'&gt;, name = 'application_state'

    def __getattr__(self, name):
        if name in {'_mock_methods', '_mock_unsafe'}:
            raise AttributeError(name)
        elif self._mock_methods is not None:
            if name not in self._mock_methods or name in _all_magics:
&gt;               raise AttributeError("Mock object has no attribute %r" % name)
E               AttributeError: Mock object has no attribute 'application_state'

/usr/lib/python3.13/unittest/mock.py:690: AttributeError</failure></testcase><testcase classname="tests.core.test_websockets" name="test_websocket_message_handling" time="0.014" /><testcase classname="tests.core.test_websockets" name="test_heartbeat_handler" time="0.004"><failure message="NameError: name 'asyncio' is not defined. Did you forget to import 'asyncio'?">@pytest.mark.asyncio
    async def test_heartbeat_handler():
        """Test heartbeat handler."""
        mock_ws = Mock(spec=WebSocket)
        mock_ws.application_state = WebSocketState.CONNECTED
        mock_ws.send_json = AsyncMock()
    
        # Run heartbeat handler briefly
&gt;       heartbeat_task = asyncio.create_task(
                         ^^^^^^^
            _heartbeat_handler(mock_ws, "123")
        )
E       NameError: name 'asyncio' is not defined. Did you forget to import 'asyncio'?

tests/core/test_websockets.py:329: NameError</failure></testcase><testcase classname="tests.core.test_websockets" name="test_connection_stats" time="0.006"><failure message="AttributeError: 'coroutine' object has no attribute 'connect'">connection_manager = &lt;coroutine object connection_manager at 0x7f6020ae1f30&gt;

    @pytest.mark.asyncio
    async def test_connection_stats(connection_manager):
        """Test connection statistics."""
        # Set up some connections
&gt;       await connection_manager.connect(Mock(spec=WebSocket, application_state=WebSocketState.CONNECTED), "user1")
              ^^^^^^^^^^^^^^^^^^^^^^^^^^
E       AttributeError: 'coroutine' object has no attribute 'connect'

tests/core/test_websockets.py:352: AttributeError</failure></testcase></testsuite></testsuites>